[ 2016-09-27T21:54:12+08:00 ] 127.0.0.1 /admin.php?c=content
INFO: [ app_init ] --START--
INFO: Run Behavior\BuildLiteBehavior [ RunTime:0.000000s ]
INFO: [ app_init ] --END-- [ RunTime:0.026002s ]
INFO: [ app_begin ] --START--
INFO: Run Behavior\ReadHtmlCacheBehavior [ RunTime:0.001000s ]
INFO: [ app_begin ] --END-- [ RunTime:0.002000s ]
NOTIC: [2048] Declaration of Common\Model\BaseModel::add() should be compatible with Think\Model::add($data = '', $options = Array, $replace = false) D:\wamp\www\tpcms\Application\Common\Model\BaseModel.class.php 第 5 行.
NOTIC: [2048] Declaration of Common\Model\BaseModel::save() should be compatible with Think\Model::save($data = '', $options = Array) D:\wamp\www\tpcms\Application\Common\Model\BaseModel.class.php 第 5 行.
SQL: SHOW COLUMNS FROM `cms_menu` [ RunTime:0.0970s ]
SQL: SELECT * FROM `cms_menu` WHERE ( status != -1 AND type = 1 ) ORDER BY listorder DESC, menu_id DESC  [ RunTime:0.0110s ]
INFO: [ view_parse ] --START--
INFO: [ template_filter ] --START--
INFO: Run Behavior\ContentReplaceBehavior [ RunTime:0.137007s ]
INFO: [ template_filter ] --END-- [ RunTime:0.138007s ]
NOTIC: [8] Undefined variable: new D:\wamp\www\tpcms\Application\Runtime\Cache\Admin\ccc9ced3ad798311a07cb47b740981c5.php 第 150 行.
INFO: Run Behavior\ParseTemplateBehavior [ RunTime:0.247014s ]
INFO: [ view_parse ] --END-- [ RunTime:0.247014s ]
INFO: [ view_filter ] --START--
INFO: Run Behavior\WriteHtmlCacheBehavior [ RunTime:0.001000s ]
INFO: [ view_filter ] --END-- [ RunTime:0.002000s ]
INFO: [ app_end ] --START--
INFO: Run Behavior\ShowPageTraceBehavior [ RunTime:0.002000s ]
INFO: [ app_end ] --END-- [ RunTime:0.003000s ]

[ 2016-09-27T21:55:01+08:00 ] 127.0.0.1 /admin.php?c=content
INFO: [ app_init ] --START--
INFO: Run Behavior\BuildLiteBehavior [ RunTime:0.000000s ]
INFO: [ app_init ] --END-- [ RunTime:0.001000s ]
INFO: [ app_begin ] --START--
INFO: Run Behavior\ReadHtmlCacheBehavior [ RunTime:0.001000s ]
INFO: [ app_begin ] --END-- [ RunTime:0.001000s ]
NOTIC: [2048] Declaration of Common\Model\BaseModel::add() should be compatible with Think\Model::add($data = '', $options = Array, $replace = false) D:\wamp\www\tpcms\Application\Common\Model\BaseModel.class.php 第 5 行.
NOTIC: [2048] Declaration of Common\Model\BaseModel::save() should be compatible with Think\Model::save($data = '', $options = Array) D:\wamp\www\tpcms\Application\Common\Model\BaseModel.class.php 第 5 行.
SQL: SHOW COLUMNS FROM `cms_menu` [ RunTime:0.0170s ]
SQL: SELECT * FROM `cms_menu` WHERE ( status != -1 AND type = 1 ) ORDER BY listorder DESC, menu_id DESC  [ RunTime:0.0010s ]
INFO: [ view_parse ] --START--
INFO: [ template_filter ] --START--
INFO: Run Behavior\ContentReplaceBehavior [ RunTime:0.000000s ]
INFO: [ template_filter ] --END-- [ RunTime:0.001000s ]
NOTIC: [8] Undefined variable: new D:\wamp\www\tpcms\Application\Runtime\Cache\Admin\ccc9ced3ad798311a07cb47b740981c5.php 第 150 行.
INFO: Run Behavior\ParseTemplateBehavior [ RunTime:0.021002s ]
INFO: [ view_parse ] --END-- [ RunTime:0.022002s ]
INFO: [ view_filter ] --START--
INFO: Run Behavior\WriteHtmlCacheBehavior [ RunTime:0.001000s ]
INFO: [ view_filter ] --END-- [ RunTime:0.001000s ]
INFO: [ app_end ] --START--
INFO: Run Behavior\ShowPageTraceBehavior [ RunTime:0.001000s ]
INFO: [ app_end ] --END-- [ RunTime:0.002000s ]

[ 2016-09-27T21:55:04+08:00 ] 127.0.0.1 /admin.php?c=content&a=add
INFO: [ app_init ] --START--
INFO: Run Behavior\BuildLiteBehavior [ RunTime:0.000000s ]
INFO: [ app_init ] --END-- [ RunTime:0.001000s ]
INFO: [ app_begin ] --START--
INFO: Run Behavior\ReadHtmlCacheBehavior [ RunTime:0.001000s ]
INFO: [ app_begin ] --END-- [ RunTime:0.001000s ]
NOTIC: [2048] Declaration of Common\Model\BaseModel::add() should be compatible with Think\Model::add($data = '', $options = Array, $replace = false) D:\wamp\www\tpcms\Application\Common\Model\BaseModel.class.php 第 5 行.
NOTIC: [2048] Declaration of Common\Model\BaseModel::save() should be compatible with Think\Model::save($data = '', $options = Array) D:\wamp\www\tpcms\Application\Common\Model\BaseModel.class.php 第 5 行.
SQL: SHOW COLUMNS FROM `cms_menu` [ RunTime:0.0090s ]
SQL: SELECT * FROM `cms_menu` WHERE ( status != -1 AND type = 1 ) ORDER BY listorder DESC, menu_id DESC  [ RunTime:0.0010s ]
INFO: [ view_parse ] --START--
INFO: [ template_filter ] --START--
INFO: Run Behavior\ContentReplaceBehavior [ RunTime:0.000000s ]
INFO: [ template_filter ] --END-- [ RunTime:0.000000s ]
INFO: Run Behavior\ParseTemplateBehavior [ RunTime:0.035002s ]
INFO: [ view_parse ] --END-- [ RunTime:0.035002s ]
INFO: [ view_filter ] --START--
INFO: Run Behavior\WriteHtmlCacheBehavior [ RunTime:0.000000s ]
INFO: [ view_filter ] --END-- [ RunTime:0.001000s ]
INFO: [ app_end ] --START--
INFO: Run Behavior\ShowPageTraceBehavior [ RunTime:0.000000s ]
INFO: [ app_end ] --END-- [ RunTime:0.002001s ]

[ 2016-09-27T22:09:54+08:00 ] 127.0.0.1 /admin.php?c=content&a=add
INFO: [ app_init ] --START--
INFO: Run Behavior\BuildLiteBehavior [ RunTime:0.000000s ]
INFO: [ app_init ] --END-- [ RunTime:0.000000s ]
INFO: [ app_begin ] --START--
INFO: Run Behavior\ReadHtmlCacheBehavior [ RunTime:0.000000s ]
INFO: [ app_begin ] --END-- [ RunTime:0.001000s ]
NOTIC: [2048] Declaration of Common\Model\BaseModel::add() should be compatible with Think\Model::add($data = '', $options = Array, $replace = false) D:\wamp\www\tpcms\Application\Common\Model\BaseModel.class.php 第 5 行.
NOTIC: [2048] Declaration of Common\Model\BaseModel::save() should be compatible with Think\Model::save($data = '', $options = Array) D:\wamp\www\tpcms\Application\Common\Model\BaseModel.class.php 第 5 行.
SQL: SHOW COLUMNS FROM `cms_menu` [ RunTime:0.0120s ]
SQL: SELECT * FROM `cms_menu` WHERE ( status != -1 AND type = 1 ) ORDER BY listorder DESC, menu_id DESC  [ RunTime:0.0000s ]
INFO: [ view_parse ] --START--
INFO: [ template_filter ] --START--
INFO: Run Behavior\ContentReplaceBehavior [ RunTime:0.000000s ]
INFO: [ template_filter ] --END-- [ RunTime:0.000000s ]
INFO: Run Behavior\ParseTemplateBehavior [ RunTime:0.016001s ]
INFO: [ view_parse ] --END-- [ RunTime:0.016001s ]
INFO: [ view_filter ] --START--
INFO: Run Behavior\WriteHtmlCacheBehavior [ RunTime:0.001000s ]
INFO: [ view_filter ] --END-- [ RunTime:0.001000s ]
INFO: [ app_end ] --START--
INFO: Run Behavior\ShowPageTraceBehavior [ RunTime:0.001000s ]
INFO: [ app_end ] --END-- [ RunTime:0.001000s ]

[ 2016-09-27T22:11:01+08:00 ] 127.0.0.1 /admin.php?c=content&a=add
INFO: [ app_init ] --START--
INFO: Run Behavior\BuildLiteBehavior [ RunTime:0.000000s ]
INFO: [ app_init ] --END-- [ RunTime:0.001000s ]
INFO: [ app_begin ] --START--
INFO: Run Behavior\ReadHtmlCacheBehavior [ RunTime:0.001000s ]
INFO: [ app_begin ] --END-- [ RunTime:0.001000s ]
NOTIC: [2048] Declaration of Common\Model\BaseModel::add() should be compatible with Think\Model::add($data = '', $options = Array, $replace = false) D:\wamp\www\tpcms\Application\Common\Model\BaseModel.class.php 第 5 行.
NOTIC: [2048] Declaration of Common\Model\BaseModel::save() should be compatible with Think\Model::save($data = '', $options = Array) D:\wamp\www\tpcms\Application\Common\Model\BaseModel.class.php 第 5 行.
SQL: SHOW COLUMNS FROM `cms_menu` [ RunTime:0.0110s ]
SQL: SELECT * FROM `cms_menu` WHERE ( status != -1 AND type = 1 ) ORDER BY listorder DESC, menu_id DESC  [ RunTime:0.0010s ]
INFO: [ view_parse ] --START--
INFO: [ template_filter ] --START--
INFO: Run Behavior\ContentReplaceBehavior [ RunTime:0.000000s ]
INFO: [ template_filter ] --END-- [ RunTime:0.000000s ]
INFO: Run Behavior\ParseTemplateBehavior [ RunTime:0.016001s ]
INFO: [ view_parse ] --END-- [ RunTime:0.016001s ]
INFO: [ view_filter ] --START--
INFO: Run Behavior\WriteHtmlCacheBehavior [ RunTime:0.001000s ]
INFO: [ view_filter ] --END-- [ RunTime:0.001000s ]
INFO: [ app_end ] --START--
INFO: Run Behavior\ShowPageTraceBehavior [ RunTime:0.001000s ]
INFO: [ app_end ] --END-- [ RunTime:0.001000s ]

[ 2016-09-27T22:14:06+08:00 ] 127.0.0.1 /admin.php?c=content&a=add
INFO: [ app_init ] --START--
INFO: Run Behavior\BuildLiteBehavior [ RunTime:0.000000s ]
INFO: [ app_init ] --END-- [ RunTime:0.001000s ]
INFO: [ app_begin ] --START--
INFO: Run Behavior\ReadHtmlCacheBehavior [ RunTime:0.001000s ]
INFO: [ app_begin ] --END-- [ RunTime:0.001000s ]
NOTIC: [2048] Declaration of Common\Model\BaseModel::add() should be compatible with Think\Model::add($data = '', $options = Array, $replace = false) D:\wamp\www\tpcms\Application\Common\Model\BaseModel.class.php 第 5 行.
NOTIC: [2048] Declaration of Common\Model\BaseModel::save() should be compatible with Think\Model::save($data = '', $options = Array) D:\wamp\www\tpcms\Application\Common\Model\BaseModel.class.php 第 5 行.
SQL: SHOW COLUMNS FROM `cms_menu` [ RunTime:0.0100s ]
SQL: SELECT * FROM `cms_menu` WHERE ( status != -1 AND type = 1 ) ORDER BY listorder DESC, menu_id DESC  [ RunTime:0.0000s ]
INFO: [ view_parse ] --START--
INFO: [ template_filter ] --START--
INFO: Run Behavior\ContentReplaceBehavior [ RunTime:0.001000s ]
INFO: [ template_filter ] --END-- [ RunTime:0.001000s ]
INFO: Run Behavior\ParseTemplateBehavior [ RunTime:0.017001s ]
INFO: [ view_parse ] --END-- [ RunTime:0.018001s ]
INFO: [ view_filter ] --START--
INFO: Run Behavior\WriteHtmlCacheBehavior [ RunTime:0.000000s ]
INFO: [ view_filter ] --END-- [ RunTime:0.000000s ]
INFO: [ app_end ] --START--
INFO: Run Behavior\ShowPageTraceBehavior [ RunTime:0.001000s ]
INFO: [ app_end ] --END-- [ RunTime:0.001000s ]

[ 2016-09-27T22:16:46+08:00 ] 127.0.0.1 /admin.php?c=image&a=ajaxuploadimage
INFO: [ app_init ] --START--
INFO: Run Behavior\BuildLiteBehavior [ RunTime:0.000000s ]
INFO: [ app_init ] --END-- [ RunTime:0.001000s ]
INFO: [ app_begin ] --START--
INFO: Run Behavior\ReadHtmlCacheBehavior [ RunTime:0.001000s ]
INFO: [ app_begin ] --END-- [ RunTime:0.001000s ]
NOTIC: [8] Use of undefined constant Y - assumed 'Y' D:\wamp\www\tpcms\Application\Common\Model\UploadImageModel.class.php 第 19 行.
NOTIC: [8] Use of undefined constant m - assumed 'm' D:\wamp\www\tpcms\Application\Common\Model\UploadImageModel.class.php 第 19 行.
NOTIC: [8] Use of undefined constant d - assumed 'd' D:\wamp\www\tpcms\Application\Common\Model\UploadImageModel.class.php 第 19 行.
NOTIC: [2] call_user_func() expects parameter 1 to be a valid callback, no array or string given D:\wamp\www\tpcms\ThinkPHP\Library\Think\Upload.class.php 第 170 行.

[ 2016-09-27T22:17:30+08:00 ] 127.0.0.1 /admin.php?c=content&a=add
INFO: [ app_init ] --START--
INFO: Run Behavior\BuildLiteBehavior [ RunTime:0.000000s ]
INFO: [ app_init ] --END-- [ RunTime:0.000000s ]
INFO: [ app_begin ] --START--
INFO: Run Behavior\ReadHtmlCacheBehavior [ RunTime:0.001000s ]
INFO: [ app_begin ] --END-- [ RunTime:0.002000s ]
NOTIC: [2048] Declaration of Common\Model\BaseModel::add() should be compatible with Think\Model::add($data = '', $options = Array, $replace = false) D:\wamp\www\tpcms\Application\Common\Model\BaseModel.class.php 第 5 行.
NOTIC: [2048] Declaration of Common\Model\BaseModel::save() should be compatible with Think\Model::save($data = '', $options = Array) D:\wamp\www\tpcms\Application\Common\Model\BaseModel.class.php 第 5 行.
SQL: SHOW COLUMNS FROM `cms_menu` [ RunTime:0.0100s ]
SQL: SELECT * FROM `cms_menu` WHERE ( status != -1 AND type = 1 ) ORDER BY listorder DESC, menu_id DESC  [ RunTime:0.0010s ]
INFO: [ view_parse ] --START--
INFO: [ template_filter ] --START--
INFO: Run Behavior\ContentReplaceBehavior [ RunTime:0.000000s ]
INFO: [ template_filter ] --END-- [ RunTime:0.000000s ]
INFO: Run Behavior\ParseTemplateBehavior [ RunTime:0.020001s ]
INFO: [ view_parse ] --END-- [ RunTime:0.020001s ]
INFO: [ view_filter ] --START--
INFO: Run Behavior\WriteHtmlCacheBehavior [ RunTime:0.001000s ]
INFO: [ view_filter ] --END-- [ RunTime:0.001000s ]
INFO: [ app_end ] --START--
INFO: Run Behavior\ShowPageTraceBehavior [ RunTime:0.001000s ]
INFO: [ app_end ] --END-- [ RunTime:0.002000s ]

[ 2016-09-27T22:17:35+08:00 ] 127.0.0.1 /admin.php?c=image&a=ajaxuploadimage
INFO: [ app_init ] --START--
INFO: Run Behavior\BuildLiteBehavior [ RunTime:0.000000s ]
INFO: [ app_init ] --END-- [ RunTime:0.001000s ]
INFO: [ app_begin ] --START--
INFO: Run Behavior\ReadHtmlCacheBehavior [ RunTime:0.001000s ]
INFO: [ app_begin ] --END-- [ RunTime:0.001000s ]
NOTIC: [8] Use of undefined constant Y - assumed 'Y' D:\wamp\www\tpcms\Application\Common\Model\UploadImageModel.class.php 第 19 行.
NOTIC: [8] Use of undefined constant m - assumed 'm' D:\wamp\www\tpcms\Application\Common\Model\UploadImageModel.class.php 第 19 行.
NOTIC: [8] Use of undefined constant d - assumed 'd' D:\wamp\www\tpcms\Application\Common\Model\UploadImageModel.class.php 第 19 行.
NOTIC: [2] call_user_func() expects parameter 1 to be a valid callback, no array or string given D:\wamp\www\tpcms\ThinkPHP\Library\Think\Upload.class.php 第 170 行.

[ 2016-09-27T22:17:51+08:00 ] 127.0.0.1 /admin.php?c=image&a=ajaxuploadimage
INFO: [ app_init ] --START--
INFO: Run Behavior\BuildLiteBehavior [ RunTime:0.000000s ]
INFO: [ app_init ] --END-- [ RunTime:0.001000s ]
INFO: [ app_begin ] --START--
INFO: Run Behavior\ReadHtmlCacheBehavior [ RunTime:0.001000s ]
INFO: [ app_begin ] --END-- [ RunTime:0.002000s ]
NOTIC: [8] Use of undefined constant Y - assumed 'Y' D:\wamp\www\tpcms\Application\Common\Model\UploadImageModel.class.php 第 19 行.
NOTIC: [8] Use of undefined constant m - assumed 'm' D:\wamp\www\tpcms\Application\Common\Model\UploadImageModel.class.php 第 19 行.
NOTIC: [8] Use of undefined constant d - assumed 'd' D:\wamp\www\tpcms\Application\Common\Model\UploadImageModel.class.php 第 19 行.
NOTIC: [2] call_user_func() expects parameter 1 to be a valid callback, no array or string given D:\wamp\www\tpcms\ThinkPHP\Library\Think\Upload.class.php 第 170 行.

[ 2016-09-27T22:18:45+08:00 ] 127.0.0.1 /admin.php?c=image&a=ajaxuploadimage
INFO: [ app_init ] --START--
INFO: Run Behavior\BuildLiteBehavior [ RunTime:0.000000s ]
INFO: [ app_init ] --END-- [ RunTime:0.001000s ]
INFO: [ app_begin ] --START--
INFO: Run Behavior\ReadHtmlCacheBehavior [ RunTime:0.001000s ]
INFO: [ app_begin ] --END-- [ RunTime:0.001000s ]
NOTIC: [8] Use of undefined constant Y - assumed 'Y' D:\wamp\www\tpcms\Application\Common\Model\UploadImageModel.class.php 第 19 行.
NOTIC: [8] Use of undefined constant m - assumed 'm' D:\wamp\www\tpcms\Application\Common\Model\UploadImageModel.class.php 第 19 行.
NOTIC: [8] Use of undefined constant d - assumed 'd' D:\wamp\www\tpcms\Application\Common\Model\UploadImageModel.class.php 第 19 行.
NOTIC: [2] call_user_func() expects parameter 1 to be a valid callback, no array or string given D:\wamp\www\tpcms\ThinkPHP\Library\Think\Upload.class.php 第 170 行.

[ 2016-09-27T22:22:08+08:00 ] 127.0.0.1 /admin.php?c=positioncontent
INFO: [ app_init ] --START--
INFO: Run Behavior\BuildLiteBehavior [ RunTime:0.000000s ]
INFO: [ app_init ] --END-- [ RunTime:0.001000s ]
INFO: [ app_begin ] --START--
INFO: Run Behavior\ReadHtmlCacheBehavior [ RunTime:0.001000s ]
INFO: [ app_begin ] --END-- [ RunTime:0.001000s ]
ERR: 无法加载控制器:Positioncontent

[ 2016-09-27T22:26:25+08:00 ] 127.0.0.1 /admin.php?c=content&a=add
INFO: [ app_init ] --START--
INFO: Run Behavior\BuildLiteBehavior [ RunTime:0.000000s ]
INFO: [ app_init ] --END-- [ RunTime:0.001000s ]
INFO: [ app_begin ] --START--
INFO: Run Behavior\ReadHtmlCacheBehavior [ RunTime:0.001001s ]
INFO: [ app_begin ] --END-- [ RunTime:0.001001s ]
NOTIC: [2048] Declaration of Common\Model\BaseModel::add() should be compatible with Think\Model::add($data = '', $options = Array, $replace = false) D:\wamp\www\tpcms\Application\Common\Model\BaseModel.class.php 第 5 行.
NOTIC: [2048] Declaration of Common\Model\BaseModel::save() should be compatible with Think\Model::save($data = '', $options = Array) D:\wamp\www\tpcms\Application\Common\Model\BaseModel.class.php 第 5 行.
SQL: SHOW COLUMNS FROM `cms_menu` [ RunTime:0.0130s ]
SQL: SELECT * FROM `cms_menu` WHERE ( status != -1 AND type = 1 ) ORDER BY listorder DESC, menu_id DESC  [ RunTime:0.0010s ]
INFO: [ view_parse ] --START--
INFO: [ template_filter ] --START--
INFO: Run Behavior\ContentReplaceBehavior [ RunTime:0.000000s ]
INFO: [ template_filter ] --END-- [ RunTime:0.000000s ]
INFO: Run Behavior\ParseTemplateBehavior [ RunTime:0.016001s ]
INFO: [ view_parse ] --END-- [ RunTime:0.017001s ]
INFO: [ view_filter ] --START--
INFO: Run Behavior\WriteHtmlCacheBehavior [ RunTime:0.001000s ]
INFO: [ view_filter ] --END-- [ RunTime:0.001000s ]
INFO: [ app_end ] --START--
INFO: Run Behavior\ShowPageTraceBehavior [ RunTime:0.001001s ]
INFO: [ app_end ] --END-- [ RunTime:0.001001s ]

[ 2016-09-27T22:26:31+08:00 ] 127.0.0.1 /admin.php?c=image&a=ajaxuploadimage
INFO: [ app_init ] --START--
INFO: Run Behavior\BuildLiteBehavior [ RunTime:0.000000s ]
INFO: [ app_init ] --END-- [ RunTime:0.001000s ]
INFO: [ app_begin ] --START--
INFO: Run Behavior\ReadHtmlCacheBehavior [ RunTime:0.001000s ]
INFO: [ app_begin ] --END-- [ RunTime:0.001000s ]
NOTIC: [2048] Declaration of Common\Model\BaseModel::add() should be compatible with Think\Model::add($data = '', $options = Array, $replace = false) D:\wamp\www\tpcms\Application\Common\Model\BaseModel.class.php 第 5 行.
NOTIC: [2048] Declaration of Common\Model\BaseModel::save() should be compatible with Think\Model::save($data = '', $options = Array) D:\wamp\www\tpcms\Application\Common\Model\BaseModel.class.php 第 5 行.
SQL: SHOW COLUMNS FROM `cms_menu` [ RunTime:0.0080s ]
SQL: SELECT * FROM `cms_menu` WHERE ( status != -1 AND type = 1 ) ORDER BY listorder DESC, menu_id DESC  [ RunTime:0.0010s ]
NOTIC: [8] Use of undefined constant Y - assumed 'Y' D:\wamp\www\tpcms\Application\Common\Model\UploadImageModel.class.php 第 19 行.
NOTIC: [8] Use of undefined constant m - assumed 'm' D:\wamp\www\tpcms\Application\Common\Model\UploadImageModel.class.php 第 19 行.
NOTIC: [8] Use of undefined constant d - assumed 'd' D:\wamp\www\tpcms\Application\Common\Model\UploadImageModel.class.php 第 19 行.
NOTIC: [2] call_user_func() expects parameter 1 to be a valid callback, no array or string given D:\wamp\www\tpcms\ThinkPHP\Library\Think\Upload.class.php 第 170 行.

[ 2016-09-27T22:28:55+08:00 ] 127.0.0.1 /admin.php?c=image&a=ajaxuploadimage
INFO: [ app_init ] --START--
INFO: Run Behavior\BuildLiteBehavior [ RunTime:0.000000s ]
INFO: [ app_init ] --END-- [ RunTime:0.001000s ]
INFO: [ app_begin ] --START--
INFO: Run Behavior\ReadHtmlCacheBehavior [ RunTime:0.003000s ]
INFO: [ app_begin ] --END-- [ RunTime:0.003000s ]
NOTIC: [2048] Declaration of Common\Model\BaseModel::add() should be compatible with Think\Model::add($data = '', $options = Array, $replace = false) D:\wamp\www\tpcms\Application\Common\Model\BaseModel.class.php 第 5 行.
NOTIC: [2048] Declaration of Common\Model\BaseModel::save() should be compatible with Think\Model::save($data = '', $options = Array) D:\wamp\www\tpcms\Application\Common\Model\BaseModel.class.php 第 5 行.
SQL: SHOW COLUMNS FROM `cms_menu` [ RunTime:0.0090s ]
SQL: SELECT * FROM `cms_menu` WHERE ( status != -1 AND type = 1 ) ORDER BY listorder DESC, menu_id DESC  [ RunTime:0.0000s ]
NOTIC: [8] Use of undefined constant Y - assumed 'Y' D:\wamp\www\tpcms\Application\Common\Model\UploadImageModel.class.php 第 19 行.
NOTIC: [8] Use of undefined constant m - assumed 'm' D:\wamp\www\tpcms\Application\Common\Model\UploadImageModel.class.php 第 19 行.
NOTIC: [8] Use of undefined constant d - assumed 'd' D:\wamp\www\tpcms\Application\Common\Model\UploadImageModel.class.php 第 19 行.
NOTIC: [2] call_user_func() expects parameter 1 to be a valid callback, no array or string given D:\wamp\www\tpcms\ThinkPHP\Library\Think\Upload.class.php 第 170 行.

[ 2016-09-27T22:29:06+08:00 ] 127.0.0.1 /admin.php?c=image&a=ajaxuploadimage
INFO: [ app_init ] --START--
INFO: Run Behavior\BuildLiteBehavior [ RunTime:0.000000s ]
INFO: [ app_init ] --END-- [ RunTime:0.000000s ]
INFO: [ app_begin ] --START--
INFO: Run Behavior\ReadHtmlCacheBehavior [ RunTime:0.001000s ]
INFO: [ app_begin ] --END-- [ RunTime:0.001000s ]
NOTIC: [2048] Declaration of Common\Model\BaseModel::add() should be compatible with Think\Model::add($data = '', $options = Array, $replace = false) D:\wamp\www\tpcms\Application\Common\Model\BaseModel.class.php 第 5 行.
NOTIC: [2048] Declaration of Common\Model\BaseModel::save() should be compatible with Think\Model::save($data = '', $options = Array) D:\wamp\www\tpcms\Application\Common\Model\BaseModel.class.php 第 5 行.
SQL: SHOW COLUMNS FROM `cms_menu` [ RunTime:0.0150s ]
SQL: SELECT * FROM `cms_menu` WHERE ( status != -1 AND type = 1 ) ORDER BY listorder DESC, menu_id DESC  [ RunTime:0.0010s ]
NOTIC: [8] Use of undefined constant Y - assumed 'Y' D:\wamp\www\tpcms\Application\Common\Model\UploadImageModel.class.php 第 19 行.
NOTIC: [8] Use of undefined constant m - assumed 'm' D:\wamp\www\tpcms\Application\Common\Model\UploadImageModel.class.php 第 19 行.
NOTIC: [8] Use of undefined constant d - assumed 'd' D:\wamp\www\tpcms\Application\Common\Model\UploadImageModel.class.php 第 19 行.
NOTIC: [2] call_user_func() expects parameter 1 to be a valid callback, no array or string given D:\wamp\www\tpcms\ThinkPHP\Library\Think\Upload.class.php 第 170 行.

[ 2016-09-27T22:30:32+08:00 ] 127.0.0.1 /admin.php?c=content&a=add
INFO: [ app_init ] --START--
INFO: Run Behavior\BuildLiteBehavior [ RunTime:0.000000s ]
INFO: [ app_init ] --END-- [ RunTime:0.001000s ]
INFO: [ app_begin ] --START--
INFO: Run Behavior\ReadHtmlCacheBehavior [ RunTime:0.001000s ]
INFO: [ app_begin ] --END-- [ RunTime:0.002000s ]
NOTIC: [2048] Declaration of Common\Model\BaseModel::add() should be compatible with Think\Model::add($data = '', $options = Array, $replace = false) D:\wamp\www\tpcms\Application\Common\Model\BaseModel.class.php 第 5 行.
NOTIC: [2048] Declaration of Common\Model\BaseModel::save() should be compatible with Think\Model::save($data = '', $options = Array) D:\wamp\www\tpcms\Application\Common\Model\BaseModel.class.php 第 5 行.
SQL: SHOW COLUMNS FROM `cms_menu` [ RunTime:0.0140s ]
SQL: SELECT * FROM `cms_menu` WHERE ( status != -1 AND type = 1 ) ORDER BY listorder DESC, menu_id DESC  [ RunTime:0.0020s ]
INFO: [ view_parse ] --START--
INFO: [ template_filter ] --START--
INFO: Run Behavior\ContentReplaceBehavior [ RunTime:0.000000s ]
INFO: [ template_filter ] --END-- [ RunTime:0.001000s ]
INFO: Run Behavior\ParseTemplateBehavior [ RunTime:0.018001s ]
INFO: [ view_parse ] --END-- [ RunTime:0.018001s ]
INFO: [ view_filter ] --START--
INFO: Run Behavior\WriteHtmlCacheBehavior [ RunTime:0.001000s ]
INFO: [ view_filter ] --END-- [ RunTime:0.001000s ]
INFO: [ app_end ] --START--
INFO: Run Behavior\ShowPageTraceBehavior [ RunTime:0.001000s ]
INFO: [ app_end ] --END-- [ RunTime:0.002000s ]

[ 2016-09-27T22:30:34+08:00 ] 127.0.0.1 /admin.php?c=image&a=ajaxuploadimage
INFO: [ app_init ] --START--
INFO: Run Behavior\BuildLiteBehavior [ RunTime:0.000000s ]
INFO: [ app_init ] --END-- [ RunTime:0.001000s ]
INFO: [ app_begin ] --START--
INFO: Run Behavior\ReadHtmlCacheBehavior [ RunTime:0.001000s ]
INFO: [ app_begin ] --END-- [ RunTime:0.001000s ]
NOTIC: [2048] Declaration of Common\Model\BaseModel::add() should be compatible with Think\Model::add($data = '', $options = Array, $replace = false) D:\wamp\www\tpcms\Application\Common\Model\BaseModel.class.php 第 5 行.
NOTIC: [2048] Declaration of Common\Model\BaseModel::save() should be compatible with Think\Model::save($data = '', $options = Array) D:\wamp\www\tpcms\Application\Common\Model\BaseModel.class.php 第 5 行.
SQL: SHOW COLUMNS FROM `cms_menu` [ RunTime:0.0100s ]
SQL: SELECT * FROM `cms_menu` WHERE ( status != -1 AND type = 1 ) ORDER BY listorder DESC, menu_id DESC  [ RunTime:0.0010s ]
NOTIC: [8] Use of undefined constant Y - assumed 'Y' D:\wamp\www\tpcms\Application\Common\Model\UploadImageModel.class.php 第 19 行.
NOTIC: [8] Use of undefined constant m - assumed 'm' D:\wamp\www\tpcms\Application\Common\Model\UploadImageModel.class.php 第 19 行.
NOTIC: [8] Use of undefined constant d - assumed 'd' D:\wamp\www\tpcms\Application\Common\Model\UploadImageModel.class.php 第 19 行.
NOTIC: [2] call_user_func() expects parameter 1 to be a valid callback, no array or string given D:\wamp\www\tpcms\ThinkPHP\Library\Think\Upload.class.php 第 170 行.

[ 2016-09-27T22:34:25+08:00 ] 127.0.0.1 /admin.php?c=content&a=add
INFO: [ app_init ] --START--
INFO: Run Behavior\BuildLiteBehavior [ RunTime:0.000000s ]
INFO: [ app_init ] --END-- [ RunTime:0.001000s ]
INFO: [ app_begin ] --START--
INFO: Run Behavior\ReadHtmlCacheBehavior [ RunTime:0.001000s ]
INFO: [ app_begin ] --END-- [ RunTime:0.001000s ]
NOTIC: [2048] Declaration of Common\Model\BaseModel::add() should be compatible with Think\Model::add($data = '', $options = Array, $replace = false) D:\wamp\www\tpcms\Application\Common\Model\BaseModel.class.php 第 5 行.
NOTIC: [2048] Declaration of Common\Model\BaseModel::save() should be compatible with Think\Model::save($data = '', $options = Array) D:\wamp\www\tpcms\Application\Common\Model\BaseModel.class.php 第 5 行.
SQL: SHOW COLUMNS FROM `cms_menu` [ RunTime:0.0090s ]
SQL: SELECT * FROM `cms_menu` WHERE ( status != -1 AND type = 1 ) ORDER BY listorder DESC, menu_id DESC  [ RunTime:0.0010s ]
INFO: [ view_parse ] --START--
INFO: [ template_filter ] --START--
INFO: Run Behavior\ContentReplaceBehavior [ RunTime:0.000000s ]
INFO: [ template_filter ] --END-- [ RunTime:0.000000s ]
INFO: Run Behavior\ParseTemplateBehavior [ RunTime:0.017001s ]
INFO: [ view_parse ] --END-- [ RunTime:0.017001s ]
INFO: [ view_filter ] --START--
INFO: Run Behavior\WriteHtmlCacheBehavior [ RunTime:0.001000s ]
INFO: [ view_filter ] --END-- [ RunTime:0.001000s ]
INFO: [ app_end ] --START--
INFO: Run Behavior\ShowPageTraceBehavior [ RunTime:0.001001s ]
INFO: [ app_end ] --END-- [ RunTime:0.002001s ]

[ 2016-09-27T22:34:30+08:00 ] 127.0.0.1 /admin.php?c=image&a=ajaxuploadimage
INFO: [ app_init ] --START--
INFO: Run Behavior\BuildLiteBehavior [ RunTime:0.000000s ]
INFO: [ app_init ] --END-- [ RunTime:0.001000s ]
INFO: [ app_begin ] --START--
INFO: Run Behavior\ReadHtmlCacheBehavior [ RunTime:0.001000s ]
INFO: [ app_begin ] --END-- [ RunTime:0.001000s ]
NOTIC: [2048] Declaration of Common\Model\BaseModel::add() should be compatible with Think\Model::add($data = '', $options = Array, $replace = false) D:\wamp\www\tpcms\Application\Common\Model\BaseModel.class.php 第 5 行.
NOTIC: [2048] Declaration of Common\Model\BaseModel::save() should be compatible with Think\Model::save($data = '', $options = Array) D:\wamp\www\tpcms\Application\Common\Model\BaseModel.class.php 第 5 行.
SQL: SHOW COLUMNS FROM `cms_menu` [ RunTime:0.0090s ]
SQL: SELECT * FROM `cms_menu` WHERE ( status != -1 AND type = 1 ) ORDER BY listorder DESC, menu_id DESC  [ RunTime:0.0010s ]
NOTIC: [8] Use of undefined constant Y - assumed 'Y' D:\wamp\www\tpcms\Application\Common\Model\UploadImageModel.class.php 第 19 行.
NOTIC: [8] Use of undefined constant m - assumed 'm' D:\wamp\www\tpcms\Application\Common\Model\UploadImageModel.class.php 第 19 行.
NOTIC: [8] Use of undefined constant d - assumed 'd' D:\wamp\www\tpcms\Application\Common\Model\UploadImageModel.class.php 第 19 行.
NOTIC: [2] call_user_func() expects parameter 1 to be a valid callback, no array or string given D:\wamp\www\tpcms\ThinkPHP\Library\Think\Upload.class.php 第 170 行.

[ 2016-09-27T22:35:19+08:00 ] 127.0.0.1 /admin.php?c=positioncontent
INFO: [ app_init ] --START--
INFO: Run Behavior\BuildLiteBehavior [ RunTime:0.000000s ]
INFO: [ app_init ] --END-- [ RunTime:0.001001s ]
INFO: [ app_begin ] --START--
INFO: Run Behavior\ReadHtmlCacheBehavior [ RunTime:0.001000s ]
INFO: [ app_begin ] --END-- [ RunTime:0.001000s ]
ERR: 无法加载控制器:Positioncontent

[ 2016-09-27T22:35:25+08:00 ] 127.0.0.1 /admin.php?c=image&a=ajaxuploadimage
INFO: [ app_init ] --START--
INFO: Run Behavior\BuildLiteBehavior [ RunTime:0.000000s ]
INFO: [ app_init ] --END-- [ RunTime:0.000000s ]
INFO: [ app_begin ] --START--
INFO: Run Behavior\ReadHtmlCacheBehavior [ RunTime:0.001000s ]
INFO: [ app_begin ] --END-- [ RunTime:0.002000s ]
NOTIC: [2048] Declaration of Common\Model\BaseModel::add() should be compatible with Think\Model::add($data = '', $options = Array, $replace = false) D:\wamp\www\tpcms\Application\Common\Model\BaseModel.class.php 第 5 行.
NOTIC: [2048] Declaration of Common\Model\BaseModel::save() should be compatible with Think\Model::save($data = '', $options = Array) D:\wamp\www\tpcms\Application\Common\Model\BaseModel.class.php 第 5 行.
SQL: SHOW COLUMNS FROM `cms_menu` [ RunTime:0.0100s ]
SQL: SELECT * FROM `cms_menu` WHERE ( status != -1 AND type = 1 ) ORDER BY listorder DESC, menu_id DESC  [ RunTime:0.0010s ]
NOTIC: [8] Use of undefined constant Y - assumed 'Y' D:\wamp\www\tpcms\Application\Common\Model\UploadImageModel.class.php 第 19 行.
NOTIC: [8] Use of undefined constant m - assumed 'm' D:\wamp\www\tpcms\Application\Common\Model\UploadImageModel.class.php 第 19 行.
NOTIC: [8] Use of undefined constant d - assumed 'd' D:\wamp\www\tpcms\Application\Common\Model\UploadImageModel.class.php 第 19 行.
NOTIC: [2] call_user_func() expects parameter 1 to be a valid callback, no array or string given D:\wamp\www\tpcms\ThinkPHP\Library\Think\Upload.class.php 第 170 行.

[ 2016-09-27T22:35:50+08:00 ] 127.0.0.1 /admin.php?c=content&a=add
INFO: [ app_init ] --START--
INFO: Run Behavior\BuildLiteBehavior [ RunTime:0.000000s ]
INFO: [ app_init ] --END-- [ RunTime:0.001000s ]
INFO: [ app_begin ] --START--
INFO: Run Behavior\ReadHtmlCacheBehavior [ RunTime:0.002000s ]
INFO: [ app_begin ] --END-- [ RunTime:0.002000s ]
NOTIC: [2048] Declaration of Common\Model\BaseModel::add() should be compatible with Think\Model::add($data = '', $options = Array, $replace = false) D:\wamp\www\tpcms\Application\Common\Model\BaseModel.class.php 第 5 行.
NOTIC: [2048] Declaration of Common\Model\BaseModel::save() should be compatible with Think\Model::save($data = '', $options = Array) D:\wamp\www\tpcms\Application\Common\Model\BaseModel.class.php 第 5 行.
SQL: SHOW COLUMNS FROM `cms_menu` [ RunTime:0.0110s ]
SQL: SELECT * FROM `cms_menu` WHERE ( status != -1 AND type = 1 ) ORDER BY listorder DESC, menu_id DESC  [ RunTime:0.0000s ]
INFO: [ view_parse ] --START--
INFO: [ template_filter ] --START--
INFO: Run Behavior\ContentReplaceBehavior [ RunTime:0.000000s ]
INFO: [ template_filter ] --END-- [ RunTime:0.000000s ]
INFO: Run Behavior\ParseTemplateBehavior [ RunTime:0.017001s ]
INFO: [ view_parse ] --END-- [ RunTime:0.019001s ]
INFO: [ view_filter ] --START--
INFO: Run Behavior\WriteHtmlCacheBehavior [ RunTime:0.001000s ]
INFO: [ view_filter ] --END-- [ RunTime:0.001000s ]
INFO: [ app_end ] --START--
INFO: Run Behavior\ShowPageTraceBehavior [ RunTime:0.003000s ]
INFO: [ app_end ] --END-- [ RunTime:0.003000s ]

[ 2016-09-27T22:35:52+08:00 ] 127.0.0.1 /admin.php?c=image&a=ajaxuploadimage
INFO: [ app_init ] --START--
INFO: Run Behavior\BuildLiteBehavior [ RunTime:0.000000s ]
INFO: [ app_init ] --END-- [ RunTime:0.001000s ]
INFO: [ app_begin ] --START--
INFO: Run Behavior\ReadHtmlCacheBehavior [ RunTime:0.001001s ]
INFO: [ app_begin ] --END-- [ RunTime:0.001001s ]
NOTIC: [2048] Declaration of Common\Model\BaseModel::add() should be compatible with Think\Model::add($data = '', $options = Array, $replace = false) D:\wamp\www\tpcms\Application\Common\Model\BaseModel.class.php 第 5 行.
NOTIC: [2048] Declaration of Common\Model\BaseModel::save() should be compatible with Think\Model::save($data = '', $options = Array) D:\wamp\www\tpcms\Application\Common\Model\BaseModel.class.php 第 5 行.
SQL: SHOW COLUMNS FROM `cms_menu` [ RunTime:0.0090s ]
SQL: SELECT * FROM `cms_menu` WHERE ( status != -1 AND type = 1 ) ORDER BY listorder DESC, menu_id DESC  [ RunTime:0.0010s ]
NOTIC: [8] Use of undefined constant Y - assumed 'Y' D:\wamp\www\tpcms\Application\Common\Model\UploadImageModel.class.php 第 19 行.
NOTIC: [8] Use of undefined constant m - assumed 'm' D:\wamp\www\tpcms\Application\Common\Model\UploadImageModel.class.php 第 19 行.
NOTIC: [8] Use of undefined constant d - assumed 'd' D:\wamp\www\tpcms\Application\Common\Model\UploadImageModel.class.php 第 19 行.
NOTIC: [2] call_user_func() expects parameter 1 to be a valid callback, no array or string given D:\wamp\www\tpcms\ThinkPHP\Library\Think\Upload.class.php 第 170 行.

[ 2016-09-27T22:36:08+08:00 ] 127.0.0.1 /admin.php?c=positioncontent
INFO: [ app_init ] --START--
INFO: Run Behavior\BuildLiteBehavior [ RunTime:0.000000s ]
INFO: [ app_init ] --END-- [ RunTime:0.000000s ]
INFO: [ app_begin ] --START--
INFO: Run Behavior\ReadHtmlCacheBehavior [ RunTime:0.002000s ]
INFO: [ app_begin ] --END-- [ RunTime:0.002000s ]
ERR: 无法加载控制器:Positioncontent

[ 2016-09-27T22:36:12+08:00 ] 127.0.0.1 /admin.php?c=image&a=ajaxuploadimage
INFO: [ app_init ] --START--
INFO: Run Behavior\BuildLiteBehavior [ RunTime:0.000000s ]
INFO: [ app_init ] --END-- [ RunTime:0.001000s ]
INFO: [ app_begin ] --START--
INFO: Run Behavior\ReadHtmlCacheBehavior [ RunTime:0.002000s ]
INFO: [ app_begin ] --END-- [ RunTime:0.002000s ]
NOTIC: [2048] Declaration of Common\Model\BaseModel::add() should be compatible with Think\Model::add($data = '', $options = Array, $replace = false) D:\wamp\www\tpcms\Application\Common\Model\BaseModel.class.php 第 5 行.
NOTIC: [2048] Declaration of Common\Model\BaseModel::save() should be compatible with Think\Model::save($data = '', $options = Array) D:\wamp\www\tpcms\Application\Common\Model\BaseModel.class.php 第 5 行.
SQL: SHOW COLUMNS FROM `cms_menu` [ RunTime:0.0110s ]
SQL: SELECT * FROM `cms_menu` WHERE ( status != -1 AND type = 1 ) ORDER BY listorder DESC, menu_id DESC  [ RunTime:0.0010s ]
NOTIC: [8] Use of undefined constant Y - assumed 'Y' D:\wamp\www\tpcms\Application\Common\Model\UploadImageModel.class.php 第 19 行.
NOTIC: [8] Use of undefined constant m - assumed 'm' D:\wamp\www\tpcms\Application\Common\Model\UploadImageModel.class.php 第 19 行.
NOTIC: [8] Use of undefined constant d - assumed 'd' D:\wamp\www\tpcms\Application\Common\Model\UploadImageModel.class.php 第 19 行.
NOTIC: [2] call_user_func() expects parameter 1 to be a valid callback, no array or string given D:\wamp\www\tpcms\ThinkPHP\Library\Think\Upload.class.php 第 170 行.

[ 2016-09-27T22:38:02+08:00 ] 127.0.0.1 /admin.php?c=content&a=add
INFO: [ app_init ] --START--
INFO: Run Behavior\BuildLiteBehavior [ RunTime:0.000000s ]
INFO: [ app_init ] --END-- [ RunTime:0.000000s ]
INFO: [ app_begin ] --START--
INFO: Run Behavior\ReadHtmlCacheBehavior [ RunTime:0.001000s ]
INFO: [ app_begin ] --END-- [ RunTime:0.001000s ]
NOTIC: [2048] Declaration of Common\Model\BaseModel::add() should be compatible with Think\Model::add($data = '', $options = Array, $replace = false) D:\wamp\www\tpcms\Application\Common\Model\BaseModel.class.php 第 5 行.
NOTIC: [2048] Declaration of Common\Model\BaseModel::save() should be compatible with Think\Model::save($data = '', $options = Array) D:\wamp\www\tpcms\Application\Common\Model\BaseModel.class.php 第 5 行.
SQL: SHOW COLUMNS FROM `cms_menu` [ RunTime:0.0110s ]
SQL: SELECT * FROM `cms_menu` WHERE ( status != -1 AND type = 1 ) ORDER BY listorder DESC, menu_id DESC  [ RunTime:0.0010s ]
INFO: [ view_parse ] --START--
INFO: [ template_filter ] --START--
INFO: Run Behavior\ContentReplaceBehavior [ RunTime:0.000000s ]
INFO: [ template_filter ] --END-- [ RunTime:0.001000s ]
INFO: Run Behavior\ParseTemplateBehavior [ RunTime:0.021001s ]
INFO: [ view_parse ] --END-- [ RunTime:0.021001s ]
INFO: [ view_filter ] --START--
INFO: Run Behavior\WriteHtmlCacheBehavior [ RunTime:0.001000s ]
INFO: [ view_filter ] --END-- [ RunTime:0.001000s ]
INFO: [ app_end ] --START--
INFO: Run Behavior\ShowPageTraceBehavior [ RunTime:0.001000s ]
INFO: [ app_end ] --END-- [ RunTime:0.002000s ]

