[ 2016-09-24T21:23:13+08:00 ] 127.0.0.1 /admin.php?c=content
INFO: [ app_init ] --START--
INFO: Run Behavior\BuildLiteBehavior [ RunTime:0.001000s ]
INFO: [ app_init ] --END-- [ RunTime:0.060004s ]
INFO: [ app_begin ] --START--
INFO: Run Behavior\ReadHtmlCacheBehavior [ RunTime:0.012001s ]
INFO: [ app_begin ] --END-- [ RunTime:0.014001s ]
NOTIC: [2048] Declaration of Common\Model\BaseModel::add() should be compatible with Think\Model::add($data = '', $options = Array, $replace = false) D:\wamp\www\tpcms\Application\Common\Model\BaseModel.class.php 第 5 行.
NOTIC: [2048] Declaration of Common\Model\BaseModel::save() should be compatible with Think\Model::save($data = '', $options = Array) D:\wamp\www\tpcms\Application\Common\Model\BaseModel.class.php 第 5 行.
SQL: SHOW COLUMNS FROM `cms_menu` [ RunTime:0.5000s ]
SQL: SELECT * FROM `cms_menu` WHERE ( status != -1 AND type = 1 ) ORDER BY listorder DESC, menu_id DESC  [ RunTime:0.1010s ]
INFO: [ view_parse ] --START--
INFO: [ template_filter ] --START--
INFO: Run Behavior\ContentReplaceBehavior [ RunTime:0.010001s ]
INFO: [ template_filter ] --END-- [ RunTime:0.011001s ]
NOTIC: [8] Undefined variable: new D:\wamp\www\tpcms\Application\Runtime\Cache\Admin\ccc9ced3ad798311a07cb47b740981c5.php 第 150 行.
INFO: Run Behavior\ParseTemplateBehavior [ RunTime:0.169010s ]
INFO: [ view_parse ] --END-- [ RunTime:0.170010s ]
INFO: [ view_filter ] --START--
INFO: Run Behavior\WriteHtmlCacheBehavior [ RunTime:0.012001s ]
INFO: [ view_filter ] --END-- [ RunTime:0.013001s ]
INFO: [ app_end ] --START--
INFO: Run Behavior\ShowPageTraceBehavior [ RunTime:0.001000s ]
INFO: [ app_end ] --END-- [ RunTime:0.002000s ]

[ 2016-09-24T21:23:24+08:00 ] 127.0.0.1 /admin.php?c=content
INFO: [ app_init ] --START--
INFO: Run Behavior\BuildLiteBehavior [ RunTime:0.000000s ]
INFO: [ app_init ] --END-- [ RunTime:0.041002s ]
INFO: [ app_begin ] --START--
INFO: Run Behavior\ReadHtmlCacheBehavior [ RunTime:0.001000s ]
INFO: [ app_begin ] --END-- [ RunTime:0.001000s ]
NOTIC: [2048] Declaration of Common\Model\BaseModel::add() should be compatible with Think\Model::add($data = '', $options = Array, $replace = false) D:\wamp\www\tpcms\Application\Common\Model\BaseModel.class.php 第 5 行.
NOTIC: [2048] Declaration of Common\Model\BaseModel::save() should be compatible with Think\Model::save($data = '', $options = Array) D:\wamp\www\tpcms\Application\Common\Model\BaseModel.class.php 第 5 行.
SQL: SHOW COLUMNS FROM `cms_menu` [ RunTime:0.0100s ]
SQL: SELECT * FROM `cms_menu` WHERE ( status != -1 AND type = 1 ) ORDER BY listorder DESC, menu_id DESC  [ RunTime:0.0000s ]
INFO: [ view_parse ] --START--
INFO: [ template_filter ] --START--
INFO: Run Behavior\ContentReplaceBehavior [ RunTime:0.000000s ]
INFO: [ template_filter ] --END-- [ RunTime:0.000000s ]
NOTIC: [8] Undefined variable: new D:\wamp\www\tpcms\Application\Runtime\Cache\Admin\ccc9ced3ad798311a07cb47b740981c5.php 第 150 行.
INFO: Run Behavior\ParseTemplateBehavior [ RunTime:0.017001s ]
INFO: [ view_parse ] --END-- [ RunTime:0.017001s ]
INFO: [ view_filter ] --START--
INFO: Run Behavior\WriteHtmlCacheBehavior [ RunTime:0.000000s ]
INFO: [ view_filter ] --END-- [ RunTime:0.001000s ]
INFO: [ app_end ] --START--
INFO: Run Behavior\ShowPageTraceBehavior [ RunTime:0.001000s ]
INFO: [ app_end ] --END-- [ RunTime:0.001000s ]

[ 2016-09-24T21:23:26+08:00 ] 127.0.0.1 /admin.php?c=menu
INFO: [ app_init ] --START--
INFO: Run Behavior\BuildLiteBehavior [ RunTime:0.000000s ]
INFO: [ app_init ] --END-- [ RunTime:0.001000s ]
INFO: [ app_begin ] --START--
INFO: Run Behavior\ReadHtmlCacheBehavior [ RunTime:0.001000s ]
INFO: [ app_begin ] --END-- [ RunTime:0.001000s ]
NOTIC: [2048] Declaration of Common\Model\BaseModel::add() should be compatible with Think\Model::add($data = '', $options = Array, $replace = false) D:\wamp\www\tpcms\Application\Common\Model\BaseModel.class.php 第 5 行.
NOTIC: [2048] Declaration of Common\Model\BaseModel::save() should be compatible with Think\Model::save($data = '', $options = Array) D:\wamp\www\tpcms\Application\Common\Model\BaseModel.class.php 第 5 行.
SQL: SHOW COLUMNS FROM `cms_menu` [ RunTime:0.0100s ]
SQL: SELECT * FROM `cms_menu` WHERE ( status != -1 AND type = 1 ) ORDER BY listorder DESC, menu_id DESC  [ RunTime:0.0020s ]
SQL: SELECT COUNT(*) AS tp_count FROM `cms_menu` WHERE (  1=1 AND status != -1  ) LIMIT 1   [ RunTime:0.0180s ]
SQL: SELECT * FROM `cms_menu` WHERE (  1=1 AND status != -1  ) ORDER BY menu_id DESC LIMIT 0,10   [ RunTime:0.0010s ]
INFO: [ view_parse ] --START--
INFO: [ template_filter ] --START--
INFO: Run Behavior\ContentReplaceBehavior [ RunTime:0.000000s ]
INFO: [ template_filter ] --END-- [ RunTime:0.001000s ]
NOTIC: [8] Undefined variable: nav D:\wamp\www\tpcms\Application\Runtime\Cache\Admin\b956215329b6f9aca22277599a4efdfc.php 第 96 行.
INFO: Run Behavior\ParseTemplateBehavior [ RunTime:0.029002s ]
INFO: [ view_parse ] --END-- [ RunTime:0.029002s ]
INFO: [ view_filter ] --START--
INFO: Run Behavior\WriteHtmlCacheBehavior [ RunTime:0.001000s ]
INFO: [ view_filter ] --END-- [ RunTime:0.001000s ]
INFO: [ app_end ] --START--
INFO: Run Behavior\ShowPageTraceBehavior [ RunTime:0.001000s ]
INFO: [ app_end ] --END-- [ RunTime:0.001000s ]

[ 2016-09-24T21:23:29+08:00 ] 127.0.0.1 /admin.php?c=content
INFO: [ app_init ] --START--
INFO: Run Behavior\BuildLiteBehavior [ RunTime:0.000000s ]
INFO: [ app_init ] --END-- [ RunTime:0.000000s ]
INFO: [ app_begin ] --START--
INFO: Run Behavior\ReadHtmlCacheBehavior [ RunTime:0.001000s ]
INFO: [ app_begin ] --END-- [ RunTime:0.001000s ]
NOTIC: [2048] Declaration of Common\Model\BaseModel::add() should be compatible with Think\Model::add($data = '', $options = Array, $replace = false) D:\wamp\www\tpcms\Application\Common\Model\BaseModel.class.php 第 5 行.
NOTIC: [2048] Declaration of Common\Model\BaseModel::save() should be compatible with Think\Model::save($data = '', $options = Array) D:\wamp\www\tpcms\Application\Common\Model\BaseModel.class.php 第 5 行.
SQL: SHOW COLUMNS FROM `cms_menu` [ RunTime:0.0090s ]
SQL: SELECT * FROM `cms_menu` WHERE ( status != -1 AND type = 1 ) ORDER BY listorder DESC, menu_id DESC  [ RunTime:0.0010s ]
INFO: [ view_parse ] --START--
INFO: [ template_filter ] --START--
INFO: Run Behavior\ContentReplaceBehavior [ RunTime:0.000000s ]
INFO: [ template_filter ] --END-- [ RunTime:0.000000s ]
NOTIC: [8] Undefined variable: new D:\wamp\www\tpcms\Application\Runtime\Cache\Admin\ccc9ced3ad798311a07cb47b740981c5.php 第 150 行.
INFO: Run Behavior\ParseTemplateBehavior [ RunTime:0.015001s ]
INFO: [ view_parse ] --END-- [ RunTime:0.015001s ]
INFO: [ view_filter ] --START--
INFO: Run Behavior\WriteHtmlCacheBehavior [ RunTime:0.001000s ]
INFO: [ view_filter ] --END-- [ RunTime:0.001000s ]
INFO: [ app_end ] --START--
INFO: Run Behavior\ShowPageTraceBehavior [ RunTime:0.001000s ]
INFO: [ app_end ] --END-- [ RunTime:0.001000s ]

