[ 2016-11-05T13:51:02+08:00 ] 127.0.0.1 /admin.php?c=Content
INFO: [ app_init ] --START--
INFO: Run Behavior\BuildLiteBehavior [ RunTime:0.000000s ]
INFO: [ app_init ] --END-- [ RunTime:0.059004s ]
INFO: [ app_begin ] --START--
INFO: Run Behavior\ReadHtmlCacheBehavior [ RunTime:0.018001s ]
INFO: [ app_begin ] --END-- [ RunTime:0.019001s ]
NOTIC: [2048] Declaration of Common\Model\BaseModel::add() should be compatible with Think\Model::add($data = '', $options = Array, $replace = false) D:\wamp\www\tpcms\Application\Common\Model\BaseModel.class.php 第 5 行.
NOTIC: [2048] Declaration of Common\Model\BaseModel::save() should be compatible with Think\Model::save($data = '', $options = Array) D:\wamp\www\tpcms\Application\Common\Model\BaseModel.class.php 第 5 行.
SQL: SHOW COLUMNS FROM `cms_menu` [ RunTime:0.4910s ]
SQL: SELECT * FROM `cms_menu` WHERE ( status != -1 AND type = 1 ) ORDER BY listorder DESC, menu_id DESC  [ RunTime:0.1120s ]
SQL: SELECT `menu_id`,`name` FROM `cms_menu` WHERE `status` = 1 AND `type` = 0 ORDER BY `listorder` DESC,menu_id DESC  [ RunTime:0.0020s ]
SQL: SHOW COLUMNS FROM `cms_position` [ RunTime:0.3030s ]
SQL: SELECT * FROM `cms_position` WHERE `status` <> -1 ORDER BY id DESC  [ RunTime:0.0050s ]
SQL: SHOW COLUMNS FROM `cms_news` [ RunTime:0.3100s ]
SQL: SELECT COUNT(*) AS tp_count FROM `cms_news` WHERE (  1=1 AND status != -1  ) LIMIT 1   [ RunTime:0.0020s ]
SQL: SELECT * FROM `cms_news` WHERE (  1=1 AND status != -1  ) ORDER BY news_id DESC,listorder DESC LIMIT 0,10   [ RunTime:0.1160s ]
INFO: [ view_parse ] --START--
INFO: [ template_filter ] --START--
INFO: Run Behavior\ContentReplaceBehavior [ RunTime:0.080004s ]
INFO: [ template_filter ] --END-- [ RunTime:0.080004s ]
NOTIC: [8] Undefined variable: posid D:\wamp\www\tpcms\Application\Runtime\Cache\Admin\ccc9ced3ad798311a07cb47b740981c5.php 第 190 行.
NOTIC: [8] Undefined variable: posid D:\wamp\www\tpcms\Application\Runtime\Cache\Admin\ccc9ced3ad798311a07cb47b740981c5.php 第 191 行.
NOTIC: [8] Undefined variable: posid D:\wamp\www\tpcms\Application\Runtime\Cache\Admin\ccc9ced3ad798311a07cb47b740981c5.php 第 191 行.
NOTIC: [8] Undefined variable: posid D:\wamp\www\tpcms\Application\Runtime\Cache\Admin\ccc9ced3ad798311a07cb47b740981c5.php 第 191 行.
INFO: Run Behavior\ParseTemplateBehavior [ RunTime:0.331019s ]
INFO: [ view_parse ] --END-- [ RunTime:0.331019s ]
INFO: [ view_filter ] --START--
INFO: Run Behavior\WriteHtmlCacheBehavior [ RunTime:0.034002s ]
INFO: [ view_filter ] --END-- [ RunTime:0.034002s ]
INFO: [ app_end ] --START--
INFO: Run Behavior\ShowPageTraceBehavior [ RunTime:0.005000s ]
INFO: [ app_end ] --END-- [ RunTime:0.006000s ]

