[ 2016-11-13T20:41:54+08:00 ] 127.0.0.1 /
INFO: [ app_init ] --START--
INFO: Run Behavior\BuildLiteBehavior [ RunTime:0.000000s ]
INFO: [ app_init ] --END-- [ RunTime:0.055003s ]
INFO: [ app_begin ] --START--
INFO: Run Behavior\ReadHtmlCacheBehavior [ RunTime:0.001000s ]
INFO: [ app_begin ] --END-- [ RunTime:0.001000s ]
NOTIC: [2048] Declaration of Common\Model\BaseModel::add() should be compatible with Think\Model::add($data = '', $options = Array, $replace = false) D:\wamp\www\tpcms\Application\Common\Model\BaseModel.class.php 第 5 行.
NOTIC: [2048] Declaration of Common\Model\BaseModel::save() should be compatible with Think\Model::save($data = '', $options = Array) D:\wamp\www\tpcms\Application\Common\Model\BaseModel.class.php 第 5 行.
SQL: SHOW COLUMNS FROM `cms_menu` [ RunTime:0.1600s ]
SQL: SELECT `menu_id`,`name` FROM `cms_menu` WHERE `status` = 1 AND `type` = 0 ORDER BY `listorder` DESC,menu_id DESC  [ RunTime:0.0270s ]
SQL: SHOW COLUMNS FROM `cms_position_content` [ RunTime:0.0520s ]
SQL: SELECT `news_id`,`title`,`thumb` FROM `cms_position_content` WHERE `position_id` = 2 AND `status` = 1 ORDER BY listorder DESC LIMIT 1   [ RunTime:0.0170s ]
SQL: SELECT `news_id`,`title`,`thumb` FROM `cms_position_content` WHERE `position_id` = 3 AND `status` = 1 ORDER BY listorder DESC LIMIT 3   [ RunTime:0.0000s ]
SQL: SHOW COLUMNS FROM `cms_news` [ RunTime:0.0340s ]
SQL: SELECT `news_id`,`title`,`thumb`,`description`,`keywords`,`create_time` FROM `cms_news` WHERE `status` = 1 AND `thumb` <> '' ORDER BY listorder DESC LIMIT 10   [ RunTime:0.0050s ]
SQL: SELECT `news_id`,`title`,`description` FROM `cms_news` WHERE `status` = 1 ORDER BY count DESC, listorder Desc LIMIT 10   [ RunTime:0.0010s ]
SQL: SELECT `news_id`,`thumb` FROM `cms_position_content` WHERE `position_id` = 5 AND `status` = 1 ORDER BY listorder DESC LIMIT 2   [ RunTime:0.0010s ]
INFO: [ view_parse ] --START--
INFO: [ template_filter ] --START--
INFO: Run Behavior\ContentReplaceBehavior [ RunTime:0.030002s ]
INFO: [ template_filter ] --END-- [ RunTime:0.031002s ]
NOTIC: [8] Undefined index: id D:\wamp\www\tpcms\Application\Runtime\Cache\Home\2a94b8bda04ff446dcedd42276fc99ee.php 第 21 行.
NOTIC: [8] Undefined index: id D:\wamp\www\tpcms\Application\Runtime\Cache\Home\2a94b8bda04ff446dcedd42276fc99ee.php 第 22 行.
NOTIC: [8] Undefined index: id D:\wamp\www\tpcms\Application\Runtime\Cache\Home\2a94b8bda04ff446dcedd42276fc99ee.php 第 22 行.
NOTIC: [8] Undefined index: id D:\wamp\www\tpcms\Application\Runtime\Cache\Home\2a94b8bda04ff446dcedd42276fc99ee.php 第 22 行.
NOTIC: [8] Undefined index: id D:\wamp\www\tpcms\Application\Runtime\Cache\Home\2a94b8bda04ff446dcedd42276fc99ee.php 第 22 行.
NOTIC: [8] Undefined index: id D:\wamp\www\tpcms\Application\Runtime\Cache\Home\2a94b8bda04ff446dcedd42276fc99ee.php 第 22 行.
INFO: Run Behavior\ParseTemplateBehavior [ RunTime:0.227013s ]
INFO: [ view_parse ] --END-- [ RunTime:0.228013s ]
INFO: [ view_filter ] --START--
INFO: Run Behavior\WriteHtmlCacheBehavior [ RunTime:0.017001s ]
INFO: [ view_filter ] --END-- [ RunTime:0.018002s ]
INFO: [ app_end ] --START--
INFO: Run Behavior\ShowPageTraceBehavior [ RunTime:0.025001s ]
INFO: [ app_end ] --END-- [ RunTime:0.025001s ]

[ 2016-11-13T21:02:34+08:00 ] 127.0.0.1 /
INFO: [ app_init ] --START--
INFO: Run Behavior\BuildLiteBehavior [ RunTime:0.000000s ]
INFO: [ app_init ] --END-- [ RunTime:0.001000s ]
INFO: [ app_begin ] --START--
INFO: Run Behavior\ReadHtmlCacheBehavior [ RunTime:0.001000s ]
INFO: [ app_begin ] --END-- [ RunTime:0.001000s ]
NOTIC: [2048] Declaration of Common\Model\BaseModel::add() should be compatible with Think\Model::add($data = '', $options = Array, $replace = false) D:\wamp\www\tpcms\Application\Common\Model\BaseModel.class.php 第 5 行.
NOTIC: [2048] Declaration of Common\Model\BaseModel::save() should be compatible with Think\Model::save($data = '', $options = Array) D:\wamp\www\tpcms\Application\Common\Model\BaseModel.class.php 第 5 行.
SQL: SHOW COLUMNS FROM `cms_menu` [ RunTime:0.0190s ]
SQL: SELECT `menu_id`,`name` FROM `cms_menu` WHERE `status` = 1 AND `type` = 0 ORDER BY `listorder` DESC,menu_id DESC  [ RunTime:0.0190s ]
SQL: SHOW COLUMNS FROM `cms_position_content` [ RunTime:0.0090s ]
SQL: SELECT `news_id`,`title`,`thumb` FROM `cms_position_content` WHERE `position_id` = 2 AND `status` = 1 ORDER BY listorder DESC LIMIT 1   [ RunTime:0.0080s ]
SQL: SELECT `news_id`,`title`,`thumb` FROM `cms_position_content` WHERE `position_id` = 3 AND `status` = 1 ORDER BY listorder DESC LIMIT 3   [ RunTime:0.0020s ]
SQL: SHOW COLUMNS FROM `cms_news` [ RunTime:0.0110s ]
SQL: SELECT `news_id`,`title`,`thumb`,`description`,`keywords`,`create_time` FROM `cms_news` WHERE `status` = 1 AND `thumb` <> '' ORDER BY listorder DESC LIMIT 10   [ RunTime:0.0460s ]
SQL: SELECT `news_id`,`title`,`description` FROM `cms_news` WHERE `status` = 1 ORDER BY count DESC, listorder Desc LIMIT 10   [ RunTime:0.0020s ]
SQL: SELECT `news_id`,`thumb` FROM `cms_position_content` WHERE `position_id` = 5 AND `status` = 1 ORDER BY listorder DESC LIMIT 2   [ RunTime:0.0020s ]
INFO: [ view_parse ] --START--
INFO: [ template_filter ] --START--
INFO: Run Behavior\ContentReplaceBehavior [ RunTime:0.000000s ]
INFO: [ template_filter ] --END-- [ RunTime:0.001000s ]
NOTIC: [8] Undefined index: id D:\wamp\www\tpcms\Application\Runtime\Cache\Home\2a94b8bda04ff446dcedd42276fc99ee.php 第 21 行.
NOTIC: [8] Undefined index: id D:\wamp\www\tpcms\Application\Runtime\Cache\Home\2a94b8bda04ff446dcedd42276fc99ee.php 第 22 行.
NOTIC: [8] Undefined index: id D:\wamp\www\tpcms\Application\Runtime\Cache\Home\2a94b8bda04ff446dcedd42276fc99ee.php 第 22 行.
NOTIC: [8] Undefined index: id D:\wamp\www\tpcms\Application\Runtime\Cache\Home\2a94b8bda04ff446dcedd42276fc99ee.php 第 22 行.
NOTIC: [8] Undefined index: id D:\wamp\www\tpcms\Application\Runtime\Cache\Home\2a94b8bda04ff446dcedd42276fc99ee.php 第 22 行.
NOTIC: [8] Undefined index: id D:\wamp\www\tpcms\Application\Runtime\Cache\Home\2a94b8bda04ff446dcedd42276fc99ee.php 第 22 行.
INFO: Run Behavior\ParseTemplateBehavior [ RunTime:0.045002s ]
INFO: [ view_parse ] --END-- [ RunTime:0.045002s ]
INFO: [ view_filter ] --START--
INFO: Run Behavior\WriteHtmlCacheBehavior [ RunTime:0.001000s ]
INFO: [ view_filter ] --END-- [ RunTime:0.001000s ]
INFO: [ app_end ] --START--
INFO: Run Behavior\ShowPageTraceBehavior [ RunTime:0.001000s ]
INFO: [ app_end ] --END-- [ RunTime:0.001000s ]

[ 2016-11-13T21:02:58+08:00 ] 127.0.0.1 /?c=Index&a=detail&id=23
INFO: [ app_init ] --START--
INFO: Run Behavior\BuildLiteBehavior [ RunTime:0.000000s ]
INFO: [ app_init ] --END-- [ RunTime:0.001000s ]
INFO: [ app_begin ] --START--
INFO: Run Behavior\ReadHtmlCacheBehavior [ RunTime:0.001000s ]
INFO: [ app_begin ] --END-- [ RunTime:0.001000s ]
NOTIC: [2048] Declaration of Common\Model\BaseModel::add() should be compatible with Think\Model::add($data = '', $options = Array, $replace = false) D:\wamp\www\tpcms\Application\Common\Model\BaseModel.class.php 第 5 行.
NOTIC: [2048] Declaration of Common\Model\BaseModel::save() should be compatible with Think\Model::save($data = '', $options = Array) D:\wamp\www\tpcms\Application\Common\Model\BaseModel.class.php 第 5 行.
SQL: SHOW COLUMNS FROM `cms_menu` [ RunTime:0.0080s ]
SQL: SELECT `menu_id`,`name` FROM `cms_menu` WHERE `status` = 1 AND `type` = 0 ORDER BY `listorder` DESC,menu_id DESC  [ RunTime:0.0020s ]
SQL: SHOW COLUMNS FROM `cms_news` [ RunTime:0.0080s ]
SQL: SELECT `title` FROM `cms_news` WHERE `news_id` = 23 LIMIT 1   [ RunTime:0.0010s ]
SQL: SHOW COLUMNS FROM `cms_news_content` [ RunTime:0.2040s ]
SQL: SELECT `content` FROM `cms_news_content` WHERE `news_id` = 23 LIMIT 1   [ RunTime:0.0110s ]
SQL: UPDATE `cms_news` SET `count`=count+1 WHERE `news_id` = 23 [ RunTime:0.0510s ]
SQL: SELECT `news_id`,`title`,`description` FROM `cms_news` WHERE `status` = 1 ORDER BY count DESC, listorder Desc LIMIT 10   [ RunTime:0.0020s ]
SQL: SHOW COLUMNS FROM `cms_position_content` [ RunTime:0.0130s ]
SQL: SELECT `news_id`,`thumb` FROM `cms_position_content` WHERE `position_id` = 5 AND `status` = 1 ORDER BY listorder DESC LIMIT 2   [ RunTime:0.0020s ]
INFO: [ view_parse ] --START--
INFO: [ template_filter ] --START--
INFO: Run Behavior\ContentReplaceBehavior [ RunTime:0.000000s ]
INFO: [ template_filter ] --END-- [ RunTime:0.000000s ]
INFO: Run Behavior\ParseTemplateBehavior [ RunTime:0.026002s ]
INFO: [ view_parse ] --END-- [ RunTime:0.028002s ]
INFO: [ view_filter ] --START--
INFO: Run Behavior\WriteHtmlCacheBehavior [ RunTime:0.000000s ]
INFO: [ view_filter ] --END-- [ RunTime:0.000000s ]
INFO: [ app_end ] --START--
INFO: Run Behavior\ShowPageTraceBehavior [ RunTime:0.000000s ]
INFO: [ app_end ] --END-- [ RunTime:0.001000s ]

[ 2016-11-13T21:03:08+08:00 ] 127.0.0.1 /?c=Index&a=build_html
INFO: [ app_init ] --START--
INFO: Run Behavior\BuildLiteBehavior [ RunTime:0.000000s ]
INFO: [ app_init ] --END-- [ RunTime:0.000000s ]
INFO: [ app_begin ] --START--
INFO: Run Behavior\ReadHtmlCacheBehavior [ RunTime:0.001000s ]
INFO: [ app_begin ] --END-- [ RunTime:0.001000s ]
NOTIC: [2048] Declaration of Common\Model\BaseModel::add() should be compatible with Think\Model::add($data = '', $options = Array, $replace = false) D:\wamp\www\tpcms\Application\Common\Model\BaseModel.class.php 第 5 行.
NOTIC: [2048] Declaration of Common\Model\BaseModel::save() should be compatible with Think\Model::save($data = '', $options = Array) D:\wamp\www\tpcms\Application\Common\Model\BaseModel.class.php 第 5 行.
SQL: SHOW COLUMNS FROM `cms_menu` [ RunTime:0.0130s ]
SQL: SELECT `menu_id`,`name` FROM `cms_menu` WHERE `status` = 1 AND `type` = 0 ORDER BY `listorder` DESC,menu_id DESC  [ RunTime:0.0010s ]
SQL: SHOW COLUMNS FROM `cms_position_content` [ RunTime:0.0110s ]
SQL: SELECT `news_id`,`title`,`thumb` FROM `cms_position_content` WHERE `position_id` = 2 AND `status` = 1 ORDER BY listorder DESC LIMIT 1   [ RunTime:0.0010s ]
SQL: SELECT `news_id`,`title`,`thumb` FROM `cms_position_content` WHERE `position_id` = 3 AND `status` = 1 ORDER BY listorder DESC LIMIT 3   [ RunTime:0.0010s ]
SQL: SHOW COLUMNS FROM `cms_news` [ RunTime:0.0070s ]
SQL: SELECT `news_id`,`title`,`thumb`,`description`,`keywords`,`create_time` FROM `cms_news` WHERE `status` = 1 AND `thumb` <> '' ORDER BY listorder DESC LIMIT 10   [ RunTime:0.0010s ]
SQL: SELECT `news_id`,`title`,`description` FROM `cms_news` WHERE `status` = 1 ORDER BY count DESC, listorder Desc LIMIT 10   [ RunTime:0.0010s ]
SQL: SELECT `news_id`,`thumb` FROM `cms_position_content` WHERE `position_id` = 5 AND `status` = 1 ORDER BY listorder DESC LIMIT 2   [ RunTime:0.0010s ]
SQL: SELECT `news_id`,`title`,`thumb` FROM `cms_position_content` WHERE `position_id` = 2 AND `status` = 1 ORDER BY listorder DESC LIMIT 1   [ RunTime:0.0000s ]
SQL: SELECT `news_id`,`title`,`thumb` FROM `cms_position_content` WHERE `position_id` = 3 AND `status` = 1 ORDER BY listorder DESC LIMIT 3   [ RunTime:0.0010s ]
SQL: SELECT `news_id`,`title`,`thumb`,`description`,`keywords`,`create_time` FROM `cms_news` WHERE `status` = 1 AND `thumb` <> '' ORDER BY listorder DESC LIMIT 10   [ RunTime:0.0020s ]
SQL: SELECT `news_id`,`title`,`description` FROM `cms_news` WHERE `status` = 1 ORDER BY count DESC, listorder Desc LIMIT 10   [ RunTime:0.0000s ]
SQL: SELECT `news_id`,`thumb` FROM `cms_position_content` WHERE `position_id` = 5 AND `status` = 1 ORDER BY listorder DESC LIMIT 2   [ RunTime:0.0010s ]
SQL: SELECT `news_id`,`title`,`thumb` FROM `cms_position_content` WHERE `position_id` = 2 AND `status` = 1 ORDER BY listorder DESC LIMIT 1   [ RunTime:0.0000s ]
SQL: SELECT `news_id`,`title`,`thumb` FROM `cms_position_content` WHERE `position_id` = 3 AND `status` = 1 ORDER BY listorder DESC LIMIT 3   [ RunTime:0.0010s ]
SQL: SELECT `news_id`,`title`,`thumb`,`description`,`keywords`,`create_time` FROM `cms_news` WHERE `status` = 1 AND `thumb` <> '' ORDER BY listorder DESC LIMIT 10   [ RunTime:0.0010s ]
SQL: SELECT `news_id`,`title`,`description` FROM `cms_news` WHERE `status` = 1 ORDER BY count DESC, listorder Desc LIMIT 10   [ RunTime:0.0010s ]
SQL: SELECT `news_id`,`thumb` FROM `cms_position_content` WHERE `position_id` = 5 AND `status` = 1 ORDER BY listorder DESC LIMIT 2   [ RunTime:0.0000s ]
SQL: SELECT `news_id`,`title`,`thumb` FROM `cms_position_content` WHERE `position_id` = 2 AND `status` = 1 ORDER BY listorder DESC LIMIT 1   [ RunTime:0.0010s ]
SQL: SELECT `news_id`,`title`,`thumb` FROM `cms_position_content` WHERE `position_id` = 3 AND `status` = 1 ORDER BY listorder DESC LIMIT 3   [ RunTime:0.0010s ]
SQL: SELECT `news_id`,`title`,`thumb`,`description`,`keywords`,`create_time` FROM `cms_news` WHERE `status` = 1 AND `thumb` <> '' ORDER BY listorder DESC LIMIT 10   [ RunTime:0.0010s ]
SQL: SELECT `news_id`,`title`,`description` FROM `cms_news` WHERE `status` = 1 ORDER BY count DESC, listorder Desc LIMIT 10   [ RunTime:0.0010s ]
SQL: SELECT `news_id`,`thumb` FROM `cms_position_content` WHERE `position_id` = 5 AND `status` = 1 ORDER BY listorder DESC LIMIT 2   [ RunTime:0.0010s ]
SQL: SELECT `news_id`,`title`,`thumb` FROM `cms_position_content` WHERE `position_id` = 2 AND `status` = 1 ORDER BY listorder DESC LIMIT 1   [ RunTime:0.0000s ]
SQL: SELECT `news_id`,`title`,`thumb` FROM `cms_position_content` WHERE `position_id` = 3 AND `status` = 1 ORDER BY listorder DESC LIMIT 3   [ RunTime:0.0010s ]
SQL: SELECT `news_id`,`title`,`thumb`,`description`,`keywords`,`create_time` FROM `cms_news` WHERE `status` = 1 AND `thumb` <> '' ORDER BY listorder DESC LIMIT 10   [ RunTime:0.0010s ]
SQL: SELECT `news_id`,`title`,`description` FROM `cms_news` WHERE `status` = 1 ORDER BY count DESC, listorder Desc LIMIT 10   [ RunTime:0.0010s ]
SQL: SELECT `news_id`,`thumb` FROM `cms_position_content` WHERE `position_id` = 5 AND `status` = 1 ORDER BY listorder DESC LIMIT 2   [ RunTime:0.0010s ]
SQL: SELECT `news_id`,`title`,`thumb` FROM `cms_position_content` WHERE `position_id` = 2 AND `status` = 1 ORDER BY listorder DESC LIMIT 1   [ RunTime:0.0010s ]
SQL: SELECT `news_id`,`title`,`thumb` FROM `cms_position_content` WHERE `position_id` = 3 AND `status` = 1 ORDER BY listorder DESC LIMIT 3   [ RunTime:0.0000s ]
SQL: SELECT `news_id`,`title`,`thumb`,`description`,`keywords`,`create_time` FROM `cms_news` WHERE `status` = 1 AND `thumb` <> '' ORDER BY listorder DESC LIMIT 10   [ RunTime:0.0010s ]
SQL: SELECT `news_id`,`title`,`description` FROM `cms_news` WHERE `status` = 1 ORDER BY count DESC, listorder Desc LIMIT 10   [ RunTime:0.0010s ]
SQL: SELECT `news_id`,`thumb` FROM `cms_position_content` WHERE `position_id` = 5 AND `status` = 1 ORDER BY listorder DESC LIMIT 2   [ RunTime:0.0000s ]
SQL: SELECT `news_id`,`title`,`thumb` FROM `cms_position_content` WHERE `position_id` = 2 AND `status` = 1 ORDER BY listorder DESC LIMIT 1   [ RunTime:0.0010s ]
SQL: SELECT `news_id`,`title`,`thumb` FROM `cms_position_content` WHERE `position_id` = 3 AND `status` = 1 ORDER BY listorder DESC LIMIT 3   [ RunTime:0.0000s ]
SQL: SELECT `news_id`,`title`,`thumb`,`description`,`keywords`,`create_time` FROM `cms_news` WHERE `status` = 1 AND `thumb` <> '' ORDER BY listorder DESC LIMIT 10   [ RunTime:0.0010s ]
SQL: SELECT `news_id`,`title`,`description` FROM `cms_news` WHERE `status` = 1 ORDER BY count DESC, listorder Desc LIMIT 10   [ RunTime:0.0010s ]
SQL: SELECT `news_id`,`thumb` FROM `cms_position_content` WHERE `position_id` = 5 AND `status` = 1 ORDER BY listorder DESC LIMIT 2   [ RunTime:0.0000s ]
SQL: SELECT `news_id`,`title`,`thumb` FROM `cms_position_content` WHERE `position_id` = 2 AND `status` = 1 ORDER BY listorder DESC LIMIT 1   [ RunTime:0.0000s ]
SQL: SELECT `news_id`,`title`,`thumb` FROM `cms_position_content` WHERE `position_id` = 3 AND `status` = 1 ORDER BY listorder DESC LIMIT 3   [ RunTime:0.0010s ]
SQL: SELECT `news_id`,`title`,`thumb`,`description`,`keywords`,`create_time` FROM `cms_news` WHERE `status` = 1 AND `thumb` <> '' ORDER BY listorder DESC LIMIT 10   [ RunTime:0.0010s ]
SQL: SELECT `news_id`,`title`,`description` FROM `cms_news` WHERE `status` = 1 ORDER BY count DESC, listorder Desc LIMIT 10   [ RunTime:0.0010s ]
SQL: SELECT `news_id`,`thumb` FROM `cms_position_content` WHERE `position_id` = 5 AND `status` = 1 ORDER BY listorder DESC LIMIT 2   [ RunTime:0.0010s ]
SQL: SELECT `news_id`,`title`,`thumb` FROM `cms_position_content` WHERE `position_id` = 2 AND `status` = 1 ORDER BY listorder DESC LIMIT 1   [ RunTime:0.0000s ]
SQL: SELECT `news_id`,`title`,`thumb` FROM `cms_position_content` WHERE `position_id` = 3 AND `status` = 1 ORDER BY listorder DESC LIMIT 3   [ RunTime:0.0010s ]
SQL: SELECT `news_id`,`title`,`thumb`,`description`,`keywords`,`create_time` FROM `cms_news` WHERE `status` = 1 AND `thumb` <> '' ORDER BY listorder DESC LIMIT 10   [ RunTime:0.0010s ]
SQL: SELECT `news_id`,`title`,`description` FROM `cms_news` WHERE `status` = 1 ORDER BY count DESC, listorder Desc LIMIT 10   [ RunTime:0.0000s ]
SQL: SELECT `news_id`,`thumb` FROM `cms_position_content` WHERE `position_id` = 5 AND `status` = 1 ORDER BY listorder DESC LIMIT 2   [ RunTime:0.0000s ]
SQL: SELECT `news_id`,`title`,`thumb` FROM `cms_position_content` WHERE `position_id` = 2 AND `status` = 1 ORDER BY listorder DESC LIMIT 1   [ RunTime:0.0010s ]
SQL: SELECT `news_id`,`title`,`thumb` FROM `cms_position_content` WHERE `position_id` = 3 AND `status` = 1 ORDER BY listorder DESC LIMIT 3   [ RunTime:0.0010s ]
SQL: SELECT `news_id`,`title`,`thumb`,`description`,`keywords`,`create_time` FROM `cms_news` WHERE `status` = 1 AND `thumb` <> '' ORDER BY listorder DESC LIMIT 10   [ RunTime:0.0010s ]
SQL: SELECT `news_id`,`title`,`description` FROM `cms_news` WHERE `status` = 1 ORDER BY count DESC, listorder Desc LIMIT 10   [ RunTime:0.0000s ]
SQL: SELECT `news_id`,`thumb` FROM `cms_position_content` WHERE `position_id` = 5 AND `status` = 1 ORDER BY listorder DESC LIMIT 2   [ RunTime:0.0000s ]
SQL: SELECT `news_id`,`title`,`thumb` FROM `cms_position_content` WHERE `position_id` = 2 AND `status` = 1 ORDER BY listorder DESC LIMIT 1   [ RunTime:0.0010s ]
SQL: SELECT `news_id`,`title`,`thumb` FROM `cms_position_content` WHERE `position_id` = 3 AND `status` = 1 ORDER BY listorder DESC LIMIT 3   [ RunTime:0.0010s ]
SQL: SELECT `news_id`,`title`,`thumb`,`description`,`keywords`,`create_time` FROM `cms_news` WHERE `status` = 1 AND `thumb` <> '' ORDER BY listorder DESC LIMIT 10   [ RunTime:0.0010s ]
SQL: SELECT `news_id`,`title`,`description` FROM `cms_news` WHERE `status` = 1 ORDER BY count DESC, listorder Desc LIMIT 10   [ RunTime:0.0000s ]
SQL: SELECT `news_id`,`thumb` FROM `cms_position_content` WHERE `position_id` = 5 AND `status` = 1 ORDER BY listorder DESC LIMIT 2   [ RunTime:0.0010s ]
SQL: SELECT `news_id`,`title`,`thumb` FROM `cms_position_content` WHERE `position_id` = 2 AND `status` = 1 ORDER BY listorder DESC LIMIT 1   [ RunTime:0.0000s ]
SQL: SELECT `news_id`,`title`,`thumb` FROM `cms_position_content` WHERE `position_id` = 3 AND `status` = 1 ORDER BY listorder DESC LIMIT 3   [ RunTime:0.0010s ]
SQL: SELECT `news_id`,`title`,`thumb`,`description`,`keywords`,`create_time` FROM `cms_news` WHERE `status` = 1 AND `thumb` <> '' ORDER BY listorder DESC LIMIT 10   [ RunTime:0.0010s ]
SQL: SELECT `news_id`,`title`,`description` FROM `cms_news` WHERE `status` = 1 ORDER BY count DESC, listorder Desc LIMIT 10   [ RunTime:0.0010s ]
SQL: SELECT `news_id`,`thumb` FROM `cms_position_content` WHERE `position_id` = 5 AND `status` = 1 ORDER BY listorder DESC LIMIT 2   [ RunTime:0.0010s ]
SQL: SELECT `news_id`,`title`,`thumb` FROM `cms_position_content` WHERE `position_id` = 2 AND `status` = 1 ORDER BY listorder DESC LIMIT 1   [ RunTime:0.0000s ]
SQL: SELECT `news_id`,`title`,`thumb` FROM `cms_position_content` WHERE `position_id` = 3 AND `status` = 1 ORDER BY listorder DESC LIMIT 3   [ RunTime:0.0010s ]
SQL: SELECT `news_id`,`title`,`thumb`,`description`,`keywords`,`create_time` FROM `cms_news` WHERE `status` = 1 AND `thumb` <> '' ORDER BY listorder DESC LIMIT 10   [ RunTime:0.0010s ]
SQL: SELECT `news_id`,`title`,`description` FROM `cms_news` WHERE `status` = 1 ORDER BY count DESC, listorder Desc LIMIT 10   [ RunTime:0.0000s ]
SQL: SELECT `news_id`,`thumb` FROM `cms_position_content` WHERE `position_id` = 5 AND `status` = 1 ORDER BY listorder DESC LIMIT 2   [ RunTime:0.0000s ]
SQL: SELECT `news_id`,`title`,`thumb` FROM `cms_position_content` WHERE `position_id` = 2 AND `status` = 1 ORDER BY listorder DESC LIMIT 1   [ RunTime:0.0010s ]
SQL: SELECT `news_id`,`title`,`thumb` FROM `cms_position_content` WHERE `position_id` = 3 AND `status` = 1 ORDER BY listorder DESC LIMIT 3   [ RunTime:0.0010s ]
SQL: SELECT `news_id`,`title`,`thumb`,`description`,`keywords`,`create_time` FROM `cms_news` WHERE `status` = 1 AND `thumb` <> '' ORDER BY listorder DESC LIMIT 10   [ RunTime:0.0010s ]
SQL: SELECT `news_id`,`title`,`description` FROM `cms_news` WHERE `status` = 1 ORDER BY count DESC, listorder Desc LIMIT 10   [ RunTime:0.0010s ]
SQL: SELECT `news_id`,`thumb` FROM `cms_position_content` WHERE `position_id` = 5 AND `status` = 1 ORDER BY listorder DESC LIMIT 2   [ RunTime:0.0010s ]
SQL: SELECT `news_id`,`title`,`thumb` FROM `cms_position_content` WHERE `position_id` = 2 AND `status` = 1 ORDER BY listorder DESC LIMIT 1   [ RunTime:0.0000s ]
SQL: SELECT `news_id`,`title`,`thumb` FROM `cms_position_content` WHERE `position_id` = 3 AND `status` = 1 ORDER BY listorder DESC LIMIT 3   [ RunTime:0.0000s ]
SQL: SELECT `news_id`,`title`,`thumb`,`description`,`keywords`,`create_time` FROM `cms_news` WHERE `status` = 1 AND `thumb` <> '' ORDER BY listorder DESC LIMIT 10   [ RunTime:0.0010s ]
SQL: SELECT `news_id`,`title`,`description` FROM `cms_news` WHERE `status` = 1 ORDER BY count DESC, listorder Desc LIMIT 10   [ RunTime:0.0010s ]
SQL: SELECT `news_id`,`thumb` FROM `cms_position_content` WHERE `position_id` = 5 AND `status` = 1 ORDER BY listorder DESC LIMIT 2   [ RunTime:0.0010s ]
SQL: SELECT `news_id`,`title`,`thumb` FROM `cms_position_content` WHERE `position_id` = 2 AND `status` = 1 ORDER BY listorder DESC LIMIT 1   [ RunTime:0.0010s ]
SQL: SELECT `news_id`,`title`,`thumb` FROM `cms_position_content` WHERE `position_id` = 3 AND `status` = 1 ORDER BY listorder DESC LIMIT 3   [ RunTime:0.0000s ]
SQL: SELECT `news_id`,`title`,`thumb`,`description`,`keywords`,`create_time` FROM `cms_news` WHERE `status` = 1 AND `thumb` <> '' ORDER BY listorder DESC LIMIT 10   [ RunTime:0.0010s ]
SQL: SELECT `news_id`,`title`,`description` FROM `cms_news` WHERE `status` = 1 ORDER BY count DESC, listorder Desc LIMIT 10   [ RunTime:0.0000s ]
SQL: SELECT `news_id`,`thumb` FROM `cms_position_content` WHERE `position_id` = 5 AND `status` = 1 ORDER BY listorder DESC LIMIT 2   [ RunTime:0.0000s ]
SQL: SELECT `news_id`,`title`,`thumb` FROM `cms_position_content` WHERE `position_id` = 2 AND `status` = 1 ORDER BY listorder DESC LIMIT 1   [ RunTime:0.0010s ]
SQL: SELECT `news_id`,`title`,`thumb` FROM `cms_position_content` WHERE `position_id` = 3 AND `status` = 1 ORDER BY listorder DESC LIMIT 3   [ RunTime:0.0000s ]
SQL: SELECT `news_id`,`title`,`thumb`,`description`,`keywords`,`create_time` FROM `cms_news` WHERE `status` = 1 AND `thumb` <> '' ORDER BY listorder DESC LIMIT 10   [ RunTime:0.0010s ]
SQL: SELECT `news_id`,`title`,`description` FROM `cms_news` WHERE `status` = 1 ORDER BY count DESC, listorder Desc LIMIT 10   [ RunTime:0.0010s ]
SQL: SELECT `news_id`,`thumb` FROM `cms_position_content` WHERE `position_id` = 5 AND `status` = 1 ORDER BY listorder DESC LIMIT 2   [ RunTime:0.0000s ]
SQL: SELECT `news_id`,`title`,`thumb` FROM `cms_position_content` WHERE `position_id` = 2 AND `status` = 1 ORDER BY listorder DESC LIMIT 1   [ RunTime:0.0010s ]
SQL: SELECT `news_id`,`title`,`thumb` FROM `cms_position_content` WHERE `position_id` = 3 AND `status` = 1 ORDER BY listorder DESC LIMIT 3   [ RunTime:0.0000s ]
SQL: SELECT `news_id`,`title`,`thumb`,`description`,`keywords`,`create_time` FROM `cms_news` WHERE `status` = 1 AND `thumb` <> '' ORDER BY listorder DESC LIMIT 10   [ RunTime:0.0010s ]
SQL: SELECT `news_id`,`title`,`description` FROM `cms_news` WHERE `status` = 1 ORDER BY count DESC, listorder Desc LIMIT 10   [ RunTime:0.0010s ]
SQL: SELECT `news_id`,`thumb` FROM `cms_position_content` WHERE `position_id` = 5 AND `status` = 1 ORDER BY listorder DESC LIMIT 2   [ RunTime:0.0000s ]
SQL: SELECT `news_id`,`title`,`thumb` FROM `cms_position_content` WHERE `position_id` = 2 AND `status` = 1 ORDER BY listorder DESC LIMIT 1   [ RunTime:0.0010s ]
SQL: SELECT `news_id`,`title`,`thumb` FROM `cms_position_content` WHERE `position_id` = 3 AND `status` = 1 ORDER BY listorder DESC LIMIT 3   [ RunTime:0.0010s ]
SQL: SELECT `news_id`,`title`,`thumb`,`description`,`keywords`,`create_time` FROM `cms_news` WHERE `status` = 1 AND `thumb` <> '' ORDER BY listorder DESC LIMIT 10   [ RunTime:0.0010s ]
SQL: SELECT `news_id`,`title`,`description` FROM `cms_news` WHERE `status` = 1 ORDER BY count DESC, listorder Desc LIMIT 10   [ RunTime:0.0000s ]
SQL: SELECT `news_id`,`thumb` FROM `cms_position_content` WHERE `position_id` = 5 AND `status` = 1 ORDER BY listorder DESC LIMIT 2   [ RunTime:0.0010s ]
SQL: SELECT `news_id`,`title`,`thumb` FROM `cms_position_content` WHERE `position_id` = 2 AND `status` = 1 ORDER BY listorder DESC LIMIT 1   [ RunTime:0.0000s ]
SQL: SELECT `news_id`,`title`,`thumb` FROM `cms_position_content` WHERE `position_id` = 3 AND `status` = 1 ORDER BY listorder DESC LIMIT 3   [ RunTime:0.0010s ]
SQL: SELECT `news_id`,`title`,`thumb`,`description`,`keywords`,`create_time` FROM `cms_news` WHERE `status` = 1 AND `thumb` <> '' ORDER BY listorder DESC LIMIT 10   [ RunTime:0.0010s ]
SQL: SELECT `news_id`,`title`,`description` FROM `cms_news` WHERE `status` = 1 ORDER BY count DESC, listorder Desc LIMIT 10   [ RunTime:0.0000s ]
SQL: SELECT `news_id`,`thumb` FROM `cms_position_content` WHERE `position_id` = 5 AND `status` = 1 ORDER BY listorder DESC LIMIT 2   [ RunTime:0.0010s ]
SQL: SELECT `news_id`,`title`,`thumb` FROM `cms_position_content` WHERE `position_id` = 2 AND `status` = 1 ORDER BY listorder DESC LIMIT 1   [ RunTime:0.0010s ]
SQL: SELECT `news_id`,`title`,`thumb` FROM `cms_position_content` WHERE `position_id` = 3 AND `status` = 1 ORDER BY listorder DESC LIMIT 3   [ RunTime:0.0010s ]
SQL: SELECT `news_id`,`title`,`thumb`,`description`,`keywords`,`create_time` FROM `cms_news` WHERE `status` = 1 AND `thumb` <> '' ORDER BY listorder DESC LIMIT 10   [ RunTime:0.0010s ]
SQL: SELECT `news_id`,`title`,`description` FROM `cms_news` WHERE `status` = 1 ORDER BY count DESC, listorder Desc LIMIT 10   [ RunTime:0.0010s ]
SQL: SELECT `news_id`,`thumb` FROM `cms_position_content` WHERE `position_id` = 5 AND `status` = 1 ORDER BY listorder DESC LIMIT 2   [ RunTime:0.0010s ]
SQL: SELECT `news_id`,`title`,`thumb` FROM `cms_position_content` WHERE `position_id` = 2 AND `status` = 1 ORDER BY listorder DESC LIMIT 1   [ RunTime:0.0000s ]
SQL: SELECT `news_id`,`title`,`thumb` FROM `cms_position_content` WHERE `position_id` = 3 AND `status` = 1 ORDER BY listorder DESC LIMIT 3   [ RunTime:0.0010s ]
SQL: SELECT `news_id`,`title`,`thumb`,`description`,`keywords`,`create_time` FROM `cms_news` WHERE `status` = 1 AND `thumb` <> '' ORDER BY listorder DESC LIMIT 10   [ RunTime:0.0010s ]
SQL: SELECT `news_id`,`title`,`description` FROM `cms_news` WHERE `status` = 1 ORDER BY count DESC, listorder Desc LIMIT 10   [ RunTime:0.0000s ]
SQL: SELECT `news_id`,`thumb` FROM `cms_position_content` WHERE `position_id` = 5 AND `status` = 1 ORDER BY listorder DESC LIMIT 2   [ RunTime:0.0000s ]
SQL: SELECT `news_id`,`title`,`thumb` FROM `cms_position_content` WHERE `position_id` = 2 AND `status` = 1 ORDER BY listorder DESC LIMIT 1   [ RunTime:0.0010s ]
SQL: SELECT `news_id`,`title`,`thumb` FROM `cms_position_content` WHERE `position_id` = 3 AND `status` = 1 ORDER BY listorder DESC LIMIT 3   [ RunTime:0.0000s ]
SQL: SELECT `news_id`,`title`,`thumb`,`description`,`keywords`,`create_time` FROM `cms_news` WHERE `status` = 1 AND `thumb` <> '' ORDER BY listorder DESC LIMIT 10   [ RunTime:0.0010s ]
SQL: SELECT `news_id`,`title`,`description` FROM `cms_news` WHERE `status` = 1 ORDER BY count DESC, listorder Desc LIMIT 10   [ RunTime:0.0010s ]
SQL: SELECT `news_id`,`thumb` FROM `cms_position_content` WHERE `position_id` = 5 AND `status` = 1 ORDER BY listorder DESC LIMIT 2   [ RunTime:0.0000s ]
SQL: SELECT `news_id`,`title`,`thumb` FROM `cms_position_content` WHERE `position_id` = 2 AND `status` = 1 ORDER BY listorder DESC LIMIT 1   [ RunTime:0.0010s ]
SQL: SELECT `news_id`,`title`,`thumb` FROM `cms_position_content` WHERE `position_id` = 3 AND `status` = 1 ORDER BY listorder DESC LIMIT 3   [ RunTime:0.0010s ]
SQL: SELECT `news_id`,`title`,`thumb`,`description`,`keywords`,`create_time` FROM `cms_news` WHERE `status` = 1 AND `thumb` <> '' ORDER BY listorder DESC LIMIT 10   [ RunTime:0.0010s ]
SQL: SELECT `news_id`,`title`,`description` FROM `cms_news` WHERE `status` = 1 ORDER BY count DESC, listorder Desc LIMIT 10   [ RunTime:0.0010s ]
SQL: SELECT `news_id`,`thumb` FROM `cms_position_content` WHERE `position_id` = 5 AND `status` = 1 ORDER BY listorder DESC LIMIT 2   [ RunTime:0.0000s ]
SQL: SELECT `news_id`,`title`,`thumb` FROM `cms_position_content` WHERE `position_id` = 2 AND `status` = 1 ORDER BY listorder DESC LIMIT 1   [ RunTime:0.0010s ]
SQL: SELECT `news_id`,`title`,`thumb` FROM `cms_position_content` WHERE `position_id` = 3 AND `status` = 1 ORDER BY listorder DESC LIMIT 3   [ RunTime:0.0000s ]
SQL: SELECT `news_id`,`title`,`thumb`,`description`,`keywords`,`create_time` FROM `cms_news` WHERE `status` = 1 AND `thumb` <> '' ORDER BY listorder DESC LIMIT 10   [ RunTime:0.0000s ]
SQL: SELECT `news_id`,`title`,`description` FROM `cms_news` WHERE `status` = 1 ORDER BY count DESC, listorder Desc LIMIT 10   [ RunTime:0.0010s ]
SQL: SELECT `news_id`,`thumb` FROM `cms_position_content` WHERE `position_id` = 5 AND `status` = 1 ORDER BY listorder DESC LIMIT 2   [ RunTime:0.0000s ]
SQL: SELECT `news_id`,`title`,`thumb` FROM `cms_position_content` WHERE `position_id` = 2 AND `status` = 1 ORDER BY listorder DESC LIMIT 1   [ RunTime:0.0000s ]
SQL: SELECT `news_id`,`title`,`thumb` FROM `cms_position_content` WHERE `position_id` = 3 AND `status` = 1 ORDER BY listorder DESC LIMIT 3   [ RunTime:0.0010s ]
SQL: SELECT `news_id`,`title`,`thumb`,`description`,`keywords`,`create_time` FROM `cms_news` WHERE `status` = 1 AND `thumb` <> '' ORDER BY listorder DESC LIMIT 10   [ RunTime:0.0010s ]
SQL: SELECT `news_id`,`title`,`description` FROM `cms_news` WHERE `status` = 1 ORDER BY count DESC, listorder Desc LIMIT 10   [ RunTime:0.0010s ]
SQL: SELECT `news_id`,`thumb` FROM `cms_position_content` WHERE `position_id` = 5 AND `status` = 1 ORDER BY listorder DESC LIMIT 2   [ RunTime:0.0010s ]
SQL: SELECT `news_id`,`title`,`thumb` FROM `cms_position_content` WHERE `position_id` = 2 AND `status` = 1 ORDER BY listorder DESC LIMIT 1   [ RunTime:0.0000s ]
SQL: SELECT `news_id`,`title`,`thumb` FROM `cms_position_content` WHERE `position_id` = 3 AND `status` = 1 ORDER BY listorder DESC LIMIT 3   [ RunTime:0.0010s ]
SQL: SELECT `news_id`,`title`,`thumb`,`description`,`keywords`,`create_time` FROM `cms_news` WHERE `status` = 1 AND `thumb` <> '' ORDER BY listorder DESC LIMIT 10   [ RunTime:0.0010s ]
SQL: SELECT `news_id`,`title`,`description` FROM `cms_news` WHERE `status` = 1 ORDER BY count DESC, listorder Desc LIMIT 10   [ RunTime:0.0010s ]
SQL: SELECT `news_id`,`thumb` FROM `cms_position_content` WHERE `position_id` = 5 AND `status` = 1 ORDER BY listorder DESC LIMIT 2   [ RunTime:0.0010s ]
SQL: SELECT `news_id`,`title`,`thumb` FROM `cms_position_content` WHERE `position_id` = 2 AND `status` = 1 ORDER BY listorder DESC LIMIT 1   [ RunTime:0.0010s ]
SQL: SELECT `news_id`,`title`,`thumb` FROM `cms_position_content` WHERE `position_id` = 3 AND `status` = 1 ORDER BY listorder DESC LIMIT 3   [ RunTime:0.0000s ]
SQL: SELECT `news_id`,`title`,`thumb`,`description`,`keywords`,`create_time` FROM `cms_news` WHERE `status` = 1 AND `thumb` <> '' ORDER BY listorder DESC LIMIT 10   [ RunTime:0.0000s ]
SQL: SELECT `news_id`,`title`,`description` FROM `cms_news` WHERE `status` = 1 ORDER BY count DESC, listorder Desc LIMIT 10   [ RunTime:0.0010s ]
SQL: SELECT `news_id`,`thumb` FROM `cms_position_content` WHERE `position_id` = 5 AND `status` = 1 ORDER BY listorder DESC LIMIT 2   [ RunTime:0.0010s ]
SQL: SELECT `news_id`,`title`,`thumb` FROM `cms_position_content` WHERE `position_id` = 2 AND `status` = 1 ORDER BY listorder DESC LIMIT 1   [ RunTime:0.0000s ]
SQL: SELECT `news_id`,`title`,`thumb` FROM `cms_position_content` WHERE `position_id` = 3 AND `status` = 1 ORDER BY listorder DESC LIMIT 3   [ RunTime:0.0010s ]
SQL: SELECT `news_id`,`title`,`thumb`,`description`,`keywords`,`create_time` FROM `cms_news` WHERE `status` = 1 AND `thumb` <> '' ORDER BY listorder DESC LIMIT 10   [ RunTime:0.0010s ]
SQL: SELECT `news_id`,`title`,`description` FROM `cms_news` WHERE `status` = 1 ORDER BY count DESC, listorder Desc LIMIT 10   [ RunTime:0.0000s ]
SQL: SELECT `news_id`,`thumb` FROM `cms_position_content` WHERE `position_id` = 5 AND `status` = 1 ORDER BY listorder DESC LIMIT 2   [ RunTime:0.0010s ]
SQL: SELECT `news_id`,`title`,`thumb` FROM `cms_position_content` WHERE `position_id` = 2 AND `status` = 1 ORDER BY listorder DESC LIMIT 1   [ RunTime:0.0000s ]
SQL: SELECT `news_id`,`title`,`thumb` FROM `cms_position_content` WHERE `position_id` = 3 AND `status` = 1 ORDER BY listorder DESC LIMIT 3   [ RunTime:0.0000s ]
SQL: SELECT `news_id`,`title`,`thumb`,`description`,`keywords`,`create_time` FROM `cms_news` WHERE `status` = 1 AND `thumb` <> '' ORDER BY listorder DESC LIMIT 10   [ RunTime:0.0010s ]
SQL: SELECT `news_id`,`title`,`description` FROM `cms_news` WHERE `status` = 1 ORDER BY count DESC, listorder Desc LIMIT 10   [ RunTime:0.0000s ]
SQL: SELECT `news_id`,`thumb` FROM `cms_position_content` WHERE `position_id` = 5 AND `status` = 1 ORDER BY listorder DESC LIMIT 2   [ RunTime:0.0000s ]
SQL: SELECT `news_id`,`title`,`thumb` FROM `cms_position_content` WHERE `position_id` = 2 AND `status` = 1 ORDER BY listorder DESC LIMIT 1   [ RunTime:0.0010s ]
SQL: SELECT `news_id`,`title`,`thumb` FROM `cms_position_content` WHERE `position_id` = 3 AND `status` = 1 ORDER BY listorder DESC LIMIT 3   [ RunTime:0.0010s ]
SQL: SELECT `news_id`,`title`,`thumb`,`description`,`keywords`,`create_time` FROM `cms_news` WHERE `status` = 1 AND `thumb` <> '' ORDER BY listorder DESC LIMIT 10   [ RunTime:0.0010s ]
SQL: SELECT `news_id`,`title`,`description` FROM `cms_news` WHERE `status` = 1 ORDER BY count DESC, listorder Desc LIMIT 10   [ RunTime:0.0000s ]
SQL: SELECT `news_id`,`thumb` FROM `cms_position_content` WHERE `position_id` = 5 AND `status` = 1 ORDER BY listorder DESC LIMIT 2   [ RunTime:0.0010s ]
SQL: SELECT `news_id`,`title`,`thumb` FROM `cms_position_content` WHERE `position_id` = 2 AND `status` = 1 ORDER BY listorder DESC LIMIT 1   [ RunTime:0.0000s ]
SQL: SELECT `news_id`,`title`,`thumb` FROM `cms_position_content` WHERE `position_id` = 3 AND `status` = 1 ORDER BY listorder DESC LIMIT 3   [ RunTime:0.0010s ]
SQL: SELECT `news_id`,`title`,`thumb`,`description`,`keywords`,`create_time` FROM `cms_news` WHERE `status` = 1 AND `thumb` <> '' ORDER BY listorder DESC LIMIT 10   [ RunTime:0.0010s ]
SQL: SELECT `news_id`,`title`,`description` FROM `cms_news` WHERE `status` = 1 ORDER BY count DESC, listorder Desc LIMIT 10   [ RunTime:0.0010s ]
SQL: SELECT `news_id`,`thumb` FROM `cms_position_content` WHERE `position_id` = 5 AND `status` = 1 ORDER BY listorder DESC LIMIT 2   [ RunTime:0.0010s ]
SQL: SELECT `news_id`,`title`,`thumb` FROM `cms_position_content` WHERE `position_id` = 2 AND `status` = 1 ORDER BY listorder DESC LIMIT 1   [ RunTime:0.0010s ]
SQL: SELECT `news_id`,`title`,`thumb` FROM `cms_position_content` WHERE `position_id` = 3 AND `status` = 1 ORDER BY listorder DESC LIMIT 3   [ RunTime:0.0000s ]
SQL: SELECT `news_id`,`title`,`thumb`,`description`,`keywords`,`create_time` FROM `cms_news` WHERE `status` = 1 AND `thumb` <> '' ORDER BY listorder DESC LIMIT 10   [ RunTime:0.0000s ]
SQL: SELECT `news_id`,`title`,`description` FROM `cms_news` WHERE `status` = 1 ORDER BY count DESC, listorder Desc LIMIT 10   [ RunTime:0.0010s ]
SQL: SELECT `news_id`,`thumb` FROM `cms_position_content` WHERE `position_id` = 5 AND `status` = 1 ORDER BY listorder DESC LIMIT 2   [ RunTime:0.0000s ]
SQL: SELECT `news_id`,`title`,`thumb` FROM `cms_position_content` WHERE `position_id` = 2 AND `status` = 1 ORDER BY listorder DESC LIMIT 1   [ RunTime:0.0010s ]
SQL: SELECT `news_id`,`title`,`thumb` FROM `cms_position_content` WHERE `position_id` = 3 AND `status` = 1 ORDER BY listorder DESC LIMIT 3   [ RunTime:0.0010s ]
SQL: SELECT `news_id`,`title`,`thumb`,`description`,`keywords`,`create_time` FROM `cms_news` WHERE `status` = 1 AND `thumb` <> '' ORDER BY listorder DESC LIMIT 10   [ RunTime:0.0010s ]
SQL: SELECT `news_id`,`title`,`description` FROM `cms_news` WHERE `status` = 1 ORDER BY count DESC, listorder Desc LIMIT 10   [ RunTime:0.0010s ]
SQL: SELECT `news_id`,`thumb` FROM `cms_position_content` WHERE `position_id` = 5 AND `status` = 1 ORDER BY listorder DESC LIMIT 2   [ RunTime:0.0010s ]
SQL: SELECT `news_id`,`title`,`thumb` FROM `cms_position_content` WHERE `position_id` = 2 AND `status` = 1 ORDER BY listorder DESC LIMIT 1   [ RunTime:0.0000s ]
SQL: SELECT `news_id`,`title`,`thumb` FROM `cms_position_content` WHERE `position_id` = 3 AND `status` = 1 ORDER BY listorder DESC LIMIT 3   [ RunTime:0.0010s ]
SQL: SELECT `news_id`,`title`,`thumb`,`description`,`keywords`,`create_time` FROM `cms_news` WHERE `status` = 1 AND `thumb` <> '' ORDER BY listorder DESC LIMIT 10   [ RunTime:0.0010s ]
SQL: SELECT `news_id`,`title`,`description` FROM `cms_news` WHERE `status` = 1 ORDER BY count DESC, listorder Desc LIMIT 10   [ RunTime:0.0000s ]
SQL: SELECT `news_id`,`thumb` FROM `cms_position_content` WHERE `position_id` = 5 AND `status` = 1 ORDER BY listorder DESC LIMIT 2   [ RunTime:0.0000s ]
SQL: SELECT `news_id`,`title`,`thumb` FROM `cms_position_content` WHERE `position_id` = 2 AND `status` = 1 ORDER BY listorder DESC LIMIT 1   [ RunTime:0.0010s ]
SQL: SELECT `news_id`,`title`,`thumb` FROM `cms_position_content` WHERE `position_id` = 3 AND `status` = 1 ORDER BY listorder DESC LIMIT 3   [ RunTime:0.0000s ]
SQL: SELECT `news_id`,`title`,`thumb`,`description`,`keywords`,`create_time` FROM `cms_news` WHERE `status` = 1 AND `thumb` <> '' ORDER BY listorder DESC LIMIT 10   [ RunTime:0.0010s ]
SQL: SELECT `news_id`,`title`,`description` FROM `cms_news` WHERE `status` = 1 ORDER BY count DESC, listorder Desc LIMIT 10   [ RunTime:0.0010s ]
SQL: SELECT `news_id`,`thumb` FROM `cms_position_content` WHERE `position_id` = 5 AND `status` = 1 ORDER BY listorder DESC LIMIT 2   [ RunTime:0.0000s ]
SQL: SELECT `news_id`,`title`,`thumb` FROM `cms_position_content` WHERE `position_id` = 2 AND `status` = 1 ORDER BY listorder DESC LIMIT 1   [ RunTime:0.0010s ]
SQL: SELECT `news_id`,`title`,`thumb` FROM `cms_position_content` WHERE `position_id` = 3 AND `status` = 1 ORDER BY listorder DESC LIMIT 3   [ RunTime:0.0000s ]
SQL: SELECT `news_id`,`title`,`thumb`,`description`,`keywords`,`create_time` FROM `cms_news` WHERE `status` = 1 AND `thumb` <> '' ORDER BY listorder DESC LIMIT 10   [ RunTime:0.0010s ]
SQL: SELECT `news_id`,`title`,`description` FROM `cms_news` WHERE `status` = 1 ORDER BY count DESC, listorder Desc LIMIT 10   [ RunTime:0.0010s ]
SQL: SELECT `news_id`,`thumb` FROM `cms_position_content` WHERE `position_id` = 5 AND `status` = 1 ORDER BY listorder DESC LIMIT 2   [ RunTime:0.0010s ]
SQL: SELECT `news_id`,`title`,`thumb` FROM `cms_position_content` WHERE `position_id` = 2 AND `status` = 1 ORDER BY listorder DESC LIMIT 1   [ RunTime:0.0000s ]
SQL: SELECT `news_id`,`title`,`thumb` FROM `cms_position_content` WHERE `position_id` = 3 AND `status` = 1 ORDER BY listorder DESC LIMIT 3   [ RunTime:0.0000s ]
SQL: SELECT `news_id`,`title`,`thumb`,`description`,`keywords`,`create_time` FROM `cms_news` WHERE `status` = 1 AND `thumb` <> '' ORDER BY listorder DESC LIMIT 10   [ RunTime:0.0020s ]
SQL: SELECT `news_id`,`title`,`description` FROM `cms_news` WHERE `status` = 1 ORDER BY count DESC, listorder Desc LIMIT 10   [ RunTime:0.0000s ]
SQL: SELECT `news_id`,`thumb` FROM `cms_position_content` WHERE `position_id` = 5 AND `status` = 1 ORDER BY listorder DESC LIMIT 2   [ RunTime:0.0010s ]
SQL: SELECT `news_id`,`title`,`thumb` FROM `cms_position_content` WHERE `position_id` = 2 AND `status` = 1 ORDER BY listorder DESC LIMIT 1   [ RunTime:0.0010s ]
SQL: SELECT `news_id`,`title`,`thumb` FROM `cms_position_content` WHERE `position_id` = 3 AND `status` = 1 ORDER BY listorder DESC LIMIT 3   [ RunTime:0.0010s ]
SQL: SELECT `news_id`,`title`,`thumb`,`description`,`keywords`,`create_time` FROM `cms_news` WHERE `status` = 1 AND `thumb` <> '' ORDER BY listorder DESC LIMIT 10   [ RunTime:0.0010s ]
SQL: SELECT `news_id`,`title`,`description` FROM `cms_news` WHERE `status` = 1 ORDER BY count DESC, listorder Desc LIMIT 10   [ RunTime:0.0010s ]
SQL: SELECT `news_id`,`thumb` FROM `cms_position_content` WHERE `position_id` = 5 AND `status` = 1 ORDER BY listorder DESC LIMIT 2   [ RunTime:0.0000s ]
SQL: SELECT `news_id`,`title`,`thumb` FROM `cms_position_content` WHERE `position_id` = 2 AND `status` = 1 ORDER BY listorder DESC LIMIT 1   [ RunTime:0.0010s ]
SQL: SELECT `news_id`,`title`,`thumb` FROM `cms_position_content` WHERE `position_id` = 3 AND `status` = 1 ORDER BY listorder DESC LIMIT 3   [ RunTime:0.0000s ]
SQL: SELECT `news_id`,`title`,`thumb`,`description`,`keywords`,`create_time` FROM `cms_news` WHERE `status` = 1 AND `thumb` <> '' ORDER BY listorder DESC LIMIT 10   [ RunTime:0.0000s ]
SQL: SELECT `news_id`,`title`,`description` FROM `cms_news` WHERE `status` = 1 ORDER BY count DESC, listorder Desc LIMIT 10   [ RunTime:0.0010s ]
SQL: SELECT `news_id`,`thumb` FROM `cms_position_content` WHERE `position_id` = 5 AND `status` = 1 ORDER BY listorder DESC LIMIT 2   [ RunTime:0.0000s ]
SQL: SELECT `news_id`,`title`,`thumb` FROM `cms_position_content` WHERE `position_id` = 2 AND `status` = 1 ORDER BY listorder DESC LIMIT 1   [ RunTime:0.0000s ]
SQL: SELECT `news_id`,`title`,`thumb` FROM `cms_position_content` WHERE `position_id` = 3 AND `status` = 1 ORDER BY listorder DESC LIMIT 3   [ RunTime:0.0010s ]
SQL: SELECT `news_id`,`title`,`thumb`,`description`,`keywords`,`create_time` FROM `cms_news` WHERE `status` = 1 AND `thumb` <> '' ORDER BY listorder DESC LIMIT 10   [ RunTime:0.0010s ]

[ 2016-11-13T21:03:57+08:00 ] 127.0.0.1 /?c=Index&a=build_html
INFO: [ app_init ] --START--
INFO: Run Behavior\BuildLiteBehavior [ RunTime:0.000000s ]
INFO: [ app_init ] --END-- [ RunTime:0.001000s ]
INFO: [ app_begin ] --START--
INFO: Run Behavior\ReadHtmlCacheBehavior [ RunTime:0.001000s ]
INFO: [ app_begin ] --END-- [ RunTime:0.001000s ]
NOTIC: [2048] Declaration of Common\Model\BaseModel::add() should be compatible with Think\Model::add($data = '', $options = Array, $replace = false) D:\wamp\www\tpcms\Application\Common\Model\BaseModel.class.php 第 5 行.
NOTIC: [2048] Declaration of Common\Model\BaseModel::save() should be compatible with Think\Model::save($data = '', $options = Array) D:\wamp\www\tpcms\Application\Common\Model\BaseModel.class.php 第 5 行.
SQL: SHOW COLUMNS FROM `cms_menu` [ RunTime:0.0080s ]
SQL: SELECT `menu_id`,`name` FROM `cms_menu` WHERE `status` = 1 AND `type` = 0 ORDER BY `listorder` DESC,menu_id DESC  [ RunTime:0.0010s ]
SQL: SHOW COLUMNS FROM `cms_position_content` [ RunTime:0.0070s ]
SQL: SELECT `news_id`,`title`,`thumb` FROM `cms_position_content` WHERE `position_id` = 2 AND `status` = 1 ORDER BY listorder DESC LIMIT 1   [ RunTime:0.0020s ]
SQL: SELECT `news_id`,`title`,`thumb` FROM `cms_position_content` WHERE `position_id` = 3 AND `status` = 1 ORDER BY listorder DESC LIMIT 3   [ RunTime:0.0010s ]
SQL: SHOW COLUMNS FROM `cms_news` [ RunTime:0.0080s ]
SQL: SELECT `news_id`,`title`,`thumb`,`description`,`keywords`,`create_time` FROM `cms_news` WHERE `status` = 1 AND `thumb` <> '' ORDER BY listorder DESC LIMIT 10   [ RunTime:0.0010s ]
SQL: SELECT `news_id`,`title`,`description` FROM `cms_news` WHERE `status` = 1 ORDER BY count DESC, listorder Desc LIMIT 10   [ RunTime:0.0010s ]
SQL: SELECT `news_id`,`thumb` FROM `cms_position_content` WHERE `position_id` = 5 AND `status` = 1 ORDER BY listorder DESC LIMIT 2   [ RunTime:0.0010s ]
ERR: 模板不存在:./Application/Home/View/Index/build_html.html

[ 2016-11-13T21:04:28+08:00 ] 127.0.0.1 /?c=Index&a=build_html
INFO: [ app_init ] --START--
INFO: Run Behavior\BuildLiteBehavior [ RunTime:0.000000s ]
INFO: [ app_init ] --END-- [ RunTime:0.001000s ]
INFO: [ app_begin ] --START--
INFO: Run Behavior\ReadHtmlCacheBehavior [ RunTime:0.001000s ]
INFO: [ app_begin ] --END-- [ RunTime:0.001000s ]
NOTIC: [2048] Declaration of Common\Model\BaseModel::add() should be compatible with Think\Model::add($data = '', $options = Array, $replace = false) D:\wamp\www\tpcms\Application\Common\Model\BaseModel.class.php 第 5 行.
NOTIC: [2048] Declaration of Common\Model\BaseModel::save() should be compatible with Think\Model::save($data = '', $options = Array) D:\wamp\www\tpcms\Application\Common\Model\BaseModel.class.php 第 5 行.
SQL: SHOW COLUMNS FROM `cms_menu` [ RunTime:0.0080s ]
SQL: SELECT `menu_id`,`name` FROM `cms_menu` WHERE `status` = 1 AND `type` = 0 ORDER BY `listorder` DESC,menu_id DESC  [ RunTime:0.0010s ]
SQL: SHOW COLUMNS FROM `cms_position_content` [ RunTime:0.0080s ]
SQL: SELECT `news_id`,`title`,`thumb` FROM `cms_position_content` WHERE `position_id` = 2 AND `status` = 1 ORDER BY listorder DESC LIMIT 1   [ RunTime:0.0010s ]
SQL: SELECT `news_id`,`title`,`thumb` FROM `cms_position_content` WHERE `position_id` = 3 AND `status` = 1 ORDER BY listorder DESC LIMIT 3   [ RunTime:0.0000s ]
SQL: SHOW COLUMNS FROM `cms_news` [ RunTime:0.0060s ]
SQL: SELECT `news_id`,`title`,`thumb`,`description`,`keywords`,`create_time` FROM `cms_news` WHERE `status` = 1 AND `thumb` <> '' ORDER BY listorder DESC LIMIT 10   [ RunTime:0.0010s ]
SQL: SELECT `news_id`,`title`,`description` FROM `cms_news` WHERE `status` = 1 ORDER BY count DESC, listorder Desc LIMIT 10   [ RunTime:0.0000s ]
SQL: SELECT `news_id`,`thumb` FROM `cms_position_content` WHERE `position_id` = 5 AND `status` = 1 ORDER BY listorder DESC LIMIT 2   [ RunTime:0.0000s ]
ERR: 模板不存在:./Application/Home/View/Index/build_html.html

[ 2016-11-13T21:17:22+08:00 ] 127.0.0.1 /?c=Index&a=build_html
INFO: [ app_init ] --START--
INFO: Run Behavior\BuildLiteBehavior [ RunTime:0.000000s ]
INFO: [ app_init ] --END-- [ RunTime:0.001000s ]
INFO: [ app_begin ] --START--
INFO: Run Behavior\ReadHtmlCacheBehavior [ RunTime:0.001000s ]
INFO: [ app_begin ] --END-- [ RunTime:0.001000s ]
NOTIC: [2048] Declaration of Common\Model\BaseModel::add() should be compatible with Think\Model::add($data = '', $options = Array, $replace = false) D:\wamp\www\tpcms\Application\Common\Model\BaseModel.class.php 第 5 行.
NOTIC: [2048] Declaration of Common\Model\BaseModel::save() should be compatible with Think\Model::save($data = '', $options = Array) D:\wamp\www\tpcms\Application\Common\Model\BaseModel.class.php 第 5 行.
SQL: SHOW COLUMNS FROM `cms_menu` [ RunTime:0.0200s ]
SQL: SELECT `menu_id`,`name` FROM `cms_menu` WHERE `status` = 1 AND `type` = 0 ORDER BY `listorder` DESC,menu_id DESC  [ RunTime:0.0010s ]
SQL: SHOW COLUMNS FROM `cms_position_content` [ RunTime:0.0070s ]
SQL: SELECT `news_id`,`title`,`thumb` FROM `cms_position_content` WHERE `position_id` = 2 AND `status` = 1 ORDER BY listorder DESC LIMIT 1   [ RunTime:0.0020s ]
SQL: SELECT `news_id`,`title`,`thumb` FROM `cms_position_content` WHERE `position_id` = 3 AND `status` = 1 ORDER BY listorder DESC LIMIT 3   [ RunTime:0.0010s ]
SQL: SHOW COLUMNS FROM `cms_news` [ RunTime:0.0080s ]
SQL: SELECT `news_id`,`title`,`thumb`,`description`,`keywords`,`create_time` FROM `cms_news` WHERE `status` = 1 AND `thumb` <> '' ORDER BY listorder DESC LIMIT 10   [ RunTime:0.0020s ]
SQL: SELECT `news_id`,`title`,`description` FROM `cms_news` WHERE `status` = 1 ORDER BY count DESC, listorder Desc LIMIT 10   [ RunTime:0.0010s ]
SQL: SELECT `news_id`,`thumb` FROM `cms_position_content` WHERE `position_id` = 5 AND `status` = 1 ORDER BY listorder DESC LIMIT 2   [ RunTime:0.0000s ]
INFO: [ view_parse ] --START--
INFO: [ template_filter ] --START--
INFO: Run Behavior\ContentReplaceBehavior [ RunTime:0.000000s ]
INFO: [ template_filter ] --END-- [ RunTime:0.000000s ]
NOTIC: [8] Undefined index: id D:\wamp\www\tpcms\Application\Runtime\Cache\Home\2a94b8bda04ff446dcedd42276fc99ee.php 第 21 行.
NOTIC: [8] Undefined index: id D:\wamp\www\tpcms\Application\Runtime\Cache\Home\2a94b8bda04ff446dcedd42276fc99ee.php 第 22 行.
NOTIC: [8] Undefined index: id D:\wamp\www\tpcms\Application\Runtime\Cache\Home\2a94b8bda04ff446dcedd42276fc99ee.php 第 22 行.
NOTIC: [8] Undefined index: id D:\wamp\www\tpcms\Application\Runtime\Cache\Home\2a94b8bda04ff446dcedd42276fc99ee.php 第 22 行.
NOTIC: [8] Undefined index: id D:\wamp\www\tpcms\Application\Runtime\Cache\Home\2a94b8bda04ff446dcedd42276fc99ee.php 第 22 行.
NOTIC: [8] Undefined index: id D:\wamp\www\tpcms\Application\Runtime\Cache\Home\2a94b8bda04ff446dcedd42276fc99ee.php 第 22 行.
INFO: Run Behavior\ParseTemplateBehavior [ RunTime:0.031002s ]
INFO: [ view_parse ] --END-- [ RunTime:0.031002s ]
INFO: [ view_filter ] --START--
INFO: Run Behavior\WriteHtmlCacheBehavior [ RunTime:0.000000s ]
INFO: [ view_filter ] --END-- [ RunTime:0.001000s ]
INFO: [ app_end ] --START--
INFO: Run Behavior\ShowPageTraceBehavior [ RunTime:0.001000s ]
INFO: [ app_end ] --END-- [ RunTime:0.001000s ]

[ 2016-11-13T21:17:29+08:00 ] 127.0.0.1 /
INFO: [ app_init ] --START--
INFO: Run Behavior\BuildLiteBehavior [ RunTime:0.000000s ]
INFO: [ app_init ] --END-- [ RunTime:0.001000s ]
INFO: [ app_begin ] --START--
INFO: Run Behavior\ReadHtmlCacheBehavior [ RunTime:0.000000s ]
INFO: [ app_begin ] --END-- [ RunTime:0.001000s ]
NOTIC: [2048] Declaration of Common\Model\BaseModel::add() should be compatible with Think\Model::add($data = '', $options = Array, $replace = false) D:\wamp\www\tpcms\Application\Common\Model\BaseModel.class.php 第 5 行.
NOTIC: [2048] Declaration of Common\Model\BaseModel::save() should be compatible with Think\Model::save($data = '', $options = Array) D:\wamp\www\tpcms\Application\Common\Model\BaseModel.class.php 第 5 行.
SQL: SHOW COLUMNS FROM `cms_menu` [ RunTime:0.0070s ]
SQL: SELECT `menu_id`,`name` FROM `cms_menu` WHERE `status` = 1 AND `type` = 0 ORDER BY `listorder` DESC,menu_id DESC  [ RunTime:0.0010s ]
SQL: SHOW COLUMNS FROM `cms_position_content` [ RunTime:0.0070s ]
SQL: SELECT `news_id`,`title`,`thumb` FROM `cms_position_content` WHERE `position_id` = 2 AND `status` = 1 ORDER BY listorder DESC LIMIT 1   [ RunTime:0.0010s ]
SQL: SELECT `news_id`,`title`,`thumb` FROM `cms_position_content` WHERE `position_id` = 3 AND `status` = 1 ORDER BY listorder DESC LIMIT 3   [ RunTime:0.0010s ]
SQL: SHOW COLUMNS FROM `cms_news` [ RunTime:0.0070s ]
SQL: SELECT `news_id`,`title`,`thumb`,`description`,`keywords`,`create_time` FROM `cms_news` WHERE `status` = 1 AND `thumb` <> '' ORDER BY listorder DESC LIMIT 10   [ RunTime:0.0010s ]
SQL: SELECT `news_id`,`title`,`description` FROM `cms_news` WHERE `status` = 1 ORDER BY count DESC, listorder Desc LIMIT 10   [ RunTime:0.0030s ]
SQL: SELECT `news_id`,`thumb` FROM `cms_position_content` WHERE `position_id` = 5 AND `status` = 1 ORDER BY listorder DESC LIMIT 2   [ RunTime:0.0020s ]
INFO: [ view_parse ] --START--
INFO: [ template_filter ] --START--
INFO: Run Behavior\ContentReplaceBehavior [ RunTime:0.000000s ]
INFO: [ template_filter ] --END-- [ RunTime:0.000000s ]
NOTIC: [8] Undefined index: id D:\wamp\www\tpcms\Application\Runtime\Cache\Home\2a94b8bda04ff446dcedd42276fc99ee.php 第 21 行.
NOTIC: [8] Undefined index: id D:\wamp\www\tpcms\Application\Runtime\Cache\Home\2a94b8bda04ff446dcedd42276fc99ee.php 第 22 行.
NOTIC: [8] Undefined index: id D:\wamp\www\tpcms\Application\Runtime\Cache\Home\2a94b8bda04ff446dcedd42276fc99ee.php 第 22 行.
NOTIC: [8] Undefined index: id D:\wamp\www\tpcms\Application\Runtime\Cache\Home\2a94b8bda04ff446dcedd42276fc99ee.php 第 22 行.
NOTIC: [8] Undefined index: id D:\wamp\www\tpcms\Application\Runtime\Cache\Home\2a94b8bda04ff446dcedd42276fc99ee.php 第 22 行.
NOTIC: [8] Undefined index: id D:\wamp\www\tpcms\Application\Runtime\Cache\Home\2a94b8bda04ff446dcedd42276fc99ee.php 第 22 行.
INFO: Run Behavior\ParseTemplateBehavior [ RunTime:0.028001s ]
INFO: [ view_parse ] --END-- [ RunTime:0.028001s ]
INFO: [ view_filter ] --START--
INFO: Run Behavior\WriteHtmlCacheBehavior [ RunTime:0.000000s ]
INFO: [ view_filter ] --END-- [ RunTime:0.002000s ]
INFO: [ app_end ] --START--
INFO: Run Behavior\ShowPageTraceBehavior [ RunTime:0.001000s ]
INFO: [ app_end ] --END-- [ RunTime:0.001000s ]

[ 2016-11-13T21:18:05+08:00 ] 127.0.0.1 /
INFO: [ app_init ] --START--
INFO: Run Behavior\BuildLiteBehavior [ RunTime:0.000000s ]
INFO: [ app_init ] --END-- [ RunTime:0.001000s ]
INFO: [ app_begin ] --START--
INFO: Run Behavior\ReadHtmlCacheBehavior [ RunTime:0.001000s ]
INFO: [ app_begin ] --END-- [ RunTime:0.001000s ]
NOTIC: [2048] Declaration of Common\Model\BaseModel::add() should be compatible with Think\Model::add($data = '', $options = Array, $replace = false) D:\wamp\www\tpcms\Application\Common\Model\BaseModel.class.php 第 5 行.
NOTIC: [2048] Declaration of Common\Model\BaseModel::save() should be compatible with Think\Model::save($data = '', $options = Array) D:\wamp\www\tpcms\Application\Common\Model\BaseModel.class.php 第 5 行.
SQL: SHOW COLUMNS FROM `cms_menu` [ RunTime:0.0070s ]
SQL: SELECT `menu_id`,`name` FROM `cms_menu` WHERE `status` = 1 AND `type` = 0 ORDER BY `listorder` DESC,menu_id DESC  [ RunTime:0.0010s ]
SQL: SHOW COLUMNS FROM `cms_position_content` [ RunTime:0.0070s ]
SQL: SELECT `news_id`,`title`,`thumb` FROM `cms_position_content` WHERE `position_id` = 2 AND `status` = 1 ORDER BY listorder DESC LIMIT 1   [ RunTime:0.0010s ]
SQL: SELECT `news_id`,`title`,`thumb` FROM `cms_position_content` WHERE `position_id` = 3 AND `status` = 1 ORDER BY listorder DESC LIMIT 3   [ RunTime:0.0010s ]
SQL: SHOW COLUMNS FROM `cms_news` [ RunTime:0.0090s ]
SQL: SELECT `news_id`,`title`,`thumb`,`description`,`keywords`,`create_time` FROM `cms_news` WHERE `status` = 1 AND `thumb` <> '' ORDER BY listorder DESC LIMIT 10   [ RunTime:0.0020s ]
SQL: SELECT `news_id`,`title`,`description` FROM `cms_news` WHERE `status` = 1 ORDER BY count DESC, listorder Desc LIMIT 10   [ RunTime:0.0010s ]
SQL: SELECT `news_id`,`thumb` FROM `cms_position_content` WHERE `position_id` = 5 AND `status` = 1 ORDER BY listorder DESC LIMIT 2   [ RunTime:0.0010s ]
INFO: [ view_parse ] --START--
INFO: [ template_filter ] --START--
INFO: Run Behavior\ContentReplaceBehavior [ RunTime:0.000000s ]
INFO: [ template_filter ] --END-- [ RunTime:0.000000s ]
NOTIC: [8] Undefined index: id D:\wamp\www\tpcms\Application\Runtime\Cache\Home\2a94b8bda04ff446dcedd42276fc99ee.php 第 21 行.
NOTIC: [8] Undefined index: id D:\wamp\www\tpcms\Application\Runtime\Cache\Home\2a94b8bda04ff446dcedd42276fc99ee.php 第 22 行.
NOTIC: [8] Undefined index: id D:\wamp\www\tpcms\Application\Runtime\Cache\Home\2a94b8bda04ff446dcedd42276fc99ee.php 第 22 行.
NOTIC: [8] Undefined index: id D:\wamp\www\tpcms\Application\Runtime\Cache\Home\2a94b8bda04ff446dcedd42276fc99ee.php 第 22 行.
NOTIC: [8] Undefined index: id D:\wamp\www\tpcms\Application\Runtime\Cache\Home\2a94b8bda04ff446dcedd42276fc99ee.php 第 22 行.
NOTIC: [8] Undefined index: id D:\wamp\www\tpcms\Application\Runtime\Cache\Home\2a94b8bda04ff446dcedd42276fc99ee.php 第 22 行.
INFO: Run Behavior\ParseTemplateBehavior [ RunTime:0.029002s ]
INFO: [ view_parse ] --END-- [ RunTime:0.029002s ]
INFO: [ view_filter ] --START--
INFO: Run Behavior\WriteHtmlCacheBehavior [ RunTime:0.001000s ]
INFO: [ view_filter ] --END-- [ RunTime:0.001000s ]
INFO: [ app_end ] --START--
INFO: Run Behavior\ShowPageTraceBehavior [ RunTime:0.001000s ]
INFO: [ app_end ] --END-- [ RunTime:0.001000s ]

[ 2016-11-13T21:18:15+08:00 ] 127.0.0.1 /
INFO: [ app_init ] --START--
INFO: Run Behavior\BuildLiteBehavior [ RunTime:0.000000s ]
INFO: [ app_init ] --END-- [ RunTime:0.000000s ]
INFO: [ app_begin ] --START--
INFO: Run Behavior\ReadHtmlCacheBehavior [ RunTime:0.001000s ]
INFO: [ app_begin ] --END-- [ RunTime:0.001000s ]
NOTIC: [2048] Declaration of Common\Model\BaseModel::add() should be compatible with Think\Model::add($data = '', $options = Array, $replace = false) D:\wamp\www\tpcms\Application\Common\Model\BaseModel.class.php 第 5 行.
NOTIC: [2048] Declaration of Common\Model\BaseModel::save() should be compatible with Think\Model::save($data = '', $options = Array) D:\wamp\www\tpcms\Application\Common\Model\BaseModel.class.php 第 5 行.
SQL: SHOW COLUMNS FROM `cms_menu` [ RunTime:0.0080s ]
SQL: SELECT `menu_id`,`name` FROM `cms_menu` WHERE `status` = 1 AND `type` = 0 ORDER BY `listorder` DESC,menu_id DESC  [ RunTime:0.0010s ]
SQL: SHOW COLUMNS FROM `cms_position_content` [ RunTime:0.0070s ]
SQL: SELECT `news_id`,`title`,`thumb` FROM `cms_position_content` WHERE `position_id` = 2 AND `status` = 1 ORDER BY listorder DESC LIMIT 1   [ RunTime:0.0020s ]
SQL: SELECT `news_id`,`title`,`thumb` FROM `cms_position_content` WHERE `position_id` = 3 AND `status` = 1 ORDER BY listorder DESC LIMIT 3   [ RunTime:0.0010s ]
SQL: SHOW COLUMNS FROM `cms_news` [ RunTime:0.0080s ]
SQL: SELECT `news_id`,`title`,`thumb`,`description`,`keywords`,`create_time` FROM `cms_news` WHERE `status` = 1 AND `thumb` <> '' ORDER BY listorder DESC LIMIT 10   [ RunTime:0.0020s ]
SQL: SELECT `news_id`,`title`,`description` FROM `cms_news` WHERE `status` = 1 ORDER BY count DESC, listorder Desc LIMIT 10   [ RunTime:0.0010s ]
SQL: SELECT `news_id`,`thumb` FROM `cms_position_content` WHERE `position_id` = 5 AND `status` = 1 ORDER BY listorder DESC LIMIT 2   [ RunTime:0.0010s ]
INFO: [ view_parse ] --START--
INFO: [ template_filter ] --START--
INFO: Run Behavior\ContentReplaceBehavior [ RunTime:0.001000s ]
INFO: [ template_filter ] --END-- [ RunTime:0.001000s ]
NOTIC: [8] Undefined index: id D:\wamp\www\tpcms\Application\Runtime\Cache\Home\2a94b8bda04ff446dcedd42276fc99ee.php 第 21 行.
NOTIC: [8] Undefined index: id D:\wamp\www\tpcms\Application\Runtime\Cache\Home\2a94b8bda04ff446dcedd42276fc99ee.php 第 22 行.
NOTIC: [8] Undefined index: id D:\wamp\www\tpcms\Application\Runtime\Cache\Home\2a94b8bda04ff446dcedd42276fc99ee.php 第 22 行.
NOTIC: [8] Undefined index: id D:\wamp\www\tpcms\Application\Runtime\Cache\Home\2a94b8bda04ff446dcedd42276fc99ee.php 第 22 行.
NOTIC: [8] Undefined index: id D:\wamp\www\tpcms\Application\Runtime\Cache\Home\2a94b8bda04ff446dcedd42276fc99ee.php 第 22 行.
NOTIC: [8] Undefined index: id D:\wamp\www\tpcms\Application\Runtime\Cache\Home\2a94b8bda04ff446dcedd42276fc99ee.php 第 22 行.
INFO: Run Behavior\ParseTemplateBehavior [ RunTime:0.032002s ]
INFO: [ view_parse ] --END-- [ RunTime:0.032002s ]
INFO: [ view_filter ] --START--
INFO: Run Behavior\WriteHtmlCacheBehavior [ RunTime:0.001000s ]
INFO: [ view_filter ] --END-- [ RunTime:0.001000s ]
INFO: [ app_end ] --START--
INFO: Run Behavior\ShowPageTraceBehavior [ RunTime:0.001000s ]
INFO: [ app_end ] --END-- [ RunTime:0.001000s ]

[ 2016-11-13T21:21:41+08:00 ] 127.0.0.1 /
INFO: [ app_init ] --START--
INFO: Run Behavior\BuildLiteBehavior [ RunTime:0.000000s ]
INFO: [ app_init ] --END-- [ RunTime:0.001000s ]
INFO: [ app_begin ] --START--
INFO: Run Behavior\ReadHtmlCacheBehavior [ RunTime:0.001000s ]
INFO: [ app_begin ] --END-- [ RunTime:0.001000s ]
NOTIC: [2048] Declaration of Common\Model\BaseModel::add() should be compatible with Think\Model::add($data = '', $options = Array, $replace = false) D:\wamp\www\tpcms\Application\Common\Model\BaseModel.class.php 第 5 行.
NOTIC: [2048] Declaration of Common\Model\BaseModel::save() should be compatible with Think\Model::save($data = '', $options = Array) D:\wamp\www\tpcms\Application\Common\Model\BaseModel.class.php 第 5 行.
SQL: SHOW COLUMNS FROM `cms_menu` [ RunTime:0.0080s ]
SQL: SELECT `menu_id`,`name` FROM `cms_menu` WHERE `status` = 1 AND `type` = 0 ORDER BY `listorder` DESC,menu_id DESC  [ RunTime:0.0010s ]
SQL: SHOW COLUMNS FROM `cms_position_content` [ RunTime:0.0080s ]
SQL: SELECT `news_id`,`title`,`thumb` FROM `cms_position_content` WHERE `position_id` = 2 AND `status` = 1 ORDER BY listorder DESC LIMIT 1   [ RunTime:0.0010s ]
SQL: SELECT `news_id`,`title`,`thumb` FROM `cms_position_content` WHERE `position_id` = 3 AND `status` = 1 ORDER BY listorder DESC LIMIT 3   [ RunTime:0.0010s ]
SQL: SHOW COLUMNS FROM `cms_news` [ RunTime:0.0530s ]
SQL: SELECT `news_id`,`title`,`thumb`,`description`,`keywords`,`create_time` FROM `cms_news` WHERE `status` = 1 AND `thumb` <> '' ORDER BY listorder DESC LIMIT 10   [ RunTime:0.0020s ]
SQL: SELECT `news_id`,`title`,`description` FROM `cms_news` WHERE `status` = 1 ORDER BY count DESC, listorder Desc LIMIT 10   [ RunTime:0.0010s ]
SQL: SELECT `news_id`,`thumb` FROM `cms_position_content` WHERE `position_id` = 5 AND `status` = 1 ORDER BY listorder DESC LIMIT 2   [ RunTime:0.0010s ]
INFO: [ view_parse ] --START--
INFO: [ template_filter ] --START--
INFO: Run Behavior\ContentReplaceBehavior [ RunTime:0.000000s ]
INFO: [ template_filter ] --END-- [ RunTime:0.000000s ]
NOTIC: [8] Undefined index: id D:\wamp\www\tpcms\Application\Runtime\Cache\Home\2a94b8bda04ff446dcedd42276fc99ee.php 第 21 行.
NOTIC: [8] Undefined index: id D:\wamp\www\tpcms\Application\Runtime\Cache\Home\2a94b8bda04ff446dcedd42276fc99ee.php 第 22 行.
NOTIC: [8] Undefined index: id D:\wamp\www\tpcms\Application\Runtime\Cache\Home\2a94b8bda04ff446dcedd42276fc99ee.php 第 22 行.
NOTIC: [8] Undefined index: id D:\wamp\www\tpcms\Application\Runtime\Cache\Home\2a94b8bda04ff446dcedd42276fc99ee.php 第 22 行.
NOTIC: [8] Undefined index: id D:\wamp\www\tpcms\Application\Runtime\Cache\Home\2a94b8bda04ff446dcedd42276fc99ee.php 第 22 行.
NOTIC: [8] Undefined index: id D:\wamp\www\tpcms\Application\Runtime\Cache\Home\2a94b8bda04ff446dcedd42276fc99ee.php 第 22 行.
INFO: Run Behavior\ParseTemplateBehavior [ RunTime:0.044002s ]
INFO: [ view_parse ] --END-- [ RunTime:0.044002s ]
INFO: [ view_filter ] --START--
INFO: Run Behavior\WriteHtmlCacheBehavior [ RunTime:0.000000s ]
INFO: [ view_filter ] --END-- [ RunTime:0.001000s ]
INFO: [ app_end ] --START--
INFO: Run Behavior\ShowPageTraceBehavior [ RunTime:0.001000s ]
INFO: [ app_end ] --END-- [ RunTime:0.001000s ]

[ 2016-11-13T21:21:42+08:00 ] 127.0.0.1 /
INFO: [ app_init ] --START--
INFO: Run Behavior\BuildLiteBehavior [ RunTime:0.000000s ]
INFO: [ app_init ] --END-- [ RunTime:0.001000s ]
INFO: [ app_begin ] --START--
INFO: Run Behavior\ReadHtmlCacheBehavior [ RunTime:0.001000s ]
INFO: [ app_begin ] --END-- [ RunTime:0.001000s ]
NOTIC: [2048] Declaration of Common\Model\BaseModel::add() should be compatible with Think\Model::add($data = '', $options = Array, $replace = false) D:\wamp\www\tpcms\Application\Common\Model\BaseModel.class.php 第 5 行.
NOTIC: [2048] Declaration of Common\Model\BaseModel::save() should be compatible with Think\Model::save($data = '', $options = Array) D:\wamp\www\tpcms\Application\Common\Model\BaseModel.class.php 第 5 行.
SQL: SHOW COLUMNS FROM `cms_menu` [ RunTime:0.0080s ]
SQL: SELECT `menu_id`,`name` FROM `cms_menu` WHERE `status` = 1 AND `type` = 0 ORDER BY `listorder` DESC,menu_id DESC  [ RunTime:0.0020s ]
SQL: SHOW COLUMNS FROM `cms_position_content` [ RunTime:0.0090s ]
SQL: SELECT `news_id`,`title`,`thumb` FROM `cms_position_content` WHERE `position_id` = 2 AND `status` = 1 ORDER BY listorder DESC LIMIT 1   [ RunTime:0.0010s ]
SQL: SELECT `news_id`,`title`,`thumb` FROM `cms_position_content` WHERE `position_id` = 3 AND `status` = 1 ORDER BY listorder DESC LIMIT 3   [ RunTime:0.0010s ]
SQL: SHOW COLUMNS FROM `cms_news` [ RunTime:0.0080s ]
SQL: SELECT `news_id`,`title`,`thumb`,`description`,`keywords`,`create_time` FROM `cms_news` WHERE `status` = 1 AND `thumb` <> '' ORDER BY listorder DESC LIMIT 10   [ RunTime:0.0020s ]
SQL: SELECT `news_id`,`title`,`description` FROM `cms_news` WHERE `status` = 1 ORDER BY count DESC, listorder Desc LIMIT 10   [ RunTime:0.0020s ]
SQL: SELECT `news_id`,`thumb` FROM `cms_position_content` WHERE `position_id` = 5 AND `status` = 1 ORDER BY listorder DESC LIMIT 2   [ RunTime:0.0010s ]
INFO: [ view_parse ] --START--
INFO: [ template_filter ] --START--
INFO: Run Behavior\ContentReplaceBehavior [ RunTime:0.000000s ]
INFO: [ template_filter ] --END-- [ RunTime:0.000000s ]
NOTIC: [8] Undefined index: id D:\wamp\www\tpcms\Application\Runtime\Cache\Home\2a94b8bda04ff446dcedd42276fc99ee.php 第 21 行.
NOTIC: [8] Undefined index: id D:\wamp\www\tpcms\Application\Runtime\Cache\Home\2a94b8bda04ff446dcedd42276fc99ee.php 第 22 行.
NOTIC: [8] Undefined index: id D:\wamp\www\tpcms\Application\Runtime\Cache\Home\2a94b8bda04ff446dcedd42276fc99ee.php 第 22 行.
NOTIC: [8] Undefined index: id D:\wamp\www\tpcms\Application\Runtime\Cache\Home\2a94b8bda04ff446dcedd42276fc99ee.php 第 22 行.
NOTIC: [8] Undefined index: id D:\wamp\www\tpcms\Application\Runtime\Cache\Home\2a94b8bda04ff446dcedd42276fc99ee.php 第 22 行.
NOTIC: [8] Undefined index: id D:\wamp\www\tpcms\Application\Runtime\Cache\Home\2a94b8bda04ff446dcedd42276fc99ee.php 第 22 行.
INFO: Run Behavior\ParseTemplateBehavior [ RunTime:0.033002s ]
INFO: [ view_parse ] --END-- [ RunTime:0.033002s ]
INFO: [ view_filter ] --START--
INFO: Run Behavior\WriteHtmlCacheBehavior [ RunTime:0.001000s ]
INFO: [ view_filter ] --END-- [ RunTime:0.001000s ]
INFO: [ app_end ] --START--
INFO: Run Behavior\ShowPageTraceBehavior [ RunTime:0.000000s ]
INFO: [ app_end ] --END-- [ RunTime:0.001000s ]

[ 2016-11-13T21:22:29+08:00 ] 127.0.0.1 /
INFO: [ app_init ] --START--
INFO: Run Behavior\BuildLiteBehavior [ RunTime:0.000000s ]
INFO: [ app_init ] --END-- [ RunTime:0.001000s ]
INFO: [ app_begin ] --START--
INFO: Run Behavior\ReadHtmlCacheBehavior [ RunTime:0.002000s ]
INFO: [ app_begin ] --END-- [ RunTime:0.002000s ]
NOTIC: [2048] Declaration of Common\Model\BaseModel::add() should be compatible with Think\Model::add($data = '', $options = Array, $replace = false) D:\wamp\www\tpcms\Application\Common\Model\BaseModel.class.php 第 5 行.
NOTIC: [2048] Declaration of Common\Model\BaseModel::save() should be compatible with Think\Model::save($data = '', $options = Array) D:\wamp\www\tpcms\Application\Common\Model\BaseModel.class.php 第 5 行.
SQL: SHOW COLUMNS FROM `cms_menu` [ RunTime:0.0100s ]
SQL: SELECT `menu_id`,`name` FROM `cms_menu` WHERE `status` = 1 AND `type` = 0 ORDER BY `listorder` DESC,menu_id DESC  [ RunTime:0.0010s ]
SQL: SHOW COLUMNS FROM `cms_position_content` [ RunTime:0.0080s ]
SQL: SELECT `news_id`,`title`,`thumb` FROM `cms_position_content` WHERE `position_id` = 2 AND `status` = 1 ORDER BY listorder DESC LIMIT 1   [ RunTime:0.0010s ]
SQL: SELECT `news_id`,`title`,`thumb` FROM `cms_position_content` WHERE `position_id` = 3 AND `status` = 1 ORDER BY listorder DESC LIMIT 3   [ RunTime:0.0010s ]
SQL: SHOW COLUMNS FROM `cms_news` [ RunTime:0.0070s ]
SQL: SELECT `news_id`,`title`,`thumb`,`description`,`keywords`,`create_time` FROM `cms_news` WHERE `status` = 1 AND `thumb` <> '' ORDER BY listorder DESC LIMIT 10   [ RunTime:0.0010s ]
SQL: SELECT `news_id`,`title`,`description` FROM `cms_news` WHERE `status` = 1 ORDER BY count DESC, listorder Desc LIMIT 10   [ RunTime:0.0000s ]
SQL: SELECT `news_id`,`thumb` FROM `cms_position_content` WHERE `position_id` = 5 AND `status` = 1 ORDER BY listorder DESC LIMIT 2   [ RunTime:0.0010s ]
INFO: [ view_parse ] --START--
INFO: [ template_filter ] --START--
INFO: Run Behavior\ContentReplaceBehavior [ RunTime:0.000000s ]
INFO: [ template_filter ] --END-- [ RunTime:0.001000s ]
NOTIC: [8] Undefined index: id D:\wamp\www\tpcms\Application\Runtime\Cache\Home\2a94b8bda04ff446dcedd42276fc99ee.php 第 21 行.
NOTIC: [8] Undefined index: id D:\wamp\www\tpcms\Application\Runtime\Cache\Home\2a94b8bda04ff446dcedd42276fc99ee.php 第 22 行.
NOTIC: [8] Undefined index: id D:\wamp\www\tpcms\Application\Runtime\Cache\Home\2a94b8bda04ff446dcedd42276fc99ee.php 第 22 行.
NOTIC: [8] Undefined index: id D:\wamp\www\tpcms\Application\Runtime\Cache\Home\2a94b8bda04ff446dcedd42276fc99ee.php 第 22 行.
NOTIC: [8] Undefined index: id D:\wamp\www\tpcms\Application\Runtime\Cache\Home\2a94b8bda04ff446dcedd42276fc99ee.php 第 22 行.
NOTIC: [8] Undefined index: id D:\wamp\www\tpcms\Application\Runtime\Cache\Home\2a94b8bda04ff446dcedd42276fc99ee.php 第 22 行.
INFO: Run Behavior\ParseTemplateBehavior [ RunTime:0.028002s ]
INFO: [ view_parse ] --END-- [ RunTime:0.029002s ]
INFO: [ view_filter ] --START--
INFO: Run Behavior\WriteHtmlCacheBehavior [ RunTime:0.000000s ]
INFO: [ view_filter ] --END-- [ RunTime:0.000000s ]
INFO: [ app_end ] --START--
INFO: Run Behavior\ShowPageTraceBehavior [ RunTime:0.000000s ]
INFO: [ app_end ] --END-- [ RunTime:0.001000s ]

[ 2016-11-13T21:22:38+08:00 ] 127.0.0.1 /
INFO: [ app_init ] --START--
INFO: Run Behavior\BuildLiteBehavior [ RunTime:0.000000s ]
INFO: [ app_init ] --END-- [ RunTime:0.001000s ]
INFO: [ app_begin ] --START--
INFO: Run Behavior\ReadHtmlCacheBehavior [ RunTime:0.001000s ]
INFO: [ app_begin ] --END-- [ RunTime:0.001000s ]
NOTIC: [2048] Declaration of Common\Model\BaseModel::add() should be compatible with Think\Model::add($data = '', $options = Array, $replace = false) D:\wamp\www\tpcms\Application\Common\Model\BaseModel.class.php 第 5 行.
NOTIC: [2048] Declaration of Common\Model\BaseModel::save() should be compatible with Think\Model::save($data = '', $options = Array) D:\wamp\www\tpcms\Application\Common\Model\BaseModel.class.php 第 5 行.
SQL: SHOW COLUMNS FROM `cms_menu` [ RunTime:0.0070s ]
SQL: SELECT `menu_id`,`name` FROM `cms_menu` WHERE `status` = 1 AND `type` = 0 ORDER BY `listorder` DESC,menu_id DESC  [ RunTime:0.0000s ]
SQL: SHOW COLUMNS FROM `cms_position_content` [ RunTime:0.0080s ]
SQL: SELECT `news_id`,`title`,`thumb` FROM `cms_position_content` WHERE `position_id` = 2 AND `status` = 1 ORDER BY listorder DESC LIMIT 1   [ RunTime:0.0010s ]
SQL: SELECT `news_id`,`title`,`thumb` FROM `cms_position_content` WHERE `position_id` = 3 AND `status` = 1 ORDER BY listorder DESC LIMIT 3   [ RunTime:0.0000s ]
SQL: SHOW COLUMNS FROM `cms_news` [ RunTime:0.0080s ]
SQL: SELECT `news_id`,`title`,`thumb`,`description`,`keywords`,`create_time` FROM `cms_news` WHERE `status` = 1 AND `thumb` <> '' ORDER BY listorder DESC LIMIT 10   [ RunTime:0.0010s ]
SQL: SELECT `news_id`,`title`,`description` FROM `cms_news` WHERE `status` = 1 ORDER BY count DESC, listorder Desc LIMIT 10   [ RunTime:0.0010s ]
SQL: SELECT `news_id`,`thumb` FROM `cms_position_content` WHERE `position_id` = 5 AND `status` = 1 ORDER BY listorder DESC LIMIT 2   [ RunTime:0.0010s ]
INFO: [ view_parse ] --START--
INFO: [ template_filter ] --START--
INFO: Run Behavior\ContentReplaceBehavior [ RunTime:0.000000s ]
INFO: [ template_filter ] --END-- [ RunTime:0.000000s ]
NOTIC: [8] Undefined index: id D:\wamp\www\tpcms\Application\Runtime\Cache\Home\2a94b8bda04ff446dcedd42276fc99ee.php 第 21 行.
NOTIC: [8] Undefined index: id D:\wamp\www\tpcms\Application\Runtime\Cache\Home\2a94b8bda04ff446dcedd42276fc99ee.php 第 22 行.
NOTIC: [8] Undefined index: id D:\wamp\www\tpcms\Application\Runtime\Cache\Home\2a94b8bda04ff446dcedd42276fc99ee.php 第 22 行.
NOTIC: [8] Undefined index: id D:\wamp\www\tpcms\Application\Runtime\Cache\Home\2a94b8bda04ff446dcedd42276fc99ee.php 第 22 行.
NOTIC: [8] Undefined index: id D:\wamp\www\tpcms\Application\Runtime\Cache\Home\2a94b8bda04ff446dcedd42276fc99ee.php 第 22 行.
NOTIC: [8] Undefined index: id D:\wamp\www\tpcms\Application\Runtime\Cache\Home\2a94b8bda04ff446dcedd42276fc99ee.php 第 22 行.
INFO: Run Behavior\ParseTemplateBehavior [ RunTime:0.046002s ]
INFO: [ view_parse ] --END-- [ RunTime:0.046002s ]
INFO: [ view_filter ] --START--
INFO: Run Behavior\WriteHtmlCacheBehavior [ RunTime:0.000000s ]
INFO: [ view_filter ] --END-- [ RunTime:0.000000s ]
INFO: [ app_end ] --START--
INFO: Run Behavior\ShowPageTraceBehavior [ RunTime:0.001000s ]
INFO: [ app_end ] --END-- [ RunTime:0.002000s ]

[ 2016-11-13T21:30:42+08:00 ] 127.0.0.1 /index.php?c=index&a=build_html
INFO: [ app_init ] --START--
INFO: Run Behavior\BuildLiteBehavior [ RunTime:0.000000s ]
INFO: [ app_init ] --END-- [ RunTime:0.001000s ]
INFO: [ app_begin ] --START--
INFO: Run Behavior\ReadHtmlCacheBehavior [ RunTime:0.001000s ]
INFO: [ app_begin ] --END-- [ RunTime:0.002000s ]
NOTIC: [2048] Declaration of Common\Model\BaseModel::add() should be compatible with Think\Model::add($data = '', $options = Array, $replace = false) D:\wamp\www\tpcms\Application\Common\Model\BaseModel.class.php 第 5 行.
NOTIC: [2048] Declaration of Common\Model\BaseModel::save() should be compatible with Think\Model::save($data = '', $options = Array) D:\wamp\www\tpcms\Application\Common\Model\BaseModel.class.php 第 5 行.
SQL: SHOW COLUMNS FROM `cms_menu` [ RunTime:0.0070s ]
SQL: SELECT `menu_id`,`name` FROM `cms_menu` WHERE `status` = 1 AND `type` = 0 ORDER BY `listorder` DESC,menu_id DESC  [ RunTime:0.0010s ]
SQL: SHOW COLUMNS FROM `cms_position_content` [ RunTime:0.0090s ]
SQL: SELECT `news_id`,`title`,`thumb` FROM `cms_position_content` WHERE `position_id` = 2 AND `status` = 1 ORDER BY listorder DESC LIMIT 1   [ RunTime:0.0010s ]
SQL: SELECT `news_id`,`title`,`thumb` FROM `cms_position_content` WHERE `position_id` = 3 AND `status` = 1 ORDER BY listorder DESC LIMIT 3   [ RunTime:0.0010s ]
SQL: SHOW COLUMNS FROM `cms_news` [ RunTime:0.0090s ]
SQL: SELECT `news_id`,`title`,`thumb`,`description`,`keywords`,`create_time` FROM `cms_news` WHERE `status` = 1 AND `thumb` <> '' ORDER BY listorder DESC LIMIT 10   [ RunTime:0.0010s ]
SQL: SELECT `news_id`,`title`,`description` FROM `cms_news` WHERE `status` = 1 ORDER BY count DESC, listorder Desc LIMIT 10   [ RunTime:0.0010s ]
SQL: SELECT `news_id`,`thumb` FROM `cms_position_content` WHERE `position_id` = 5 AND `status` = 1 ORDER BY listorder DESC LIMIT 2   [ RunTime:0.0010s ]
INFO: [ view_parse ] --START--
INFO: [ template_filter ] --START--
INFO: Run Behavior\ContentReplaceBehavior [ RunTime:0.001000s ]
INFO: [ template_filter ] --END-- [ RunTime:0.001000s ]
NOTIC: [8] Undefined index: id D:\wamp\www\tpcms\Application\Runtime\Cache\Home\2a94b8bda04ff446dcedd42276fc99ee.php 第 21 行.
NOTIC: [8] Undefined index: id D:\wamp\www\tpcms\Application\Runtime\Cache\Home\2a94b8bda04ff446dcedd42276fc99ee.php 第 22 行.
NOTIC: [8] Undefined index: id D:\wamp\www\tpcms\Application\Runtime\Cache\Home\2a94b8bda04ff446dcedd42276fc99ee.php 第 22 行.
NOTIC: [8] Undefined index: id D:\wamp\www\tpcms\Application\Runtime\Cache\Home\2a94b8bda04ff446dcedd42276fc99ee.php 第 22 行.
NOTIC: [8] Undefined index: id D:\wamp\www\tpcms\Application\Runtime\Cache\Home\2a94b8bda04ff446dcedd42276fc99ee.php 第 22 行.
NOTIC: [8] Undefined index: id D:\wamp\www\tpcms\Application\Runtime\Cache\Home\2a94b8bda04ff446dcedd42276fc99ee.php 第 22 行.
INFO: Run Behavior\ParseTemplateBehavior [ RunTime:0.027002s ]
INFO: [ view_parse ] --END-- [ RunTime:0.027002s ]
INFO: [ view_filter ] --START--
INFO: Run Behavior\WriteHtmlCacheBehavior [ RunTime:0.001000s ]
INFO: [ view_filter ] --END-- [ RunTime:0.001000s ]
INFO: [ app_end ] --START--
INFO: Run Behavior\ShowPageTraceBehavior [ RunTime:0.001000s ]
INFO: [ app_end ] --END-- [ RunTime:0.001000s ]

[ 2016-11-13T21:30:51+08:00 ] 127.0.0.1 /index.php?c=index&a=build_html
INFO: [ app_init ] --START--
INFO: Run Behavior\BuildLiteBehavior [ RunTime:0.000000s ]
INFO: [ app_init ] --END-- [ RunTime:0.001000s ]
INFO: [ app_begin ] --START--
INFO: Run Behavior\ReadHtmlCacheBehavior [ RunTime:0.000000s ]
INFO: [ app_begin ] --END-- [ RunTime:0.000000s ]
NOTIC: [2048] Declaration of Common\Model\BaseModel::add() should be compatible with Think\Model::add($data = '', $options = Array, $replace = false) D:\wamp\www\tpcms\Application\Common\Model\BaseModel.class.php 第 5 行.
NOTIC: [2048] Declaration of Common\Model\BaseModel::save() should be compatible with Think\Model::save($data = '', $options = Array) D:\wamp\www\tpcms\Application\Common\Model\BaseModel.class.php 第 5 行.
SQL: SHOW COLUMNS FROM `cms_menu` [ RunTime:0.0120s ]
SQL: SELECT `menu_id`,`name` FROM `cms_menu` WHERE `status` = 1 AND `type` = 0 ORDER BY `listorder` DESC,menu_id DESC  [ RunTime:0.0010s ]
SQL: SHOW COLUMNS FROM `cms_position_content` [ RunTime:0.1740s ]
SQL: SELECT `news_id`,`title`,`thumb` FROM `cms_position_content` WHERE `position_id` = 2 AND `status` = 1 ORDER BY listorder DESC LIMIT 1   [ RunTime:0.0010s ]
SQL: SELECT `news_id`,`title`,`thumb` FROM `cms_position_content` WHERE `position_id` = 3 AND `status` = 1 ORDER BY listorder DESC LIMIT 3   [ RunTime:0.0010s ]
SQL: SHOW COLUMNS FROM `cms_news` [ RunTime:0.0080s ]
SQL: SELECT `news_id`,`title`,`thumb`,`description`,`keywords`,`create_time` FROM `cms_news` WHERE `status` = 1 AND `thumb` <> '' ORDER BY listorder DESC LIMIT 10   [ RunTime:0.0020s ]
SQL: SELECT `news_id`,`title`,`description` FROM `cms_news` WHERE `status` = 1 ORDER BY count DESC, listorder Desc LIMIT 10   [ RunTime:0.0000s ]
SQL: SELECT `news_id`,`thumb` FROM `cms_position_content` WHERE `position_id` = 5 AND `status` = 1 ORDER BY listorder DESC LIMIT 2   [ RunTime:0.0010s ]
INFO: [ view_parse ] --START--
INFO: [ template_filter ] --START--
INFO: Run Behavior\ContentReplaceBehavior [ RunTime:0.000000s ]
INFO: [ template_filter ] --END-- [ RunTime:0.000000s ]
NOTIC: [8] Undefined index: id D:\wamp\www\tpcms\Application\Runtime\Cache\Home\2a94b8bda04ff446dcedd42276fc99ee.php 第 21 行.
NOTIC: [8] Undefined index: id D:\wamp\www\tpcms\Application\Runtime\Cache\Home\2a94b8bda04ff446dcedd42276fc99ee.php 第 22 行.
NOTIC: [8] Undefined index: id D:\wamp\www\tpcms\Application\Runtime\Cache\Home\2a94b8bda04ff446dcedd42276fc99ee.php 第 22 行.
NOTIC: [8] Undefined index: id D:\wamp\www\tpcms\Application\Runtime\Cache\Home\2a94b8bda04ff446dcedd42276fc99ee.php 第 22 行.
NOTIC: [8] Undefined index: id D:\wamp\www\tpcms\Application\Runtime\Cache\Home\2a94b8bda04ff446dcedd42276fc99ee.php 第 22 行.
NOTIC: [8] Undefined index: id D:\wamp\www\tpcms\Application\Runtime\Cache\Home\2a94b8bda04ff446dcedd42276fc99ee.php 第 22 行.
INFO: Run Behavior\ParseTemplateBehavior [ RunTime:0.026002s ]
INFO: [ view_parse ] --END-- [ RunTime:0.026002s ]
INFO: [ view_filter ] --START--
INFO: Run Behavior\WriteHtmlCacheBehavior [ RunTime:0.000000s ]
INFO: [ view_filter ] --END-- [ RunTime:0.000000s ]
INFO: [ app_end ] --START--
INFO: Run Behavior\ShowPageTraceBehavior [ RunTime:0.001000s ]
INFO: [ app_end ] --END-- [ RunTime:0.001000s ]

[ 2016-11-13T21:31:17+08:00 ] 127.0.0.1 /index.php?c=index&a=build_html
INFO: [ app_init ] --START--
INFO: Run Behavior\BuildLiteBehavior [ RunTime:0.001000s ]
INFO: [ app_init ] --END-- [ RunTime:0.001000s ]
INFO: [ app_begin ] --START--
INFO: Run Behavior\ReadHtmlCacheBehavior [ RunTime:0.000000s ]
INFO: [ app_begin ] --END-- [ RunTime:0.002000s ]
NOTIC: [2048] Declaration of Common\Model\BaseModel::add() should be compatible with Think\Model::add($data = '', $options = Array, $replace = false) D:\wamp\www\tpcms\Application\Common\Model\BaseModel.class.php 第 5 行.
NOTIC: [2048] Declaration of Common\Model\BaseModel::save() should be compatible with Think\Model::save($data = '', $options = Array) D:\wamp\www\tpcms\Application\Common\Model\BaseModel.class.php 第 5 行.
SQL: SHOW COLUMNS FROM `cms_menu` [ RunTime:0.0070s ]
SQL: SELECT `menu_id`,`name` FROM `cms_menu` WHERE `status` = 1 AND `type` = 0 ORDER BY `listorder` DESC,menu_id DESC  [ RunTime:0.0000s ]
SQL: SHOW COLUMNS FROM `cms_position_content` [ RunTime:0.0070s ]
SQL: SELECT `news_id`,`title`,`thumb` FROM `cms_position_content` WHERE `position_id` = 2 AND `status` = 1 ORDER BY listorder DESC LIMIT 1   [ RunTime:0.0010s ]
SQL: SELECT `news_id`,`title`,`thumb` FROM `cms_position_content` WHERE `position_id` = 3 AND `status` = 1 ORDER BY listorder DESC LIMIT 3   [ RunTime:0.0000s ]
SQL: SHOW COLUMNS FROM `cms_news` [ RunTime:0.0070s ]
SQL: SELECT `news_id`,`title`,`thumb`,`description`,`keywords`,`create_time` FROM `cms_news` WHERE `status` = 1 AND `thumb` <> '' ORDER BY listorder DESC LIMIT 10   [ RunTime:0.0020s ]
SQL: SELECT `news_id`,`title`,`description` FROM `cms_news` WHERE `status` = 1 ORDER BY count DESC, listorder Desc LIMIT 10   [ RunTime:0.0010s ]
SQL: SELECT `news_id`,`thumb` FROM `cms_position_content` WHERE `position_id` = 5 AND `status` = 1 ORDER BY listorder DESC LIMIT 2   [ RunTime:0.0010s ]
INFO: [ view_parse ] --START--
INFO: [ template_filter ] --START--
INFO: Run Behavior\ContentReplaceBehavior [ RunTime:0.000000s ]
INFO: [ template_filter ] --END-- [ RunTime:0.000000s ]
NOTIC: [8] Undefined index: id D:\wamp\www\tpcms\Application\Runtime\Cache\Home\2a94b8bda04ff446dcedd42276fc99ee.php 第 21 行.
NOTIC: [8] Undefined index: id D:\wamp\www\tpcms\Application\Runtime\Cache\Home\2a94b8bda04ff446dcedd42276fc99ee.php 第 22 行.
NOTIC: [8] Undefined index: id D:\wamp\www\tpcms\Application\Runtime\Cache\Home\2a94b8bda04ff446dcedd42276fc99ee.php 第 22 行.
NOTIC: [8] Undefined index: id D:\wamp\www\tpcms\Application\Runtime\Cache\Home\2a94b8bda04ff446dcedd42276fc99ee.php 第 22 行.
NOTIC: [8] Undefined index: id D:\wamp\www\tpcms\Application\Runtime\Cache\Home\2a94b8bda04ff446dcedd42276fc99ee.php 第 22 行.
NOTIC: [8] Undefined index: id D:\wamp\www\tpcms\Application\Runtime\Cache\Home\2a94b8bda04ff446dcedd42276fc99ee.php 第 22 行.
INFO: Run Behavior\ParseTemplateBehavior [ RunTime:0.028002s ]
INFO: [ view_parse ] --END-- [ RunTime:0.028002s ]
INFO: [ view_filter ] --START--
INFO: Run Behavior\WriteHtmlCacheBehavior [ RunTime:0.000000s ]
INFO: [ view_filter ] --END-- [ RunTime:0.000000s ]
INFO: [ app_end ] --START--
INFO: Run Behavior\ShowPageTraceBehavior [ RunTime:0.000000s ]
INFO: [ app_end ] --END-- [ RunTime:0.000000s ]

[ 2016-11-13T21:34:04+08:00 ] 127.0.0.1 /index.php?c=index&a=build_html
INFO: [ app_init ] --START--
INFO: Run Behavior\BuildLiteBehavior [ RunTime:0.000000s ]
INFO: [ app_init ] --END-- [ RunTime:0.001000s ]
INFO: [ app_begin ] --START--
INFO: Run Behavior\ReadHtmlCacheBehavior [ RunTime:0.001000s ]
INFO: [ app_begin ] --END-- [ RunTime:0.002000s ]
NOTIC: [2048] Declaration of Common\Model\BaseModel::add() should be compatible with Think\Model::add($data = '', $options = Array, $replace = false) D:\wamp\www\tpcms\Application\Common\Model\BaseModel.class.php 第 5 行.
NOTIC: [2048] Declaration of Common\Model\BaseModel::save() should be compatible with Think\Model::save($data = '', $options = Array) D:\wamp\www\tpcms\Application\Common\Model\BaseModel.class.php 第 5 行.
SQL: SHOW COLUMNS FROM `cms_menu` [ RunTime:0.0080s ]
SQL: SELECT `menu_id`,`name` FROM `cms_menu` WHERE `status` = 1 AND `type` = 0 ORDER BY `listorder` DESC,menu_id DESC  [ RunTime:0.0010s ]
SQL: SHOW COLUMNS FROM `cms_position_content` [ RunTime:0.0070s ]
SQL: SELECT `news_id`,`title`,`thumb` FROM `cms_position_content` WHERE `position_id` = 2 AND `status` = 1 ORDER BY listorder DESC LIMIT 1   [ RunTime:0.0010s ]
SQL: SELECT `news_id`,`title`,`thumb` FROM `cms_position_content` WHERE `position_id` = 3 AND `status` = 1 ORDER BY listorder DESC LIMIT 3   [ RunTime:0.0000s ]
SQL: SHOW COLUMNS FROM `cms_news` [ RunTime:0.0080s ]
SQL: SELECT `news_id`,`title`,`thumb`,`description`,`keywords`,`create_time` FROM `cms_news` WHERE `status` = 1 AND `thumb` <> '' ORDER BY listorder DESC LIMIT 10   [ RunTime:0.0000s ]
SQL: SELECT `news_id`,`title`,`description` FROM `cms_news` WHERE `status` = 1 ORDER BY count DESC, listorder Desc LIMIT 10   [ RunTime:0.0010s ]
SQL: SELECT `news_id`,`thumb` FROM `cms_position_content` WHERE `position_id` = 5 AND `status` = 1 ORDER BY listorder DESC LIMIT 2   [ RunTime:0.0010s ]
INFO: [ view_parse ] --START--
INFO: [ template_filter ] --START--
INFO: Run Behavior\ContentReplaceBehavior [ RunTime:0.000000s ]
INFO: [ template_filter ] --END-- [ RunTime:0.001000s ]
NOTIC: [8] Undefined index: id D:\wamp\www\tpcms\Application\Runtime\Cache\Home\2a94b8bda04ff446dcedd42276fc99ee.php 第 21 行.
NOTIC: [8] Undefined index: id D:\wamp\www\tpcms\Application\Runtime\Cache\Home\2a94b8bda04ff446dcedd42276fc99ee.php 第 22 行.
NOTIC: [8] Undefined index: id D:\wamp\www\tpcms\Application\Runtime\Cache\Home\2a94b8bda04ff446dcedd42276fc99ee.php 第 22 行.
NOTIC: [8] Undefined index: id D:\wamp\www\tpcms\Application\Runtime\Cache\Home\2a94b8bda04ff446dcedd42276fc99ee.php 第 22 行.
NOTIC: [8] Undefined index: id D:\wamp\www\tpcms\Application\Runtime\Cache\Home\2a94b8bda04ff446dcedd42276fc99ee.php 第 22 行.
NOTIC: [8] Undefined index: id D:\wamp\www\tpcms\Application\Runtime\Cache\Home\2a94b8bda04ff446dcedd42276fc99ee.php 第 22 行.
INFO: Run Behavior\ParseTemplateBehavior [ RunTime:0.036002s ]
INFO: [ view_parse ] --END-- [ RunTime:0.036002s ]
INFO: [ view_filter ] --START--
INFO: Run Behavior\WriteHtmlCacheBehavior [ RunTime:0.000000s ]
INFO: [ view_filter ] --END-- [ RunTime:0.001000s ]

