[ 2017-12-07T23:21:44+08:00 ] 127.0.0.1 /
INFO: [ app_init ] --START--
INFO: Run Behavior\BuildLiteBehavior [ RunTime:0.000000s ]
INFO: [ app_init ] --END-- [ RunTime:0.002000s ]
INFO: [ app_begin ] --START--
INFO: Run Behavior\ReadHtmlCacheBehavior [ RunTime:0.001001s ]
INFO: [ app_begin ] --END-- [ RunTime:0.002001s ]
NOTIC: [2048] Declaration of Common\Model\BaseModel::add() should be compatible with Think\Model::add($data = '', $options = Array, $replace = false) D:\wamp\www\tpcms\Application\Common\Model\BaseModel.class.php 第 5 行.
NOTIC: [2048] Declaration of Common\Model\BaseModel::save() should be compatible with Think\Model::save($data = '', $options = Array) D:\wamp\www\tpcms\Application\Common\Model\BaseModel.class.php 第 5 行.
SQL: SHOW COLUMNS FROM `cms_menu` [ RunTime:0.0110s ]
SQL: SELECT `menu_id`,`name` FROM `cms_menu` WHERE `status` = 1 AND `type` = 0 ORDER BY `listorder` DESC,menu_id DESC  [ RunTime:0.0010s ]
SQL: SHOW COLUMNS FROM `cms_position_content` [ RunTime:0.0090s ]
SQL: SELECT `news_id`,`title`,`thumb` FROM `cms_position_content` WHERE `position_id` = 2 AND `status` = 1 ORDER BY listorder DESC LIMIT 1   [ RunTime:0.0000s ]
SQL: SELECT `news_id`,`title`,`thumb` FROM `cms_position_content` WHERE `position_id` = 3 AND `status` = 1 ORDER BY listorder DESC LIMIT 3   [ RunTime:0.0000s ]
SQL: SHOW COLUMNS FROM `cms_news` [ RunTime:0.0090s ]
SQL: SELECT `news_id`,`title`,`thumb`,`description`,`keywords`,`create_time` FROM `cms_news` WHERE `status` = 1 AND `thumb` <> '' ORDER BY listorder DESC LIMIT 10   [ RunTime:0.0010s ]
SQL: SELECT `news_id`,`title`,`description` FROM `cms_news` WHERE `status` = 1 ORDER BY count DESC, listorder Desc LIMIT 10   [ RunTime:0.0010s ]
SQL: SELECT `news_id`,`thumb` FROM `cms_position_content` WHERE `position_id` = 5 AND `status` = 1 ORDER BY listorder DESC LIMIT 2   [ RunTime:0.0010s ]
INFO: [ view_parse ] --START--
INFO: [ template_filter ] --START--
INFO: Run Behavior\ContentReplaceBehavior [ RunTime:0.000000s ]
INFO: [ template_filter ] --END-- [ RunTime:0.001001s ]
NOTIC: [8] Undefined index: id D:\wamp\www\tpcms\Application\Runtime\Cache\Home\2a94b8bda04ff446dcedd42276fc99ee.php 第 21 行.
NOTIC: [8] Undefined index: id D:\wamp\www\tpcms\Application\Runtime\Cache\Home\2a94b8bda04ff446dcedd42276fc99ee.php 第 22 行.
NOTIC: [8] Undefined index: id D:\wamp\www\tpcms\Application\Runtime\Cache\Home\2a94b8bda04ff446dcedd42276fc99ee.php 第 22 行.
NOTIC: [8] Undefined index: id D:\wamp\www\tpcms\Application\Runtime\Cache\Home\2a94b8bda04ff446dcedd42276fc99ee.php 第 22 行.
NOTIC: [8] Undefined index: id D:\wamp\www\tpcms\Application\Runtime\Cache\Home\2a94b8bda04ff446dcedd42276fc99ee.php 第 22 行.
NOTIC: [8] Undefined index: id D:\wamp\www\tpcms\Application\Runtime\Cache\Home\2a94b8bda04ff446dcedd42276fc99ee.php 第 22 行.
INFO: Run Behavior\ParseTemplateBehavior [ RunTime:0.046003s ]
INFO: [ view_parse ] --END-- [ RunTime:0.046003s ]
INFO: [ view_filter ] --START--
INFO: Run Behavior\WriteHtmlCacheBehavior [ RunTime:0.001000s ]
INFO: [ view_filter ] --END-- [ RunTime:0.001000s ]
INFO: [ app_end ] --START--
INFO: Run Behavior\ShowPageTraceBehavior [ RunTime:0.001000s ]
INFO: [ app_end ] --END-- [ RunTime:0.001000s ]

[ 2017-12-07T23:21:57+08:00 ] 127.0.0.1 /?c=Index&a=detail&id=23
INFO: [ app_init ] --START--
INFO: Run Behavior\BuildLiteBehavior [ RunTime:0.001000s ]
INFO: [ app_init ] --END-- [ RunTime:0.002000s ]
INFO: [ app_begin ] --START--
INFO: Run Behavior\ReadHtmlCacheBehavior [ RunTime:0.003001s ]
INFO: [ app_begin ] --END-- [ RunTime:0.003001s ]
NOTIC: [2048] Declaration of Common\Model\BaseModel::add() should be compatible with Think\Model::add($data = '', $options = Array, $replace = false) D:\wamp\www\tpcms\Application\Common\Model\BaseModel.class.php 第 5 行.
NOTIC: [2048] Declaration of Common\Model\BaseModel::save() should be compatible with Think\Model::save($data = '', $options = Array) D:\wamp\www\tpcms\Application\Common\Model\BaseModel.class.php 第 5 行.
SQL: SHOW COLUMNS FROM `cms_menu` [ RunTime:0.0240s ]
SQL: SELECT `menu_id`,`name` FROM `cms_menu` WHERE `status` = 1 AND `type` = 0 ORDER BY `listorder` DESC,menu_id DESC  [ RunTime:0.0010s ]
SQL: SHOW COLUMNS FROM `cms_news` [ RunTime:0.0150s ]
SQL: SELECT `title` FROM `cms_news` WHERE `news_id` = 23 LIMIT 1   [ RunTime:0.0010s ]
SQL: SHOW COLUMNS FROM `cms_news_content` [ RunTime:0.0160s ]
SQL: SELECT `content` FROM `cms_news_content` WHERE `news_id` = 23 LIMIT 1   [ RunTime:0.0080s ]
SQL: UPDATE `cms_news` SET `count`=count+1 WHERE `news_id` = 23 [ RunTime:0.0080s ]
SQL: SELECT `news_id`,`title`,`description` FROM `cms_news` WHERE `status` = 1 ORDER BY count DESC, listorder Desc LIMIT 10   [ RunTime:0.0010s ]
SQL: SHOW COLUMNS FROM `cms_position_content` [ RunTime:0.0100s ]
SQL: SELECT `news_id`,`thumb` FROM `cms_position_content` WHERE `position_id` = 5 AND `status` = 1 ORDER BY listorder DESC LIMIT 2   [ RunTime:0.0000s ]
INFO: [ view_parse ] --START--
INFO: [ template_filter ] --START--
INFO: Run Behavior\ContentReplaceBehavior [ RunTime:0.000000s ]
INFO: [ template_filter ] --END-- [ RunTime:0.000000s ]
INFO: Run Behavior\ParseTemplateBehavior [ RunTime:0.024002s ]
INFO: [ view_parse ] --END-- [ RunTime:0.024002s ]
INFO: [ view_filter ] --START--
INFO: Run Behavior\WriteHtmlCacheBehavior [ RunTime:0.001000s ]
INFO: [ view_filter ] --END-- [ RunTime:0.002000s ]
INFO: [ app_end ] --START--
INFO: Run Behavior\ShowPageTraceBehavior [ RunTime:0.001000s ]
INFO: [ app_end ] --END-- [ RunTime:0.001000s ]

[ 2017-12-07T23:22:07+08:00 ] 127.0.0.1 /?c=Index&a=catlist&id=3
INFO: [ app_init ] --START--
INFO: Run Behavior\BuildLiteBehavior [ RunTime:0.000000s ]
INFO: [ app_init ] --END-- [ RunTime:0.001001s ]
INFO: [ app_begin ] --START--
INFO: Run Behavior\ReadHtmlCacheBehavior [ RunTime:0.001000s ]
INFO: [ app_begin ] --END-- [ RunTime:0.001000s ]
NOTIC: [2048] Declaration of Common\Model\BaseModel::add() should be compatible with Think\Model::add($data = '', $options = Array, $replace = false) D:\wamp\www\tpcms\Application\Common\Model\BaseModel.class.php 第 5 行.
NOTIC: [2048] Declaration of Common\Model\BaseModel::save() should be compatible with Think\Model::save($data = '', $options = Array) D:\wamp\www\tpcms\Application\Common\Model\BaseModel.class.php 第 5 行.
SQL: SHOW COLUMNS FROM `cms_menu` [ RunTime:0.0100s ]
SQL: SELECT `menu_id`,`name` FROM `cms_menu` WHERE `status` = 1 AND `type` = 0 ORDER BY `listorder` DESC,menu_id DESC  [ RunTime:0.0000s ]
SQL: SHOW COLUMNS FROM `cms_news` [ RunTime:0.0100s ]
SQL: SELECT COUNT(*) AS tp_count FROM `cms_news` WHERE `status` = 1 AND `catid` = 3 AND `thumb` <> '' LIMIT 1   [ RunTime:0.0420s ]
SQL: SELECT `news_id`,`title`,`thumb`,`description`,`keywords`,`create_time` FROM `cms_news` WHERE `status` = 1 AND `catid` = 3 AND `thumb` <> '' ORDER BY listorder DESC LIMIT 0,10   [ RunTime:0.0010s ]
SQL: SELECT `news_id`,`title`,`description` FROM `cms_news` WHERE `status` = 1 ORDER BY count DESC, listorder Desc LIMIT 10   [ RunTime:0.0010s ]
SQL: SHOW COLUMNS FROM `cms_position_content` [ RunTime:0.0090s ]
SQL: SELECT `news_id`,`thumb` FROM `cms_position_content` WHERE `position_id` = 5 AND `status` = 1 ORDER BY listorder DESC LIMIT 2   [ RunTime:0.0010s ]
INFO: [ view_parse ] --START--
INFO: [ template_filter ] --START--
INFO: Run Behavior\ContentReplaceBehavior [ RunTime:0.000000s ]
INFO: [ template_filter ] --END-- [ RunTime:0.001000s ]
INFO: Run Behavior\ParseTemplateBehavior [ RunTime:0.033001s ]
INFO: [ view_parse ] --END-- [ RunTime:0.033001s ]
INFO: [ view_filter ] --START--
INFO: Run Behavior\WriteHtmlCacheBehavior [ RunTime:0.001000s ]
INFO: [ view_filter ] --END-- [ RunTime:0.001000s ]
INFO: [ app_end ] --START--
INFO: Run Behavior\ShowPageTraceBehavior [ RunTime:0.001001s ]
INFO: [ app_end ] --END-- [ RunTime:0.001001s ]

[ 2017-12-07T23:22:08+08:00 ] 127.0.0.1 /?c=Index&a=catlist&id=12
INFO: [ app_init ] --START--
INFO: Run Behavior\BuildLiteBehavior [ RunTime:0.000000s ]
INFO: [ app_init ] --END-- [ RunTime:0.001000s ]
INFO: [ app_begin ] --START--
INFO: Run Behavior\ReadHtmlCacheBehavior [ RunTime:0.001000s ]
INFO: [ app_begin ] --END-- [ RunTime:0.001000s ]
NOTIC: [2048] Declaration of Common\Model\BaseModel::add() should be compatible with Think\Model::add($data = '', $options = Array, $replace = false) D:\wamp\www\tpcms\Application\Common\Model\BaseModel.class.php 第 5 行.
NOTIC: [2048] Declaration of Common\Model\BaseModel::save() should be compatible with Think\Model::save($data = '', $options = Array) D:\wamp\www\tpcms\Application\Common\Model\BaseModel.class.php 第 5 行.
SQL: SHOW COLUMNS FROM `cms_menu` [ RunTime:0.0120s ]
SQL: SELECT `menu_id`,`name` FROM `cms_menu` WHERE `status` = 1 AND `type` = 0 ORDER BY `listorder` DESC,menu_id DESC  [ RunTime:0.0020s ]
SQL: SHOW COLUMNS FROM `cms_news` [ RunTime:0.0100s ]
SQL: SELECT COUNT(*) AS tp_count FROM `cms_news` WHERE `status` = 1 AND `catid` = 12 AND `thumb` <> '' LIMIT 1   [ RunTime:0.0010s ]
SQL: SELECT `news_id`,`title`,`thumb`,`description`,`keywords`,`create_time` FROM `cms_news` WHERE `status` = 1 AND `catid` = 12 AND `thumb` <> '' ORDER BY listorder DESC LIMIT 0,10   [ RunTime:0.0020s ]
SQL: SELECT `news_id`,`title`,`description` FROM `cms_news` WHERE `status` = 1 ORDER BY count DESC, listorder Desc LIMIT 10   [ RunTime:0.0010s ]
SQL: SHOW COLUMNS FROM `cms_position_content` [ RunTime:0.0110s ]
SQL: SELECT `news_id`,`thumb` FROM `cms_position_content` WHERE `position_id` = 5 AND `status` = 1 ORDER BY listorder DESC LIMIT 2   [ RunTime:0.0010s ]
INFO: [ view_parse ] --START--
INFO: [ template_filter ] --START--
INFO: Run Behavior\ContentReplaceBehavior [ RunTime:0.000000s ]
INFO: [ template_filter ] --END-- [ RunTime:0.000000s ]
INFO: Run Behavior\ParseTemplateBehavior [ RunTime:0.025001s ]
INFO: [ view_parse ] --END-- [ RunTime:0.025001s ]
INFO: [ view_filter ] --START--
INFO: Run Behavior\WriteHtmlCacheBehavior [ RunTime:0.001000s ]
INFO: [ view_filter ] --END-- [ RunTime:0.001000s ]
INFO: [ app_end ] --START--
INFO: Run Behavior\ShowPageTraceBehavior [ RunTime:0.001000s ]
INFO: [ app_end ] --END-- [ RunTime:0.001000s ]

[ 2017-12-07T23:22:09+08:00 ] 127.0.0.1 /
INFO: [ app_init ] --START--
INFO: Run Behavior\BuildLiteBehavior [ RunTime:0.000000s ]
INFO: [ app_init ] --END-- [ RunTime:0.001000s ]
INFO: [ app_begin ] --START--
INFO: Run Behavior\ReadHtmlCacheBehavior [ RunTime:0.001000s ]
INFO: [ app_begin ] --END-- [ RunTime:0.001000s ]
NOTIC: [2048] Declaration of Common\Model\BaseModel::add() should be compatible with Think\Model::add($data = '', $options = Array, $replace = false) D:\wamp\www\tpcms\Application\Common\Model\BaseModel.class.php 第 5 行.
NOTIC: [2048] Declaration of Common\Model\BaseModel::save() should be compatible with Think\Model::save($data = '', $options = Array) D:\wamp\www\tpcms\Application\Common\Model\BaseModel.class.php 第 5 行.
SQL: SHOW COLUMNS FROM `cms_menu` [ RunTime:0.0090s ]
SQL: SELECT `menu_id`,`name` FROM `cms_menu` WHERE `status` = 1 AND `type` = 0 ORDER BY `listorder` DESC,menu_id DESC  [ RunTime:0.0010s ]
SQL: SHOW COLUMNS FROM `cms_position_content` [ RunTime:0.0090s ]
SQL: SELECT `news_id`,`title`,`thumb` FROM `cms_position_content` WHERE `position_id` = 2 AND `status` = 1 ORDER BY listorder DESC LIMIT 1   [ RunTime:0.0010s ]
SQL: SELECT `news_id`,`title`,`thumb` FROM `cms_position_content` WHERE `position_id` = 3 AND `status` = 1 ORDER BY listorder DESC LIMIT 3   [ RunTime:0.0020s ]
SQL: SHOW COLUMNS FROM `cms_news` [ RunTime:0.0090s ]
SQL: SELECT `news_id`,`title`,`thumb`,`description`,`keywords`,`create_time` FROM `cms_news` WHERE `status` = 1 AND `thumb` <> '' ORDER BY listorder DESC LIMIT 10   [ RunTime:0.0010s ]
SQL: SELECT `news_id`,`title`,`description` FROM `cms_news` WHERE `status` = 1 ORDER BY count DESC, listorder Desc LIMIT 10   [ RunTime:0.0000s ]
SQL: SELECT `news_id`,`thumb` FROM `cms_position_content` WHERE `position_id` = 5 AND `status` = 1 ORDER BY listorder DESC LIMIT 2   [ RunTime:0.0010s ]
INFO: [ view_parse ] --START--
INFO: [ template_filter ] --START--
INFO: Run Behavior\ContentReplaceBehavior [ RunTime:0.000000s ]
INFO: [ template_filter ] --END-- [ RunTime:0.000000s ]
NOTIC: [8] Undefined index: id D:\wamp\www\tpcms\Application\Runtime\Cache\Home\2a94b8bda04ff446dcedd42276fc99ee.php 第 21 行.
NOTIC: [8] Undefined index: id D:\wamp\www\tpcms\Application\Runtime\Cache\Home\2a94b8bda04ff446dcedd42276fc99ee.php 第 22 行.
NOTIC: [8] Undefined index: id D:\wamp\www\tpcms\Application\Runtime\Cache\Home\2a94b8bda04ff446dcedd42276fc99ee.php 第 22 行.
NOTIC: [8] Undefined index: id D:\wamp\www\tpcms\Application\Runtime\Cache\Home\2a94b8bda04ff446dcedd42276fc99ee.php 第 22 行.
NOTIC: [8] Undefined index: id D:\wamp\www\tpcms\Application\Runtime\Cache\Home\2a94b8bda04ff446dcedd42276fc99ee.php 第 22 行.
NOTIC: [8] Undefined index: id D:\wamp\www\tpcms\Application\Runtime\Cache\Home\2a94b8bda04ff446dcedd42276fc99ee.php 第 22 行.
INFO: Run Behavior\ParseTemplateBehavior [ RunTime:0.029001s ]
INFO: [ view_parse ] --END-- [ RunTime:0.030001s ]
INFO: [ view_filter ] --START--
INFO: Run Behavior\WriteHtmlCacheBehavior [ RunTime:0.000000s ]
INFO: [ view_filter ] --END-- [ RunTime:0.000000s ]
INFO: [ app_end ] --START--
INFO: Run Behavior\ShowPageTraceBehavior [ RunTime:0.000000s ]
INFO: [ app_end ] --END-- [ RunTime:0.001000s ]

[ 2017-12-07T23:25:27+08:00 ] 127.0.0.1 /
INFO: [ app_init ] --START--
INFO: Run Behavior\BuildLiteBehavior [ RunTime:0.000000s ]
INFO: [ app_init ] --END-- [ RunTime:0.001000s ]
INFO: [ app_begin ] --START--
INFO: Run Behavior\ReadHtmlCacheBehavior [ RunTime:0.015001s ]
INFO: [ app_begin ] --END-- [ RunTime:0.016001s ]
NOTIC: [2048] Declaration of Common\Model\BaseModel::add() should be compatible with Think\Model::add($data = '', $options = Array, $replace = false) D:\wamp\www\tpcms\Application\Common\Model\BaseModel.class.php 第 5 行.
NOTIC: [2048] Declaration of Common\Model\BaseModel::save() should be compatible with Think\Model::save($data = '', $options = Array) D:\wamp\www\tpcms\Application\Common\Model\BaseModel.class.php 第 5 行.
SQL: SHOW COLUMNS FROM `cms_menu` [ RunTime:0.0600s ]
SQL: SELECT `menu_id`,`name` FROM `cms_menu` WHERE `status` = 1 AND `type` = 0 ORDER BY `listorder` DESC,menu_id DESC  [ RunTime:0.0010s ]
SQL: SHOW COLUMNS FROM `cms_position_content` [ RunTime:0.0430s ]
SQL: SELECT `news_id`,`title`,`thumb` FROM `cms_position_content` WHERE `position_id` = 2 AND `status` = 1 ORDER BY listorder DESC LIMIT 1   [ RunTime:0.0010s ]
SQL: SELECT `news_id`,`title`,`thumb` FROM `cms_position_content` WHERE `position_id` = 3 AND `status` = 1 ORDER BY listorder DESC LIMIT 3   [ RunTime:0.0020s ]
SQL: SHOW COLUMNS FROM `cms_news` [ RunTime:0.0330s ]
SQL: SELECT `news_id`,`title`,`thumb`,`description`,`keywords`,`create_time` FROM `cms_news` WHERE `status` = 1 AND `thumb` <> '' ORDER BY listorder DESC LIMIT 10   [ RunTime:0.0010s ]
SQL: SELECT `news_id`,`title`,`description` FROM `cms_news` WHERE `status` = 1 ORDER BY count DESC, listorder Desc LIMIT 10   [ RunTime:0.0010s ]
SQL: SELECT `news_id`,`thumb` FROM `cms_position_content` WHERE `position_id` = 5 AND `status` = 1 ORDER BY listorder DESC LIMIT 2   [ RunTime:0.0010s ]
INFO: [ view_parse ] --START--
INFO: [ template_filter ] --START--
INFO: Run Behavior\ContentReplaceBehavior [ RunTime:0.000000s ]
INFO: [ template_filter ] --END-- [ RunTime:0.001000s ]
NOTIC: [8] Undefined index: id D:\wamp\www\tpcms\Application\Runtime\Cache\Home\2a94b8bda04ff446dcedd42276fc99ee.php 第 21 行.
NOTIC: [8] Undefined index: id D:\wamp\www\tpcms\Application\Runtime\Cache\Home\2a94b8bda04ff446dcedd42276fc99ee.php 第 22 行.
NOTIC: [8] Undefined index: id D:\wamp\www\tpcms\Application\Runtime\Cache\Home\2a94b8bda04ff446dcedd42276fc99ee.php 第 22 行.
NOTIC: [8] Undefined index: id D:\wamp\www\tpcms\Application\Runtime\Cache\Home\2a94b8bda04ff446dcedd42276fc99ee.php 第 22 行.
NOTIC: [8] Undefined index: id D:\wamp\www\tpcms\Application\Runtime\Cache\Home\2a94b8bda04ff446dcedd42276fc99ee.php 第 22 行.
NOTIC: [8] Undefined index: id D:\wamp\www\tpcms\Application\Runtime\Cache\Home\2a94b8bda04ff446dcedd42276fc99ee.php 第 22 行.
INFO: Run Behavior\ParseTemplateBehavior [ RunTime:0.128008s ]
INFO: [ view_parse ] --END-- [ RunTime:0.128008s ]
INFO: [ view_filter ] --START--
INFO: Run Behavior\WriteHtmlCacheBehavior [ RunTime:0.170009s ]
INFO: [ view_filter ] --END-- [ RunTime:0.170009s ]
INFO: [ app_end ] --START--
INFO: Run Behavior\ShowPageTraceBehavior [ RunTime:0.002001s ]
INFO: [ app_end ] --END-- [ RunTime:0.003001s ]

