[ 2017-12-09T10:40:24+08:00 ] 127.0.0.1 /
INFO: [ app_init ] --START--
INFO: Run Behavior\BuildLiteBehavior [ RunTime:0.000031s ]
INFO: [ app_init ] --END-- [ RunTime:0.000383s ]
INFO: [ app_begin ] --START--
INFO: Run Behavior\ReadHtmlCacheBehavior [ RunTime:0.000657s ]
INFO: [ app_begin ] --END-- [ RunTime:0.000804s ]
NOTIC: [2048] Declaration of Common\Model\BaseModel::add() should be compatible with Think\Model::add($data = '', $options = Array, $replace = false) /Users/niushiyao/www/tpcms/workspace/Application/Common/Model/BaseModel.class.php 第 5 行.
NOTIC: [2048] Declaration of Common\Model\BaseModel::save() should be compatible with Think\Model::save($data = '', $options = Array) /Users/niushiyao/www/tpcms/workspace/Application/Common/Model/BaseModel.class.php 第 5 行.
SQL: SHOW COLUMNS FROM `cms_menu` [ RunTime:0.0068s ]
SQL: SELECT `menu_id`,`name` FROM `cms_menu` WHERE `status` = 1 AND `type` = 0 ORDER BY `listorder` DESC,menu_id DESC  [ RunTime:0.0003s ]
SQL: SHOW COLUMNS FROM `cms_position_content` [ RunTime:0.0027s ]
SQL: SELECT `news_id`,`title`,`thumb` FROM `cms_position_content` WHERE `position_id` = 2 AND `status` = 1 ORDER BY listorder DESC LIMIT 1   [ RunTime:0.0016s ]
SQL: SELECT `news_id`,`title`,`thumb` FROM `cms_position_content` WHERE `position_id` = 3 AND `status` = 1 ORDER BY listorder DESC LIMIT 3   [ RunTime:0.0003s ]
SQL: SHOW COLUMNS FROM `cms_news` [ RunTime:0.0025s ]
SQL: SELECT `news_id`,`title`,`thumb`,`description`,`keywords`,`create_time` FROM `cms_news` WHERE `status` = 1 AND `thumb` <> '' ORDER BY listorder DESC LIMIT 10   [ RunTime:0.0004s ]
SQL: SELECT `news_id`,`title`,`description` FROM `cms_news` WHERE `status` = 1 ORDER BY count DESC, listorder Desc LIMIT 10   [ RunTime:0.0003s ]
SQL: SELECT `news_id`,`thumb` FROM `cms_position_content` WHERE `position_id` = 5 AND `status` = 1 ORDER BY listorder DESC LIMIT 2   [ RunTime:0.0002s ]
INFO: [ view_parse ] --START--
INFO: [ template_filter ] --START--
INFO: Run Behavior\ContentReplaceBehavior [ RunTime:0.000255s ]
INFO: [ template_filter ] --END-- [ RunTime:0.000685s ]
NOTIC: [8] Undefined index: id /Users/niushiyao/www/tpcms/workspace/Application/Runtime/Cache/Home/2a94b8bda04ff446dcedd42276fc99ee.php 第 21 行.
NOTIC: [8] Undefined index: id /Users/niushiyao/www/tpcms/workspace/Application/Runtime/Cache/Home/2a94b8bda04ff446dcedd42276fc99ee.php 第 22 行.
NOTIC: [8] Undefined index: id /Users/niushiyao/www/tpcms/workspace/Application/Runtime/Cache/Home/2a94b8bda04ff446dcedd42276fc99ee.php 第 22 行.
NOTIC: [8] Undefined index: id /Users/niushiyao/www/tpcms/workspace/Application/Runtime/Cache/Home/2a94b8bda04ff446dcedd42276fc99ee.php 第 22 行.
INFO: Run Behavior\ParseTemplateBehavior [ RunTime:0.018973s ]
INFO: [ view_parse ] --END-- [ RunTime:0.019082s ]
INFO: [ view_filter ] --START--
INFO: Run Behavior\WriteHtmlCacheBehavior [ RunTime:0.000377s ]
INFO: [ view_filter ] --END-- [ RunTime:0.000474s ]
INFO: [ app_end ] --START--
INFO: Run Behavior\ShowPageTraceBehavior [ RunTime:0.000504s ]
INFO: [ app_end ] --END-- [ RunTime:0.000576s ]

[ 2017-12-09T11:32:22+08:00 ] 127.0.0.1 /
INFO: [ app_init ] --START--
INFO: Run Behavior\BuildLiteBehavior [ RunTime:0.001000s ]
INFO: [ app_init ] --END-- [ RunTime:0.001461s ]
INFO: [ app_begin ] --START--
INFO: Run Behavior\ReadHtmlCacheBehavior [ RunTime:0.000837s ]
INFO: [ app_begin ] --END-- [ RunTime:0.001105s ]
NOTIC: [2048] Declaration of Common\Model\BaseModel::add() should be compatible with Think\Model::add($data = '', $options = Array, $replace = false) /Users/niushiyao/www/tpcms/workspace/Application/Common/Model/BaseModel.class.php 第 5 行.
NOTIC: [2048] Declaration of Common\Model\BaseModel::save() should be compatible with Think\Model::save($data = '', $options = Array) /Users/niushiyao/www/tpcms/workspace/Application/Common/Model/BaseModel.class.php 第 5 行.
SQL: SHOW COLUMNS FROM `cms_menu` [ RunTime:0.0025s ]
SQL: SELECT `menu_id`,`name` FROM `cms_menu` WHERE `status` = 1 AND `type` = 0 ORDER BY `listorder` DESC,menu_id DESC  [ RunTime:0.0003s ]
SQL: SHOW COLUMNS FROM `cms_position_content` [ RunTime:0.0021s ]
SQL: SELECT `news_id`,`title`,`thumb` FROM `cms_position_content` WHERE `position_id` = 2 AND `status` = 1 ORDER BY listorder DESC LIMIT 1   [ RunTime:0.0014s ]
SQL: SELECT `news_id`,`title`,`thumb` FROM `cms_position_content` WHERE `position_id` = 3 AND `status` = 1 ORDER BY listorder DESC LIMIT 3   [ RunTime:0.0006s ]
SQL: SHOW COLUMNS FROM `cms_news` [ RunTime:0.0026s ]
SQL: SELECT `news_id`,`title`,`thumb`,`description`,`keywords`,`create_time` FROM `cms_news` WHERE `status` = 1 AND `thumb` <> '' ORDER BY listorder DESC LIMIT 10   [ RunTime:0.0004s ]
SQL: SELECT `news_id`,`title`,`description` FROM `cms_news` WHERE `status` = 1 ORDER BY count DESC, listorder Desc LIMIT 10   [ RunTime:0.0004s ]
SQL: SELECT `news_id`,`thumb` FROM `cms_position_content` WHERE `position_id` = 5 AND `status` = 1 ORDER BY listorder DESC LIMIT 2   [ RunTime:0.0003s ]
INFO: [ view_parse ] --START--
INFO: [ template_filter ] --START--
INFO: Run Behavior\ContentReplaceBehavior [ RunTime:0.000050s ]
INFO: [ template_filter ] --END-- [ RunTime:0.000148s ]
NOTIC: [8] Undefined index: id /Users/niushiyao/www/tpcms/workspace/Application/Runtime/Cache/Home/2a94b8bda04ff446dcedd42276fc99ee.php 第 21 行.
NOTIC: [8] Undefined index: id /Users/niushiyao/www/tpcms/workspace/Application/Runtime/Cache/Home/2a94b8bda04ff446dcedd42276fc99ee.php 第 22 行.
NOTIC: [8] Undefined index: id /Users/niushiyao/www/tpcms/workspace/Application/Runtime/Cache/Home/2a94b8bda04ff446dcedd42276fc99ee.php 第 22 行.
NOTIC: [8] Undefined index: id /Users/niushiyao/www/tpcms/workspace/Application/Runtime/Cache/Home/2a94b8bda04ff446dcedd42276fc99ee.php 第 22 行.
INFO: Run Behavior\ParseTemplateBehavior [ RunTime:0.026954s ]
INFO: [ view_parse ] --END-- [ RunTime:0.027047s ]
INFO: [ view_filter ] --START--
INFO: Run Behavior\WriteHtmlCacheBehavior [ RunTime:0.000184s ]
INFO: [ view_filter ] --END-- [ RunTime:0.000300s ]
INFO: [ app_end ] --START--
INFO: Run Behavior\ShowPageTraceBehavior [ RunTime:0.000606s ]
INFO: [ app_end ] --END-- [ RunTime:0.000774s ]

[ 2017-12-09T11:47:05+08:00 ] 127.0.0.1 /
INFO: [ app_init ] --START--
INFO: Run Behavior\BuildLiteBehavior [ RunTime:0.000028s ]
INFO: [ app_init ] --END-- [ RunTime:0.000729s ]
INFO: [ app_begin ] --START--
INFO: Run Behavior\ReadHtmlCacheBehavior [ RunTime:0.001664s ]
INFO: [ app_begin ] --END-- [ RunTime:0.001819s ]
NOTIC: [2048] Declaration of Common\Model\BaseModel::add() should be compatible with Think\Model::add($data = '', $options = Array, $replace = false) /Users/niushiyao/www/tpcms/workspace/Application/Common/Model/BaseModel.class.php 第 5 行.
NOTIC: [2048] Declaration of Common\Model\BaseModel::save() should be compatible with Think\Model::save($data = '', $options = Array) /Users/niushiyao/www/tpcms/workspace/Application/Common/Model/BaseModel.class.php 第 5 行.
SQL: SHOW COLUMNS FROM `cms_menu` [ RunTime:0.0023s ]
SQL: SELECT `menu_id`,`name` FROM `cms_menu` WHERE `status` = 1 AND `type` = 0 ORDER BY `listorder` DESC,menu_id DESC  [ RunTime:0.0018s ]
SQL: SHOW COLUMNS FROM `cms_position_content` [ RunTime:0.0021s ]
SQL: SELECT `news_id`,`title`,`thumb` FROM `cms_position_content` WHERE `position_id` = 2 AND `status` = 1 ORDER BY listorder DESC LIMIT 1   [ RunTime:0.0012s ]
SQL: SELECT `news_id`,`title`,`thumb` FROM `cms_position_content` WHERE `position_id` = 3 AND `status` = 1 ORDER BY listorder DESC LIMIT 3   [ RunTime:0.0003s ]
SQL: SHOW COLUMNS FROM `cms_news` [ RunTime:0.0050s ]
SQL: SELECT `news_id`,`title`,`thumb`,`description`,`keywords`,`create_time` FROM `cms_news` WHERE `status` = 1 AND `thumb` <> '' ORDER BY listorder DESC LIMIT 10   [ RunTime:0.0014s ]
SQL: SELECT `news_id`,`title`,`description` FROM `cms_news` WHERE `status` = 1 ORDER BY count DESC, listorder Desc LIMIT 10   [ RunTime:0.0003s ]
SQL: SELECT `news_id`,`thumb` FROM `cms_position_content` WHERE `position_id` = 5 AND `status` = 1 ORDER BY listorder DESC LIMIT 2   [ RunTime:0.0002s ]
INFO: [ view_parse ] --START--
INFO: [ template_filter ] --START--
INFO: Run Behavior\ContentReplaceBehavior [ RunTime:0.000077s ]
INFO: [ template_filter ] --END-- [ RunTime:0.000166s ]
NOTIC: [8] Undefined index: id /Users/niushiyao/www/tpcms/workspace/Application/Runtime/Cache/Home/2a94b8bda04ff446dcedd42276fc99ee.php 第 21 行.
NOTIC: [8] Undefined index: id /Users/niushiyao/www/tpcms/workspace/Application/Runtime/Cache/Home/2a94b8bda04ff446dcedd42276fc99ee.php 第 22 行.
NOTIC: [8] Undefined index: id /Users/niushiyao/www/tpcms/workspace/Application/Runtime/Cache/Home/2a94b8bda04ff446dcedd42276fc99ee.php 第 22 行.
NOTIC: [8] Undefined index: id /Users/niushiyao/www/tpcms/workspace/Application/Runtime/Cache/Home/2a94b8bda04ff446dcedd42276fc99ee.php 第 22 行.
INFO: Run Behavior\ParseTemplateBehavior [ RunTime:0.026424s ]
INFO: [ view_parse ] --END-- [ RunTime:0.026865s ]
INFO: [ view_filter ] --START--
INFO: Run Behavior\WriteHtmlCacheBehavior [ RunTime:0.001794s ]
INFO: [ view_filter ] --END-- [ RunTime:0.001976s ]
INFO: [ app_end ] --START--
INFO: Run Behavior\ShowPageTraceBehavior [ RunTime:0.001617s ]
INFO: [ app_end ] --END-- [ RunTime:0.001744s ]

